[0.008s] Invoking command in '/home/hsm/ros2_ws/build/realsense2_camera': AMENT_PREFIX_PATH=/home/hsm/ros2_ws/install/realsense2_camera_msgs:${AMENT_PREFIX_PATH} CMAKE_PREFIX_PATH=/home/hsm/ros2_ws/install/realsense2_camera_msgs:/home/hsm/rplidar/install/rplidar_ros:/opt/ros/humble LD_LIBRARY_PATH=/home/hsm/ros2_ws/install/realsense2_camera_msgs/lib:${LD_LIBRARY_PATH} PYTHONPATH=/home/hsm/ros2_ws/install/realsense2_camera_msgs/local/lib/python3.10/dist-packages:${PYTHONPATH} /usr/bin/cmake /home/hsm/ros2_ws/src/realsense-ros/realsense2_camera -DCMAKE_INSTALL_PREFIX=/home/hsm/ros2_ws/install/realsense2_camera
[0.016s] -- Create Release Build.
[0.016s] -- Found ament_cmake: 1.3.3 (/opt/ros/humble/share/ament_cmake/cmake)
[0.100s] -- Found builtin_interfaces: 1.2.1 (/opt/ros/humble/share/builtin_interfaces/cmake)
[0.114s] -- Found rosidl_generator_c: 3.1.4 (/opt/ros/humble/share/rosidl_generator_c/cmake)
[0.115s] -- Found rosidl_adapter: 3.1.4 (/opt/ros/humble/share/rosidl_adapter/cmake)
[0.119s] -- Found rosidl_generator_cpp: 3.1.4 (/opt/ros/humble/share/rosidl_generator_cpp/cmake)
[0.125s] -- Using all available rosidl_typesupport_c: rosidl_typesupport_fastrtps_c;rosidl_typesupport_introspection_c
[0.134s] -- Using all available rosidl_typesupport_cpp: rosidl_typesupport_fastrtps_cpp;rosidl_typesupport_introspection_cpp
[0.142s] -- Found cv_bridge: 3.2.1 (/opt/ros/humble/share/cv_bridge/cmake)
[0.265s] -- Found image_transport: 3.1.5 (/opt/ros/humble/share/image_transport/cmake)
[0.295s] -- Found rmw_implementation_cmake: 6.1.1 (/opt/ros/humble/share/rmw_implementation_cmake/cmake)
[0.296s] -- Found rmw_fastrtps_cpp: 6.2.2 (/opt/ros/humble/share/rmw_fastrtps_cpp/cmake)
[0.373s] -- Using RMW implementation 'rmw_fastrtps_cpp' as default
[0.478s] -- Found rclcpp_components: 16.0.3 (/opt/ros/humble/share/rclcpp_components/cmake)
[0.511s] -- Found realsense2_camera_msgs: 4.51.1 (/home/hsm/ros2_ws/install/realsense2_camera_msgs/share/realsense2_camera_msgs/cmake)
[0.544s] -- Found nav_msgs: 4.2.3 (/opt/ros/humble/share/nav_msgs/cmake)
[0.593s] -- Found tf2_ros: 0.25.2 (/opt/ros/humble/share/tf2_ros/cmake)
[0.747s] -- Found diagnostic_updater: 3.0.0 (/opt/ros/humble/share/diagnostic_updater/cmake)
[0.792s] [33mCMake Warning at CMakeLists.txt:119 (find_package):
[0.792s]   By not providing "Findrealsense2.cmake" in CMAKE_MODULE_PATH this project
[0.792s]   has asked CMake to find a package configuration file provided by
[0.792s]   "realsense2", but CMake did not find one.
[0.792s] 
[0.792s]   Could not find a package configuration file provided by "realsense2"
[0.792s]   (requested version 2.51.1) with any of the following names:
[0.792s] 
[0.792s]     realsense2Config.cmake
[0.792s]     realsense2-config.cmake
[0.793s] 
[0.793s]   Add the installation prefix of "realsense2" to CMAKE_PREFIX_PATH or set
[0.793s]   "realsense2_DIR" to a directory containing one of the above files.  If
[0.793s]   "realsense2" provides a separate development package or SDK, be sure it has
[0.793s]   been installed.
[0.793s] 
[0.793s] [0m
[0.793s] [31mCMake Error at CMakeLists.txt:121 (message):
[0.793s]   
[0.793s] 
[0.793s]   
[0.793s] 
[0.793s]    Intel RealSense SDK 2.0 is missing, please install it from https://github.com/IntelRealSense/librealsense/releases
[0.793s] 
[0.793s]   
[0.793s] 
[0.793s] 
[0.793s] [0m
[0.794s] -- Configuring incomplete, errors occurred!
[0.794s] See also "/home/hsm/ros2_ws/build/realsense2_camera/CMakeFiles/CMakeOutput.log".
[0.798s] Invoked command in '/home/hsm/ros2_ws/build/realsense2_camera' returned '1': AMENT_PREFIX_PATH=/home/hsm/ros2_ws/install/realsense2_camera_msgs:${AMENT_PREFIX_PATH} CMAKE_PREFIX_PATH=/home/hsm/ros2_ws/install/realsense2_camera_msgs:/home/hsm/rplidar/install/rplidar_ros:/opt/ros/humble LD_LIBRARY_PATH=/home/hsm/ros2_ws/install/realsense2_camera_msgs/lib:${LD_LIBRARY_PATH} PYTHONPATH=/home/hsm/ros2_ws/install/realsense2_camera_msgs/local/lib/python3.10/dist-packages:${PYTHONPATH} /usr/bin/cmake /home/hsm/ros2_ws/src/realsense-ros/realsense2_camera -DCMAKE_INSTALL_PREFIX=/home/hsm/ros2_ws/install/realsense2_camera
