[0.172s] DEBUG:colcon:Command line arguments: ['/usr/bin/colcon', 'build']
[0.172s] DEBUG:colcon:Parsed command line arguments: Namespace(log_base=None, log_level=None, verb_name='build', build_base='build', install_base='install', merge_install=False, symlink_install=False, test_result_base=None, continue_on_error=False, executor='parallel', parallel_workers=16, event_handlers=None, ignore_user_meta=False, metas=['./colcon.meta'], base_paths=['.'], packages_ignore=None, packages_ignore_regex=None, paths=None, packages_up_to=None, packages_up_to_regex=None, packages_above=None, packages_above_and_dependencies=None, packages_above_depth=None, packages_select_by_dep=None, packages_skip_by_dep=None, packages_skip_up_to=None, packages_select_build_failed=False, packages_skip_build_finished=False, packages_select_test_failures=False, packages_skip_test_passed=False, packages_select=None, packages_skip=None, packages_select_regex=None, packages_skip_regex=None, packages_start=None, packages_end=None, allow_overriding=[], cmake_args=None, cmake_target=None, cmake_target_skip_unavailable=False, cmake_clean_cache=False, cmake_clean_first=False, cmake_force_configure=False, ament_cmake_args=None, catkin_cmake_args=None, catkin_skip_building_tests=False, verb_parser=<colcon_defaults.argument_parser.defaults.DefaultArgumentsDecorator object at 0x7fb558b166e0>, verb_extension=<colcon_core.verb.build.BuildVerb object at 0x7fb559548970>, main=<bound method BuildVerb.main of <colcon_core.verb.build.BuildVerb object at 0x7fb559548970>>)
[0.185s] Level 1:colcon.colcon_core.package_discovery:discover_packages(colcon_meta) check parameters
[0.185s] Level 1:colcon.colcon_core.package_discovery:discover_packages(recursive) check parameters
[0.185s] Level 1:colcon.colcon_core.package_discovery:discover_packages(ignore) check parameters
[0.185s] Level 1:colcon.colcon_core.package_discovery:discover_packages(path) check parameters
[0.185s] Level 1:colcon.colcon_core.package_discovery:discover_packages(colcon_meta) discover
[0.185s] Level 1:colcon.colcon_core.package_discovery:discover_packages(recursive) discover
[0.185s] INFO:colcon.colcon_core.package_discovery:Crawling recursively for packages in '/home/hsm/ros2_ws'
[0.185s] Level 1:colcon.colcon_core.package_identification:_identify(.) by extensions ['ignore', 'ignore_ament_install']
[0.185s] Level 1:colcon.colcon_core.package_identification:_identify(.) by extension 'ignore'
[0.185s] Level 1:colcon.colcon_core.package_identification:_identify(.) by extension 'ignore_ament_install'
[0.186s] Level 1:colcon.colcon_core.package_identification:_identify(.) by extensions ['colcon_pkg']
[0.186s] Level 1:colcon.colcon_core.package_identification:_identify(.) by extension 'colcon_pkg'
[0.186s] Level 1:colcon.colcon_core.package_identification:_identify(.) by extensions ['colcon_meta']
[0.186s] Level 1:colcon.colcon_core.package_identification:_identify(.) by extension 'colcon_meta'
[0.186s] Level 1:colcon.colcon_core.package_identification:_identify(.) by extensions ['ros']
[0.186s] Level 1:colcon.colcon_core.package_identification:_identify(.) by extension 'ros'
[0.192s] Level 1:colcon.colcon_core.package_identification:_identify(.) by extensions ['cmake', 'python']
[0.192s] Level 1:colcon.colcon_core.package_identification:_identify(.) by extension 'cmake'
[0.192s] Level 1:colcon.colcon_core.package_identification:_identify(.) by extension 'python'
[0.192s] Level 1:colcon.colcon_core.package_identification:_identify(.) by extensions ['python_setup_py']
[0.192s] Level 1:colcon.colcon_core.package_identification:_identify(.) by extension 'python_setup_py'
[0.192s] Level 1:colcon.colcon_core.package_identification:_identify(build) by extensions ['ignore', 'ignore_ament_install']
[0.192s] Level 1:colcon.colcon_core.package_identification:_identify(build) by extension 'ignore'
[0.192s] Level 1:colcon.colcon_core.package_identification:_identify(build) ignored
[0.192s] Level 1:colcon.colcon_core.package_identification:_identify(install) by extensions ['ignore', 'ignore_ament_install']
[0.192s] Level 1:colcon.colcon_core.package_identification:_identify(install) by extension 'ignore'
[0.192s] Level 1:colcon.colcon_core.package_identification:_identify(install) ignored
[0.192s] Level 1:colcon.colcon_core.package_identification:_identify(log) by extensions ['ignore', 'ignore_ament_install']
[0.192s] Level 1:colcon.colcon_core.package_identification:_identify(log) by extension 'ignore'
[0.192s] Level 1:colcon.colcon_core.package_identification:_identify(log) ignored
[0.192s] Level 1:colcon.colcon_core.package_identification:_identify(src) by extensions ['ignore', 'ignore_ament_install']
[0.192s] Level 1:colcon.colcon_core.package_identification:_identify(src) by extension 'ignore'
[0.192s] Level 1:colcon.colcon_core.package_identification:_identify(src) by extension 'ignore_ament_install'
[0.192s] Level 1:colcon.colcon_core.package_identification:_identify(src) by extensions ['colcon_pkg']
[0.192s] Level 1:colcon.colcon_core.package_identification:_identify(src) by extension 'colcon_pkg'
[0.192s] Level 1:colcon.colcon_core.package_identification:_identify(src) by extensions ['colcon_meta']
[0.192s] Level 1:colcon.colcon_core.package_identification:_identify(src) by extension 'colcon_meta'
[0.192s] Level 1:colcon.colcon_core.package_identification:_identify(src) by extensions ['ros']
[0.192s] Level 1:colcon.colcon_core.package_identification:_identify(src) by extension 'ros'
[0.192s] Level 1:colcon.colcon_core.package_identification:_identify(src) by extensions ['cmake', 'python']
[0.192s] Level 1:colcon.colcon_core.package_identification:_identify(src) by extension 'cmake'
[0.192s] Level 1:colcon.colcon_core.package_identification:_identify(src) by extension 'python'
[0.192s] Level 1:colcon.colcon_core.package_identification:_identify(src) by extensions ['python_setup_py']
[0.192s] Level 1:colcon.colcon_core.package_identification:_identify(src) by extension 'python_setup_py'
[0.192s] Level 1:colcon.colcon_core.package_identification:_identify(src/realsense-ros) by extensions ['ignore', 'ignore_ament_install']
[0.193s] Level 1:colcon.colcon_core.package_identification:_identify(src/realsense-ros) by extension 'ignore'
[0.193s] Level 1:colcon.colcon_core.package_identification:_identify(src/realsense-ros) by extension 'ignore_ament_install'
[0.193s] Level 1:colcon.colcon_core.package_identification:_identify(src/realsense-ros) by extensions ['colcon_pkg']
[0.193s] Level 1:colcon.colcon_core.package_identification:_identify(src/realsense-ros) by extension 'colcon_pkg'
[0.193s] Level 1:colcon.colcon_core.package_identification:_identify(src/realsense-ros) by extensions ['colcon_meta']
[0.193s] Level 1:colcon.colcon_core.package_identification:_identify(src/realsense-ros) by extension 'colcon_meta'
[0.193s] Level 1:colcon.colcon_core.package_identification:_identify(src/realsense-ros) by extensions ['ros']
[0.193s] Level 1:colcon.colcon_core.package_identification:_identify(src/realsense-ros) by extension 'ros'
[0.193s] Level 1:colcon.colcon_core.package_identification:_identify(src/realsense-ros) by extensions ['cmake', 'python']
[0.193s] Level 1:colcon.colcon_core.package_identification:_identify(src/realsense-ros) by extension 'cmake'
[0.193s] Level 1:colcon.colcon_core.package_identification:_identify(src/realsense-ros) by extension 'python'
[0.193s] Level 1:colcon.colcon_core.package_identification:_identify(src/realsense-ros) by extensions ['python_setup_py']
[0.193s] Level 1:colcon.colcon_core.package_identification:_identify(src/realsense-ros) by extension 'python_setup_py'
[0.193s] Level 1:colcon.colcon_core.package_identification:_identify(src/realsense-ros/realsense2_camera) by extensions ['ignore', 'ignore_ament_install']
[0.193s] Level 1:colcon.colcon_core.package_identification:_identify(src/realsense-ros/realsense2_camera) by extension 'ignore'
[0.193s] Level 1:colcon.colcon_core.package_identification:_identify(src/realsense-ros/realsense2_camera) by extension 'ignore_ament_install'
[0.193s] Level 1:colcon.colcon_core.package_identification:_identify(src/realsense-ros/realsense2_camera) by extensions ['colcon_pkg']
[0.193s] Level 1:colcon.colcon_core.package_identification:_identify(src/realsense-ros/realsense2_camera) by extension 'colcon_pkg'
[0.193s] Level 1:colcon.colcon_core.package_identification:_identify(src/realsense-ros/realsense2_camera) by extensions ['colcon_meta']
[0.193s] Level 1:colcon.colcon_core.package_identification:_identify(src/realsense-ros/realsense2_camera) by extension 'colcon_meta'
[0.193s] Level 1:colcon.colcon_core.package_identification:_identify(src/realsense-ros/realsense2_camera) by extensions ['ros']
[0.193s] Level 1:colcon.colcon_core.package_identification:_identify(src/realsense-ros/realsense2_camera) by extension 'ros'
[0.195s] DEBUG:colcon.colcon_core.package_identification:Package 'src/realsense-ros/realsense2_camera' with type 'ros.ament_cmake' and name 'realsense2_camera'
[0.195s] Level 1:colcon.colcon_core.package_identification:_identify(src/realsense-ros/realsense2_camera_msgs) by extensions ['ignore', 'ignore_ament_install']
[0.195s] Level 1:colcon.colcon_core.package_identification:_identify(src/realsense-ros/realsense2_camera_msgs) by extension 'ignore'
[0.195s] Level 1:colcon.colcon_core.package_identification:_identify(src/realsense-ros/realsense2_camera_msgs) by extension 'ignore_ament_install'
[0.195s] Level 1:colcon.colcon_core.package_identification:_identify(src/realsense-ros/realsense2_camera_msgs) by extensions ['colcon_pkg']
[0.195s] Level 1:colcon.colcon_core.package_identification:_identify(src/realsense-ros/realsense2_camera_msgs) by extension 'colcon_pkg'
[0.195s] Level 1:colcon.colcon_core.package_identification:_identify(src/realsense-ros/realsense2_camera_msgs) by extensions ['colcon_meta']
[0.195s] Level 1:colcon.colcon_core.package_identification:_identify(src/realsense-ros/realsense2_camera_msgs) by extension 'colcon_meta'
[0.195s] Level 1:colcon.colcon_core.package_identification:_identify(src/realsense-ros/realsense2_camera_msgs) by extensions ['ros']
[0.195s] Level 1:colcon.colcon_core.package_identification:_identify(src/realsense-ros/realsense2_camera_msgs) by extension 'ros'
[0.195s] DEBUG:colcon.colcon_core.package_identification:Package 'src/realsense-ros/realsense2_camera_msgs' with type 'ros.ament_cmake' and name 'realsense2_camera_msgs'
[0.195s] Level 1:colcon.colcon_core.package_identification:_identify(src/realsense-ros/realsense2_description) by extensions ['ignore', 'ignore_ament_install']
[0.196s] Level 1:colcon.colcon_core.package_identification:_identify(src/realsense-ros/realsense2_description) by extension 'ignore'
[0.196s] Level 1:colcon.colcon_core.package_identification:_identify(src/realsense-ros/realsense2_description) by extension 'ignore_ament_install'
[0.196s] Level 1:colcon.colcon_core.package_identification:_identify(src/realsense-ros/realsense2_description) by extensions ['colcon_pkg']
[0.196s] Level 1:colcon.colcon_core.package_identification:_identify(src/realsense-ros/realsense2_description) by extension 'colcon_pkg'
[0.196s] Level 1:colcon.colcon_core.package_identification:_identify(src/realsense-ros/realsense2_description) by extensions ['colcon_meta']
[0.196s] Level 1:colcon.colcon_core.package_identification:_identify(src/realsense-ros/realsense2_description) by extension 'colcon_meta'
[0.196s] Level 1:colcon.colcon_core.package_identification:_identify(src/realsense-ros/realsense2_description) by extensions ['ros']
[0.196s] Level 1:colcon.colcon_core.package_identification:_identify(src/realsense-ros/realsense2_description) by extension 'ros'
[0.196s] DEBUG:colcon.colcon_core.package_identification:Package 'src/realsense-ros/realsense2_description' with type 'ros.ament_cmake' and name 'realsense2_description'
[0.196s] Level 1:colcon.colcon_core.package_identification:_identify(src/realsense-ros/scripts) by extensions ['ignore', 'ignore_ament_install']
[0.196s] Level 1:colcon.colcon_core.package_identification:_identify(src/realsense-ros/scripts) by extension 'ignore'
[0.196s] Level 1:colcon.colcon_core.package_identification:_identify(src/realsense-ros/scripts) by extension 'ignore_ament_install'
[0.196s] Level 1:colcon.colcon_core.package_identification:_identify(src/realsense-ros/scripts) by extensions ['colcon_pkg']
[0.196s] Level 1:colcon.colcon_core.package_identification:_identify(src/realsense-ros/scripts) by extension 'colcon_pkg'
[0.196s] Level 1:colcon.colcon_core.package_identification:_identify(src/realsense-ros/scripts) by extensions ['colcon_meta']
[0.196s] Level 1:colcon.colcon_core.package_identification:_identify(src/realsense-ros/scripts) by extension 'colcon_meta'
[0.196s] Level 1:colcon.colcon_core.package_identification:_identify(src/realsense-ros/scripts) by extensions ['ros']
[0.196s] Level 1:colcon.colcon_core.package_identification:_identify(src/realsense-ros/scripts) by extension 'ros'
[0.196s] Level 1:colcon.colcon_core.package_identification:_identify(src/realsense-ros/scripts) by extensions ['cmake', 'python']
[0.196s] Level 1:colcon.colcon_core.package_identification:_identify(src/realsense-ros/scripts) by extension 'cmake'
[0.196s] Level 1:colcon.colcon_core.package_identification:_identify(src/realsense-ros/scripts) by extension 'python'
[0.196s] Level 1:colcon.colcon_core.package_identification:_identify(src/realsense-ros/scripts) by extensions ['python_setup_py']
[0.196s] Level 1:colcon.colcon_core.package_identification:_identify(src/realsense-ros/scripts) by extension 'python_setup_py'
[0.196s] Level 1:colcon.colcon_core.package_discovery:discover_packages(recursive) using defaults
[0.196s] Level 1:colcon.colcon_core.package_discovery:discover_packages(ignore) discover
[0.196s] Level 1:colcon.colcon_core.package_discovery:discover_packages(ignore) using defaults
[0.196s] Level 1:colcon.colcon_core.package_discovery:discover_packages(path) discover
[0.196s] Level 1:colcon.colcon_core.package_discovery:discover_packages(path) using defaults
[0.209s] Level 1:colcon.colcon_core.package_discovery:discover_packages(prefix_path) check parameters
[0.209s] Level 1:colcon.colcon_core.package_discovery:discover_packages(prefix_path) discover
[0.211s] DEBUG:colcon.colcon_installed_package_information.package_discovery:Found 1 installed packages in /home/hsm/rplidar/install
[0.212s] DEBUG:colcon.colcon_installed_package_information.package_discovery:Found 406 installed packages in /opt/ros/humble
[0.213s] Level 1:colcon.colcon_core.package_discovery:discover_packages(prefix_path) using defaults
[0.251s] Level 5:colcon.colcon_core.verb:set package 'realsense2_camera_msgs' build argument 'cmake_args' from command line to 'None'
[0.251s] Level 5:colcon.colcon_core.verb:set package 'realsense2_camera_msgs' build argument 'cmake_target' from command line to 'None'
[0.251s] Level 5:colcon.colcon_core.verb:set package 'realsense2_camera_msgs' build argument 'cmake_target_skip_unavailable' from command line to 'False'
[0.251s] Level 5:colcon.colcon_core.verb:set package 'realsense2_camera_msgs' build argument 'cmake_clean_cache' from command line to 'False'
[0.251s] Level 5:colcon.colcon_core.verb:set package 'realsense2_camera_msgs' build argument 'cmake_clean_first' from command line to 'False'
[0.251s] Level 5:colcon.colcon_core.verb:set package 'realsense2_camera_msgs' build argument 'cmake_force_configure' from command line to 'False'
[0.251s] Level 5:colcon.colcon_core.verb:set package 'realsense2_camera_msgs' build argument 'ament_cmake_args' from command line to 'None'
[0.251s] Level 5:colcon.colcon_core.verb:set package 'realsense2_camera_msgs' build argument 'catkin_cmake_args' from command line to 'None'
[0.251s] Level 5:colcon.colcon_core.verb:set package 'realsense2_camera_msgs' build argument 'catkin_skip_building_tests' from command line to 'False'
[0.251s] DEBUG:colcon.colcon_core.verb:Building package 'realsense2_camera_msgs' with the following arguments: {'ament_cmake_args': None, 'build_base': '/home/hsm/ros2_ws/build/realsense2_camera_msgs', 'catkin_cmake_args': None, 'catkin_skip_building_tests': False, 'cmake_args': None, 'cmake_clean_cache': False, 'cmake_clean_first': False, 'cmake_force_configure': False, 'cmake_target': None, 'cmake_target_skip_unavailable': False, 'install_base': '/home/hsm/ros2_ws/install/realsense2_camera_msgs', 'merge_install': False, 'path': '/home/hsm/ros2_ws/src/realsense-ros/realsense2_camera_msgs', 'symlink_install': False, 'test_result_base': None}
[0.252s] Level 5:colcon.colcon_core.verb:set package 'realsense2_camera' build argument 'cmake_args' from command line to 'None'
[0.252s] Level 5:colcon.colcon_core.verb:set package 'realsense2_camera' build argument 'cmake_target' from command line to 'None'
[0.252s] Level 5:colcon.colcon_core.verb:set package 'realsense2_camera' build argument 'cmake_target_skip_unavailable' from command line to 'False'
[0.252s] Level 5:colcon.colcon_core.verb:set package 'realsense2_camera' build argument 'cmake_clean_cache' from command line to 'False'
[0.252s] Level 5:colcon.colcon_core.verb:set package 'realsense2_camera' build argument 'cmake_clean_first' from command line to 'False'
[0.252s] Level 5:colcon.colcon_core.verb:set package 'realsense2_camera' build argument 'cmake_force_configure' from command line to 'False'
[0.252s] Level 5:colcon.colcon_core.verb:set package 'realsense2_camera' build argument 'ament_cmake_args' from command line to 'None'
[0.252s] Level 5:colcon.colcon_core.verb:set package 'realsense2_camera' build argument 'catkin_cmake_args' from command line to 'None'
[0.252s] Level 5:colcon.colcon_core.verb:set package 'realsense2_camera' build argument 'catkin_skip_building_tests' from command line to 'False'
[0.252s] DEBUG:colcon.colcon_core.verb:Building package 'realsense2_camera' with the following arguments: {'ament_cmake_args': None, 'build_base': '/home/hsm/ros2_ws/build/realsense2_camera', 'catkin_cmake_args': None, 'catkin_skip_building_tests': False, 'cmake_args': None, 'cmake_clean_cache': False, 'cmake_clean_first': False, 'cmake_force_configure': False, 'cmake_target': None, 'cmake_target_skip_unavailable': False, 'install_base': '/home/hsm/ros2_ws/install/realsense2_camera', 'merge_install': False, 'path': '/home/hsm/ros2_ws/src/realsense-ros/realsense2_camera', 'symlink_install': False, 'test_result_base': None}
[0.252s] Level 5:colcon.colcon_core.verb:set package 'realsense2_description' build argument 'cmake_args' from command line to 'None'
[0.252s] Level 5:colcon.colcon_core.verb:set package 'realsense2_description' build argument 'cmake_target' from command line to 'None'
[0.252s] Level 5:colcon.colcon_core.verb:set package 'realsense2_description' build argument 'cmake_target_skip_unavailable' from command line to 'False'
[0.252s] Level 5:colcon.colcon_core.verb:set package 'realsense2_description' build argument 'cmake_clean_cache' from command line to 'False'
[0.252s] Level 5:colcon.colcon_core.verb:set package 'realsense2_description' build argument 'cmake_clean_first' from command line to 'False'
[0.252s] Level 5:colcon.colcon_core.verb:set package 'realsense2_description' build argument 'cmake_force_configure' from command line to 'False'
[0.252s] Level 5:colcon.colcon_core.verb:set package 'realsense2_description' build argument 'ament_cmake_args' from command line to 'None'
[0.252s] Level 5:colcon.colcon_core.verb:set package 'realsense2_description' build argument 'catkin_cmake_args' from command line to 'None'
[0.252s] Level 5:colcon.colcon_core.verb:set package 'realsense2_description' build argument 'catkin_skip_building_tests' from command line to 'False'
[0.252s] DEBUG:colcon.colcon_core.verb:Building package 'realsense2_description' with the following arguments: {'ament_cmake_args': None, 'build_base': '/home/hsm/ros2_ws/build/realsense2_description', 'catkin_cmake_args': None, 'catkin_skip_building_tests': False, 'cmake_args': None, 'cmake_clean_cache': False, 'cmake_clean_first': False, 'cmake_force_configure': False, 'cmake_target': None, 'cmake_target_skip_unavailable': False, 'install_base': '/home/hsm/ros2_ws/install/realsense2_description', 'merge_install': False, 'path': '/home/hsm/ros2_ws/src/realsense-ros/realsense2_description', 'symlink_install': False, 'test_result_base': None}
[0.253s] INFO:colcon.colcon_core.executor:Executing jobs using 'parallel' executor
[0.255s] DEBUG:colcon.colcon_parallel_executor.executor.parallel:run_until_complete
[0.255s] INFO:colcon.colcon_ros.task.ament_cmake.build:Building ROS package in '/home/hsm/ros2_ws/src/realsense-ros/realsense2_camera_msgs' with build type 'ament_cmake'
[0.255s] INFO:colcon.colcon_cmake.task.cmake.build:Building CMake package in '/home/hsm/ros2_ws/src/realsense-ros/realsense2_camera_msgs'
[0.257s] INFO:colcon.colcon_core.plugin_system:Skipping extension 'colcon_core.shell.bat': Not used on non-Windows systems
[0.257s] INFO:colcon.colcon_core.shell:Skip shell extension 'powershell' for command environment: Not usable outside of PowerShell
[0.257s] DEBUG:colcon.colcon_core.shell:Skip shell extension 'dsv' for command environment
[0.263s] DEBUG:colcon.colcon_core.event_handler.log_command:Invoking command in '/home/hsm/ros2_ws/build/realsense2_camera_msgs': CMAKE_PREFIX_PATH=${CMAKE_PREFIX_PATH}:/opt/ros/humble /usr/bin/cmake --build /home/hsm/ros2_ws/build/realsense2_camera_msgs -- -j16 -l16
[0.447s] DEBUG:colcon.colcon_core.event_handler.log_command:Invoked command in '/home/hsm/ros2_ws/build/realsense2_camera_msgs' returned '0': CMAKE_PREFIX_PATH=${CMAKE_PREFIX_PATH}:/opt/ros/humble /usr/bin/cmake --build /home/hsm/ros2_ws/build/realsense2_camera_msgs -- -j16 -l16
[0.497s] DEBUG:colcon.colcon_core.event_handler.log_command:Invoking command in '/home/hsm/ros2_ws/build/realsense2_camera_msgs': CMAKE_PREFIX_PATH=${CMAKE_PREFIX_PATH}:/opt/ros/humble /usr/bin/cmake --install /home/hsm/ros2_ws/build/realsense2_camera_msgs
[0.524s] Level 1:colcon.colcon_core.environment:create_environment_scripts_only(realsense2_camera_msgs)
[0.525s] DEBUG:colcon.colcon_core.event_handler.log_command:Invoked command in '/home/hsm/ros2_ws/build/realsense2_camera_msgs' returned '0': CMAKE_PREFIX_PATH=${CMAKE_PREFIX_PATH}:/opt/ros/humble /usr/bin/cmake --install /home/hsm/ros2_ws/build/realsense2_camera_msgs
[0.529s] Level 1:colcon.colcon_core.environment:checking '/home/hsm/ros2_ws/install/realsense2_camera_msgs' for CMake module files
[0.529s] Level 1:colcon.colcon_core.environment:checking '/home/hsm/ros2_ws/install/realsense2_camera_msgs' for CMake config files
[0.529s] Level 1:colcon.colcon_core.shell:create_environment_hook('realsense2_camera_msgs', 'cmake_prefix_path')
[0.530s] INFO:colcon.colcon_core.shell:Creating environment hook '/home/hsm/ros2_ws/install/realsense2_camera_msgs/share/realsense2_camera_msgs/hook/cmake_prefix_path.ps1'
[0.530s] INFO:colcon.colcon_core.shell:Creating environment descriptor '/home/hsm/ros2_ws/install/realsense2_camera_msgs/share/realsense2_camera_msgs/hook/cmake_prefix_path.dsv'
[0.531s] INFO:colcon.colcon_core.shell:Creating environment hook '/home/hsm/ros2_ws/install/realsense2_camera_msgs/share/realsense2_camera_msgs/hook/cmake_prefix_path.sh'
[0.531s] Level 1:colcon.colcon_core.environment:checking '/home/hsm/ros2_ws/install/realsense2_camera_msgs/lib'
[0.531s] Level 1:colcon.colcon_core.shell:create_environment_hook('realsense2_camera_msgs', 'ld_library_path_lib')
[0.532s] INFO:colcon.colcon_core.shell:Creating environment hook '/home/hsm/ros2_ws/install/realsense2_camera_msgs/share/realsense2_camera_msgs/hook/ld_library_path_lib.ps1'
[0.532s] INFO:colcon.colcon_core.shell:Creating environment descriptor '/home/hsm/ros2_ws/install/realsense2_camera_msgs/share/realsense2_camera_msgs/hook/ld_library_path_lib.dsv'
[0.532s] INFO:colcon.colcon_core.shell:Creating environment hook '/home/hsm/ros2_ws/install/realsense2_camera_msgs/share/realsense2_camera_msgs/hook/ld_library_path_lib.sh'
[0.532s] Level 1:colcon.colcon_core.environment:checking '/home/hsm/ros2_ws/install/realsense2_camera_msgs/bin'
[0.532s] Level 1:colcon.colcon_core.environment:checking '/home/hsm/ros2_ws/install/realsense2_camera_msgs/lib/pkgconfig/realsense2_camera_msgs.pc'
[0.532s] Level 1:colcon.colcon_core.environment:checking '/home/hsm/ros2_ws/install/realsense2_camera_msgs/lib/python3.10/site-packages'
[0.532s] Level 1:colcon.colcon_core.environment:checking '/home/hsm/ros2_ws/install/realsense2_camera_msgs/bin'
[0.533s] INFO:colcon.colcon_core.shell:Creating package script '/home/hsm/ros2_ws/install/realsense2_camera_msgs/share/realsense2_camera_msgs/package.ps1'
[0.533s] INFO:colcon.colcon_core.shell:Creating package descriptor '/home/hsm/ros2_ws/install/realsense2_camera_msgs/share/realsense2_camera_msgs/package.dsv'
[0.534s] INFO:colcon.colcon_core.shell:Creating package script '/home/hsm/ros2_ws/install/realsense2_camera_msgs/share/realsense2_camera_msgs/package.sh'
[0.534s] INFO:colcon.colcon_core.shell:Creating package script '/home/hsm/ros2_ws/install/realsense2_camera_msgs/share/realsense2_camera_msgs/package.bash'
[0.534s] INFO:colcon.colcon_core.shell:Creating package script '/home/hsm/ros2_ws/install/realsense2_camera_msgs/share/realsense2_camera_msgs/package.zsh'
[0.534s] Level 1:colcon.colcon_core.environment:create_file_with_runtime_dependencies(/home/hsm/ros2_ws/install/realsense2_camera_msgs/share/colcon-core/packages/realsense2_camera_msgs)
[0.585s] Level 1:colcon.colcon_core.environment:create_environment_scripts_only(realsense2_camera_msgs)
[0.587s] Level 1:colcon.colcon_core.environment:checking '/home/hsm/ros2_ws/install/realsense2_camera_msgs' for CMake module files
[0.587s] Level 1:colcon.colcon_core.environment:checking '/home/hsm/ros2_ws/install/realsense2_camera_msgs' for CMake config files
[0.587s] Level 1:colcon.colcon_core.shell:create_environment_hook('realsense2_camera_msgs', 'cmake_prefix_path')
[0.588s] INFO:colcon.colcon_core.shell:Creating environment hook '/home/hsm/ros2_ws/install/realsense2_camera_msgs/share/realsense2_camera_msgs/hook/cmake_prefix_path.ps1'
[0.588s] INFO:colcon.colcon_core.shell:Creating environment descriptor '/home/hsm/ros2_ws/install/realsense2_camera_msgs/share/realsense2_camera_msgs/hook/cmake_prefix_path.dsv'
[0.588s] INFO:colcon.colcon_core.shell:Creating environment hook '/home/hsm/ros2_ws/install/realsense2_camera_msgs/share/realsense2_camera_msgs/hook/cmake_prefix_path.sh'
[0.589s] Level 1:colcon.colcon_core.environment:checking '/home/hsm/ros2_ws/install/realsense2_camera_msgs/lib'
[0.589s] Level 1:colcon.colcon_core.shell:create_environment_hook('realsense2_camera_msgs', 'ld_library_path_lib')
[0.589s] INFO:colcon.colcon_core.shell:Creating environment hook '/home/hsm/ros2_ws/install/realsense2_camera_msgs/share/realsense2_camera_msgs/hook/ld_library_path_lib.ps1'
[0.589s] INFO:colcon.colcon_core.shell:Creating environment descriptor '/home/hsm/ros2_ws/install/realsense2_camera_msgs/share/realsense2_camera_msgs/hook/ld_library_path_lib.dsv'
[0.590s] INFO:colcon.colcon_core.shell:Creating environment hook '/home/hsm/ros2_ws/install/realsense2_camera_msgs/share/realsense2_camera_msgs/hook/ld_library_path_lib.sh'
[0.590s] Level 1:colcon.colcon_core.environment:checking '/home/hsm/ros2_ws/install/realsense2_camera_msgs/bin'
[0.590s] Level 1:colcon.colcon_core.environment:checking '/home/hsm/ros2_ws/install/realsense2_camera_msgs/lib/pkgconfig/realsense2_camera_msgs.pc'
[0.590s] Level 1:colcon.colcon_core.environment:checking '/home/hsm/ros2_ws/install/realsense2_camera_msgs/lib/python3.10/site-packages'
[0.590s] Level 1:colcon.colcon_core.environment:checking '/home/hsm/ros2_ws/install/realsense2_camera_msgs/bin'
[0.591s] INFO:colcon.colcon_core.shell:Creating package script '/home/hsm/ros2_ws/install/realsense2_camera_msgs/share/realsense2_camera_msgs/package.ps1'
[0.591s] INFO:colcon.colcon_core.shell:Creating package descriptor '/home/hsm/ros2_ws/install/realsense2_camera_msgs/share/realsense2_camera_msgs/package.dsv'
[0.591s] INFO:colcon.colcon_core.shell:Creating package script '/home/hsm/ros2_ws/install/realsense2_camera_msgs/share/realsense2_camera_msgs/package.sh'
[0.591s] INFO:colcon.colcon_core.shell:Creating package script '/home/hsm/ros2_ws/install/realsense2_camera_msgs/share/realsense2_camera_msgs/package.bash'
[0.591s] INFO:colcon.colcon_core.shell:Creating package script '/home/hsm/ros2_ws/install/realsense2_camera_msgs/share/realsense2_camera_msgs/package.zsh'
[0.591s] Level 1:colcon.colcon_core.environment:create_file_with_runtime_dependencies(/home/hsm/ros2_ws/install/realsense2_camera_msgs/share/colcon-core/packages/realsense2_camera_msgs)
[0.592s] INFO:colcon.colcon_ros.task.ament_cmake.build:Building ROS package in '/home/hsm/ros2_ws/src/realsense-ros/realsense2_camera' with build type 'ament_cmake'
[0.592s] INFO:colcon.colcon_cmake.task.cmake.build:Building CMake package in '/home/hsm/ros2_ws/src/realsense-ros/realsense2_camera'
[0.592s] INFO:colcon.colcon_core.shell:Skip shell extension 'powershell' for command environment: Not usable outside of PowerShell
[0.592s] DEBUG:colcon.colcon_core.shell:Skip shell extension 'dsv' for command environment
[0.595s] INFO:colcon.colcon_ros.task.ament_cmake.build:Building ROS package in '/home/hsm/ros2_ws/src/realsense-ros/realsense2_description' with build type 'ament_cmake'
[0.595s] INFO:colcon.colcon_cmake.task.cmake.build:Building CMake package in '/home/hsm/ros2_ws/src/realsense-ros/realsense2_description'
[0.596s] INFO:colcon.colcon_core.shell:Skip shell extension 'powershell' for command environment: Not usable outside of PowerShell
[0.596s] DEBUG:colcon.colcon_core.shell:Skip shell extension 'dsv' for command environment
[0.602s] DEBUG:colcon.colcon_core.event_handler.log_command:Invoking command in '/home/hsm/ros2_ws/build/realsense2_camera': AMENT_PREFIX_PATH=/home/hsm/ros2_ws/install/realsense2_camera_msgs:${AMENT_PREFIX_PATH} CMAKE_PREFIX_PATH=/home/hsm/ros2_ws/install/realsense2_camera_msgs:/home/hsm/rplidar/install/rplidar_ros:/opt/ros/humble LD_LIBRARY_PATH=/home/hsm/ros2_ws/install/realsense2_camera_msgs/lib:${LD_LIBRARY_PATH} PYTHONPATH=/home/hsm/ros2_ws/install/realsense2_camera_msgs/local/lib/python3.10/dist-packages:${PYTHONPATH} /usr/bin/cmake /home/hsm/ros2_ws/src/realsense-ros/realsense2_camera -DCMAKE_INSTALL_PREFIX=/home/hsm/ros2_ws/install/realsense2_camera
[0.604s] DEBUG:colcon.colcon_core.event_handler.log_command:Invoking command in '/home/hsm/ros2_ws/build/realsense2_description': AMENT_PREFIX_PATH=/home/hsm/ros2_ws/install/realsense2_camera_msgs:${AMENT_PREFIX_PATH} CMAKE_PREFIX_PATH=/home/hsm/ros2_ws/install/realsense2_camera_msgs:/home/hsm/rplidar/install/rplidar_ros:/opt/ros/humble LD_LIBRARY_PATH=/home/hsm/ros2_ws/install/realsense2_camera_msgs/lib:${LD_LIBRARY_PATH} PYTHONPATH=/home/hsm/ros2_ws/install/realsense2_camera_msgs/local/lib/python3.10/dist-packages:${PYTHONPATH} /usr/bin/cmake --build /home/hsm/ros2_ws/build/realsense2_description -- -j16 -l16
[0.623s] DEBUG:colcon.colcon_core.event_handler.log_command:Invoked command in '/home/hsm/ros2_ws/build/realsense2_description' returned '0': AMENT_PREFIX_PATH=/home/hsm/ros2_ws/install/realsense2_camera_msgs:${AMENT_PREFIX_PATH} CMAKE_PREFIX_PATH=/home/hsm/ros2_ws/install/realsense2_camera_msgs:/home/hsm/rplidar/install/rplidar_ros:/opt/ros/humble LD_LIBRARY_PATH=/home/hsm/ros2_ws/install/realsense2_camera_msgs/lib:${LD_LIBRARY_PATH} PYTHONPATH=/home/hsm/ros2_ws/install/realsense2_camera_msgs/local/lib/python3.10/dist-packages:${PYTHONPATH} /usr/bin/cmake --build /home/hsm/ros2_ws/build/realsense2_description -- -j16 -l16
[0.635s] DEBUG:colcon.colcon_core.event_handler.log_command:Invoking command in '/home/hsm/ros2_ws/build/realsense2_description': AMENT_PREFIX_PATH=/home/hsm/ros2_ws/install/realsense2_camera_msgs:${AMENT_PREFIX_PATH} CMAKE_PREFIX_PATH=/home/hsm/ros2_ws/install/realsense2_camera_msgs:/home/hsm/rplidar/install/rplidar_ros:/opt/ros/humble LD_LIBRARY_PATH=/home/hsm/ros2_ws/install/realsense2_camera_msgs/lib:${LD_LIBRARY_PATH} PYTHONPATH=/home/hsm/ros2_ws/install/realsense2_camera_msgs/local/lib/python3.10/dist-packages:${PYTHONPATH} /usr/bin/cmake --install /home/hsm/ros2_ws/build/realsense2_description
[0.641s] Level 1:colcon.colcon_core.environment:create_environment_scripts_only(realsense2_description)
[0.642s] DEBUG:colcon.colcon_core.event_handler.log_command:Invoked command in '/home/hsm/ros2_ws/build/realsense2_description' returned '0': AMENT_PREFIX_PATH=/home/hsm/ros2_ws/install/realsense2_camera_msgs:${AMENT_PREFIX_PATH} CMAKE_PREFIX_PATH=/home/hsm/ros2_ws/install/realsense2_camera_msgs:/home/hsm/rplidar/install/rplidar_ros:/opt/ros/humble LD_LIBRARY_PATH=/home/hsm/ros2_ws/install/realsense2_camera_msgs/lib:${LD_LIBRARY_PATH} PYTHONPATH=/home/hsm/ros2_ws/install/realsense2_camera_msgs/local/lib/python3.10/dist-packages:${PYTHONPATH} /usr/bin/cmake --install /home/hsm/ros2_ws/build/realsense2_description
[0.643s] Level 1:colcon.colcon_core.environment:checking '/home/hsm/ros2_ws/install/realsense2_description' for CMake module files
[0.644s] Level 1:colcon.colcon_core.environment:checking '/home/hsm/ros2_ws/install/realsense2_description' for CMake config files
[0.644s] Level 1:colcon.colcon_core.shell:create_environment_hook('realsense2_description', 'cmake_prefix_path')
[0.645s] INFO:colcon.colcon_core.shell:Creating environment hook '/home/hsm/ros2_ws/install/realsense2_description/share/realsense2_description/hook/cmake_prefix_path.ps1'
[0.645s] INFO:colcon.colcon_core.shell:Creating environment descriptor '/home/hsm/ros2_ws/install/realsense2_description/share/realsense2_description/hook/cmake_prefix_path.dsv'
[0.645s] INFO:colcon.colcon_core.shell:Creating environment hook '/home/hsm/ros2_ws/install/realsense2_description/share/realsense2_description/hook/cmake_prefix_path.sh'
[0.646s] Level 1:colcon.colcon_core.environment:checking '/home/hsm/ros2_ws/install/realsense2_description/bin'
[0.646s] Level 1:colcon.colcon_core.environment:checking '/home/hsm/ros2_ws/install/realsense2_description/lib/pkgconfig/realsense2_description.pc'
[0.646s] Level 1:colcon.colcon_core.environment:checking '/home/hsm/ros2_ws/install/realsense2_description/lib/python3.10/site-packages'
[0.646s] Level 1:colcon.colcon_core.environment:checking '/home/hsm/ros2_ws/install/realsense2_description/bin'
[0.647s] INFO:colcon.colcon_core.shell:Creating package script '/home/hsm/ros2_ws/install/realsense2_description/share/realsense2_description/package.ps1'
[0.647s] INFO:colcon.colcon_core.shell:Creating package descriptor '/home/hsm/ros2_ws/install/realsense2_description/share/realsense2_description/package.dsv'
[0.647s] INFO:colcon.colcon_core.shell:Creating package script '/home/hsm/ros2_ws/install/realsense2_description/share/realsense2_description/package.sh'
[0.647s] INFO:colcon.colcon_core.shell:Creating package script '/home/hsm/ros2_ws/install/realsense2_description/share/realsense2_description/package.bash'
[0.647s] INFO:colcon.colcon_core.shell:Creating package script '/home/hsm/ros2_ws/install/realsense2_description/share/realsense2_description/package.zsh'
[0.647s] Level 1:colcon.colcon_core.environment:create_file_with_runtime_dependencies(/home/hsm/ros2_ws/install/realsense2_description/share/colcon-core/packages/realsense2_description)
[0.659s] Level 1:colcon.colcon_core.environment:create_environment_scripts_only(realsense2_description)
[0.661s] Level 1:colcon.colcon_core.environment:checking '/home/hsm/ros2_ws/install/realsense2_description' for CMake module files
[0.661s] Level 1:colcon.colcon_core.environment:checking '/home/hsm/ros2_ws/install/realsense2_description' for CMake config files
[0.661s] Level 1:colcon.colcon_core.shell:create_environment_hook('realsense2_description', 'cmake_prefix_path')
[0.662s] INFO:colcon.colcon_core.shell:Creating environment hook '/home/hsm/ros2_ws/install/realsense2_description/share/realsense2_description/hook/cmake_prefix_path.ps1'
[0.662s] INFO:colcon.colcon_core.shell:Creating environment descriptor '/home/hsm/ros2_ws/install/realsense2_description/share/realsense2_description/hook/cmake_prefix_path.dsv'
[0.662s] INFO:colcon.colcon_core.shell:Creating environment hook '/home/hsm/ros2_ws/install/realsense2_description/share/realsense2_description/hook/cmake_prefix_path.sh'
[0.662s] Level 1:colcon.colcon_core.environment:checking '/home/hsm/ros2_ws/install/realsense2_description/bin'
[0.662s] Level 1:colcon.colcon_core.environment:checking '/home/hsm/ros2_ws/install/realsense2_description/lib/pkgconfig/realsense2_description.pc'
[0.663s] Level 1:colcon.colcon_core.environment:checking '/home/hsm/ros2_ws/install/realsense2_description/lib/python3.10/site-packages'
[0.663s] Level 1:colcon.colcon_core.environment:checking '/home/hsm/ros2_ws/install/realsense2_description/bin'
[0.663s] INFO:colcon.colcon_core.shell:Creating package script '/home/hsm/ros2_ws/install/realsense2_description/share/realsense2_description/package.ps1'
[0.664s] INFO:colcon.colcon_core.shell:Creating package descriptor '/home/hsm/ros2_ws/install/realsense2_description/share/realsense2_description/package.dsv'
[0.664s] INFO:colcon.colcon_core.shell:Creating package script '/home/hsm/ros2_ws/install/realsense2_description/share/realsense2_description/package.sh'
[0.664s] INFO:colcon.colcon_core.shell:Creating package script '/home/hsm/ros2_ws/install/realsense2_description/share/realsense2_description/package.bash'
[0.664s] INFO:colcon.colcon_core.shell:Creating package script '/home/hsm/ros2_ws/install/realsense2_description/share/realsense2_description/package.zsh'
[0.664s] Level 1:colcon.colcon_core.environment:create_file_with_runtime_dependencies(/home/hsm/ros2_ws/install/realsense2_description/share/colcon-core/packages/realsense2_description)
[1.422s] DEBUG:colcon.colcon_core.event_handler.log_command:Invoked command in '/home/hsm/ros2_ws/build/realsense2_camera' returned '0': AMENT_PREFIX_PATH=/home/hsm/ros2_ws/install/realsense2_camera_msgs:${AMENT_PREFIX_PATH} CMAKE_PREFIX_PATH=/home/hsm/ros2_ws/install/realsense2_camera_msgs:/home/hsm/rplidar/install/rplidar_ros:/opt/ros/humble LD_LIBRARY_PATH=/home/hsm/ros2_ws/install/realsense2_camera_msgs/lib:${LD_LIBRARY_PATH} PYTHONPATH=/home/hsm/ros2_ws/install/realsense2_camera_msgs/local/lib/python3.10/dist-packages:${PYTHONPATH} /usr/bin/cmake /home/hsm/ros2_ws/src/realsense-ros/realsense2_camera -DCMAKE_INSTALL_PREFIX=/home/hsm/ros2_ws/install/realsense2_camera
[1.422s] DEBUG:colcon.colcon_core.event_handler.log_command:Invoking command in '/home/hsm/ros2_ws/build/realsense2_camera': AMENT_PREFIX_PATH=/home/hsm/ros2_ws/install/realsense2_camera_msgs:${AMENT_PREFIX_PATH} CMAKE_PREFIX_PATH=/home/hsm/ros2_ws/install/realsense2_camera_msgs:/home/hsm/rplidar/install/rplidar_ros:/opt/ros/humble LD_LIBRARY_PATH=/home/hsm/ros2_ws/install/realsense2_camera_msgs/lib:${LD_LIBRARY_PATH} PYTHONPATH=/home/hsm/ros2_ws/install/realsense2_camera_msgs/local/lib/python3.10/dist-packages:${PYTHONPATH} /usr/bin/cmake --build /home/hsm/ros2_ws/build/realsense2_camera -- -j16 -l16
[14.006s] DEBUG:colcon.colcon_core.event_handler.log_command:Invoked command in '/home/hsm/ros2_ws/build/realsense2_camera' returned '0': AMENT_PREFIX_PATH=/home/hsm/ros2_ws/install/realsense2_camera_msgs:${AMENT_PREFIX_PATH} CMAKE_PREFIX_PATH=/home/hsm/ros2_ws/install/realsense2_camera_msgs:/home/hsm/rplidar/install/rplidar_ros:/opt/ros/humble LD_LIBRARY_PATH=/home/hsm/ros2_ws/install/realsense2_camera_msgs/lib:${LD_LIBRARY_PATH} PYTHONPATH=/home/hsm/ros2_ws/install/realsense2_camera_msgs/local/lib/python3.10/dist-packages:${PYTHONPATH} /usr/bin/cmake --build /home/hsm/ros2_ws/build/realsense2_camera -- -j16 -l16
[14.033s] DEBUG:colcon.colcon_core.event_handler.log_command:Invoking command in '/home/hsm/ros2_ws/build/realsense2_camera': AMENT_PREFIX_PATH=/home/hsm/ros2_ws/install/realsense2_camera_msgs:${AMENT_PREFIX_PATH} CMAKE_PREFIX_PATH=/home/hsm/ros2_ws/install/realsense2_camera_msgs:/home/hsm/rplidar/install/rplidar_ros:/opt/ros/humble LD_LIBRARY_PATH=/home/hsm/ros2_ws/install/realsense2_camera_msgs/lib:${LD_LIBRARY_PATH} PYTHONPATH=/home/hsm/ros2_ws/install/realsense2_camera_msgs/local/lib/python3.10/dist-packages:${PYTHONPATH} /usr/bin/cmake --install /home/hsm/ros2_ws/build/realsense2_camera
[14.042s] Level 1:colcon.colcon_core.environment:create_environment_scripts_only(realsense2_camera)
[14.043s] Level 1:colcon.colcon_core.environment:checking '/home/hsm/ros2_ws/install/realsense2_camera' for CMake module files
[14.043s] DEBUG:colcon.colcon_core.event_handler.log_command:Invoked command in '/home/hsm/ros2_ws/build/realsense2_camera' returned '0': AMENT_PREFIX_PATH=/home/hsm/ros2_ws/install/realsense2_camera_msgs:${AMENT_PREFIX_PATH} CMAKE_PREFIX_PATH=/home/hsm/ros2_ws/install/realsense2_camera_msgs:/home/hsm/rplidar/install/rplidar_ros:/opt/ros/humble LD_LIBRARY_PATH=/home/hsm/ros2_ws/install/realsense2_camera_msgs/lib:${LD_LIBRARY_PATH} PYTHONPATH=/home/hsm/ros2_ws/install/realsense2_camera_msgs/local/lib/python3.10/dist-packages:${PYTHONPATH} /usr/bin/cmake --install /home/hsm/ros2_ws/build/realsense2_camera
[14.044s] Level 1:colcon.colcon_core.environment:checking '/home/hsm/ros2_ws/install/realsense2_camera' for CMake config files
[14.044s] Level 1:colcon.colcon_core.shell:create_environment_hook('realsense2_camera', 'cmake_prefix_path')
[14.044s] INFO:colcon.colcon_core.shell:Creating environment hook '/home/hsm/ros2_ws/install/realsense2_camera/share/realsense2_camera/hook/cmake_prefix_path.ps1'
[14.045s] INFO:colcon.colcon_core.shell:Creating environment descriptor '/home/hsm/ros2_ws/install/realsense2_camera/share/realsense2_camera/hook/cmake_prefix_path.dsv'
[14.045s] INFO:colcon.colcon_core.shell:Creating environment hook '/home/hsm/ros2_ws/install/realsense2_camera/share/realsense2_camera/hook/cmake_prefix_path.sh'
[14.045s] Level 1:colcon.colcon_core.environment:checking '/home/hsm/ros2_ws/install/realsense2_camera/lib'
[14.045s] Level 1:colcon.colcon_core.shell:create_environment_hook('realsense2_camera', 'ld_library_path_lib')
[14.046s] INFO:colcon.colcon_core.shell:Creating environment hook '/home/hsm/ros2_ws/install/realsense2_camera/share/realsense2_camera/hook/ld_library_path_lib.ps1'
[14.046s] INFO:colcon.colcon_core.shell:Creating environment descriptor '/home/hsm/ros2_ws/install/realsense2_camera/share/realsense2_camera/hook/ld_library_path_lib.dsv'
[14.046s] INFO:colcon.colcon_core.shell:Creating environment hook '/home/hsm/ros2_ws/install/realsense2_camera/share/realsense2_camera/hook/ld_library_path_lib.sh'
[14.046s] Level 1:colcon.colcon_core.environment:checking '/home/hsm/ros2_ws/install/realsense2_camera/bin'
[14.046s] Level 1:colcon.colcon_core.environment:checking '/home/hsm/ros2_ws/install/realsense2_camera/lib/pkgconfig/realsense2_camera.pc'
[14.046s] Level 1:colcon.colcon_core.environment:checking '/home/hsm/ros2_ws/install/realsense2_camera/lib/python3.10/site-packages'
[14.046s] Level 1:colcon.colcon_core.environment:checking '/home/hsm/ros2_ws/install/realsense2_camera/bin'
[14.047s] INFO:colcon.colcon_core.shell:Creating package script '/home/hsm/ros2_ws/install/realsense2_camera/share/realsense2_camera/package.ps1'
[14.047s] INFO:colcon.colcon_core.shell:Creating package descriptor '/home/hsm/ros2_ws/install/realsense2_camera/share/realsense2_camera/package.dsv'
[14.047s] INFO:colcon.colcon_core.shell:Creating package script '/home/hsm/ros2_ws/install/realsense2_camera/share/realsense2_camera/package.sh'
[14.047s] INFO:colcon.colcon_core.shell:Creating package script '/home/hsm/ros2_ws/install/realsense2_camera/share/realsense2_camera/package.bash'
[14.048s] INFO:colcon.colcon_core.shell:Creating package script '/home/hsm/ros2_ws/install/realsense2_camera/share/realsense2_camera/package.zsh'
[14.048s] Level 1:colcon.colcon_core.environment:create_file_with_runtime_dependencies(/home/hsm/ros2_ws/install/realsense2_camera/share/colcon-core/packages/realsense2_camera)
[14.072s] Level 1:colcon.colcon_core.environment:create_environment_scripts_only(realsense2_camera)
[14.073s] Level 1:colcon.colcon_core.environment:checking '/home/hsm/ros2_ws/install/realsense2_camera' for CMake module files
[14.073s] Level 1:colcon.colcon_core.environment:checking '/home/hsm/ros2_ws/install/realsense2_camera' for CMake config files
[14.073s] Level 1:colcon.colcon_core.shell:create_environment_hook('realsense2_camera', 'cmake_prefix_path')
[14.074s] INFO:colcon.colcon_core.shell:Creating environment hook '/home/hsm/ros2_ws/install/realsense2_camera/share/realsense2_camera/hook/cmake_prefix_path.ps1'
[14.074s] INFO:colcon.colcon_core.shell:Creating environment descriptor '/home/hsm/ros2_ws/install/realsense2_camera/share/realsense2_camera/hook/cmake_prefix_path.dsv'
[14.075s] INFO:colcon.colcon_core.shell:Creating environment hook '/home/hsm/ros2_ws/install/realsense2_camera/share/realsense2_camera/hook/cmake_prefix_path.sh'
[14.075s] Level 1:colcon.colcon_core.environment:checking '/home/hsm/ros2_ws/install/realsense2_camera/lib'
[14.075s] Level 1:colcon.colcon_core.shell:create_environment_hook('realsense2_camera', 'ld_library_path_lib')
[14.076s] INFO:colcon.colcon_core.shell:Creating environment hook '/home/hsm/ros2_ws/install/realsense2_camera/share/realsense2_camera/hook/ld_library_path_lib.ps1'
[14.076s] INFO:colcon.colcon_core.shell:Creating environment descriptor '/home/hsm/ros2_ws/install/realsense2_camera/share/realsense2_camera/hook/ld_library_path_lib.dsv'
[14.076s] INFO:colcon.colcon_core.shell:Creating environment hook '/home/hsm/ros2_ws/install/realsense2_camera/share/realsense2_camera/hook/ld_library_path_lib.sh'
[14.076s] Level 1:colcon.colcon_core.environment:checking '/home/hsm/ros2_ws/install/realsense2_camera/bin'
[14.076s] Level 1:colcon.colcon_core.environment:checking '/home/hsm/ros2_ws/install/realsense2_camera/lib/pkgconfig/realsense2_camera.pc'
[14.076s] Level 1:colcon.colcon_core.environment:checking '/home/hsm/ros2_ws/install/realsense2_camera/lib/python3.10/site-packages'
[14.076s] Level 1:colcon.colcon_core.environment:checking '/home/hsm/ros2_ws/install/realsense2_camera/bin'
[14.077s] INFO:colcon.colcon_core.shell:Creating package script '/home/hsm/ros2_ws/install/realsense2_camera/share/realsense2_camera/package.ps1'
[14.077s] INFO:colcon.colcon_core.shell:Creating package descriptor '/home/hsm/ros2_ws/install/realsense2_camera/share/realsense2_camera/package.dsv'
[14.077s] INFO:colcon.colcon_core.shell:Creating package script '/home/hsm/ros2_ws/install/realsense2_camera/share/realsense2_camera/package.sh'
[14.078s] INFO:colcon.colcon_core.shell:Creating package script '/home/hsm/ros2_ws/install/realsense2_camera/share/realsense2_camera/package.bash'
[14.078s] INFO:colcon.colcon_core.shell:Creating package script '/home/hsm/ros2_ws/install/realsense2_camera/share/realsense2_camera/package.zsh'
[14.078s] Level 1:colcon.colcon_core.environment:create_file_with_runtime_dependencies(/home/hsm/ros2_ws/install/realsense2_camera/share/colcon-core/packages/realsense2_camera)
[14.078s] DEBUG:colcon.colcon_parallel_executor.executor.parallel:closing loop
[14.078s] DEBUG:colcon.colcon_parallel_executor.executor.parallel:loop closed
[14.078s] DEBUG:colcon.colcon_parallel_executor.executor.parallel:run_until_complete finished with '0'
[14.078s] DEBUG:colcon.colcon_core.event_reactor:joining thread
[14.082s] INFO:colcon.colcon_core.plugin_system:Skipping extension 'colcon_notification.desktop_notification.terminal_notifier': Not used on non-Darwin systems
[14.082s] INFO:colcon.colcon_core.plugin_system:Skipping extension 'colcon_notification.desktop_notification.win32': Not used on non-Windows systems
[14.082s] INFO:colcon.colcon_notification.desktop_notification:Sending desktop notification using 'notify2'
[14.092s] DEBUG:colcon.colcon_core.event_reactor:joined thread
[14.094s] INFO:colcon.colcon_core.shell:Creating prefix script '/home/hsm/ros2_ws/install/local_setup.ps1'
[14.095s] INFO:colcon.colcon_core.shell:Creating prefix util module '/home/hsm/ros2_ws/install/_local_setup_util_ps1.py'
[14.095s] INFO:colcon.colcon_core.shell:Creating prefix chain script '/home/hsm/ros2_ws/install/setup.ps1'
[14.096s] INFO:colcon.colcon_core.shell:Creating prefix script '/home/hsm/ros2_ws/install/local_setup.sh'
[14.097s] INFO:colcon.colcon_core.shell:Creating prefix util module '/home/hsm/ros2_ws/install/_local_setup_util_sh.py'
[14.097s] INFO:colcon.colcon_core.shell:Creating prefix chain script '/home/hsm/ros2_ws/install/setup.sh'
[14.098s] INFO:colcon.colcon_core.shell:Creating prefix script '/home/hsm/ros2_ws/install/local_setup.bash'
[14.098s] INFO:colcon.colcon_core.shell:Creating prefix chain script '/home/hsm/ros2_ws/install/setup.bash'
[14.098s] INFO:colcon.colcon_core.shell:Creating prefix script '/home/hsm/ros2_ws/install/local_setup.zsh'
[14.099s] INFO:colcon.colcon_core.shell:Creating prefix chain script '/home/hsm/ros2_ws/install/setup.zsh'
