[0.007s] Invoking command in '/home/hsm/ros2_ws/build/realsense2_camera': AMENT_PREFIX_PATH=/home/hsm/ros2_ws/install/realsense2_camera_msgs:${AMENT_PREFIX_PATH} CMAKE_PREFIX_PATH=/home/hsm/ros2_ws/install/realsense2_camera_msgs:/home/hsm/rplidar/install/rplidar_ros:/opt/ros/humble LD_LIBRARY_PATH=/home/hsm/ros2_ws/install/realsense2_camera_msgs/lib:${LD_LIBRARY_PATH} PYTHONPATH=/home/hsm/ros2_ws/install/realsense2_camera_msgs/local/lib/python3.10/dist-packages:${PYTHONPATH} /usr/bin/cmake /home/hsm/ros2_ws/src/realsense-ros/realsense2_camera -DCMAKE_INSTALL_PREFIX=/home/hsm/ros2_ws/install/realsense2_camera
[0.039s] -- The C compiler identification is GNU 11.3.0
[0.073s] -- The CXX compiler identification is GNU 11.3.0
[0.077s] -- Detecting C compiler ABI info
[0.118s] -- Detecting C compiler ABI info - done
[0.125s] -- Check for working C compiler: /usr/bin/cc - skipped
[0.125s] -- Detecting C compile features
[0.126s] -- Detecting C compile features - done
[0.129s] -- Detecting CXX compiler ABI info
[0.174s] -- Detecting CXX compiler ABI info - done
[0.182s] -- Check for working CXX compiler: /usr/bin/c++ - skipped
[0.182s] -- Detecting CXX compile features
[0.182s] -- Detecting CXX compile features - done
[0.182s] -- Create Release Build.
[0.184s] -- Found ament_cmake: 1.3.3 (/opt/ros/humble/share/ament_cmake/cmake)
[0.286s] -- Found Python3: /usr/bin/python3.10 (found version "3.10.6") found components: Interpreter 
[0.339s] -- Found builtin_interfaces: 1.2.1 (/opt/ros/humble/share/builtin_interfaces/cmake)
[0.360s] -- Found rosidl_generator_c: 3.1.4 (/opt/ros/humble/share/rosidl_generator_c/cmake)
[0.363s] -- Found rosidl_adapter: 3.1.4 (/opt/ros/humble/share/rosidl_adapter/cmake)
[0.368s] -- Found rosidl_generator_cpp: 3.1.4 (/opt/ros/humble/share/rosidl_generator_cpp/cmake)
[0.377s] -- Using all available rosidl_typesupport_c: rosidl_typesupport_fastrtps_c;rosidl_typesupport_introspection_c
[0.389s] -- Using all available rosidl_typesupport_cpp: rosidl_typesupport_fastrtps_cpp;rosidl_typesupport_introspection_cpp
[0.400s] -- Found cv_bridge: 3.2.1 (/opt/ros/humble/share/cv_bridge/cmake)
[0.539s] -- Found image_transport: 3.1.5 (/opt/ros/humble/share/image_transport/cmake)
[0.579s] -- Found rmw_implementation_cmake: 6.1.1 (/opt/ros/humble/share/rmw_implementation_cmake/cmake)
[0.581s] -- Found rmw_fastrtps_cpp: 6.2.2 (/opt/ros/humble/share/rmw_fastrtps_cpp/cmake)
[0.635s] -- Found OpenSSL: /usr/lib/x86_64-linux-gnu/libcrypto.so (found version "3.0.2")  
[0.650s] -- Found FastRTPS: /opt/ros/humble/include  
[0.678s] -- Using RMW implementation 'rmw_fastrtps_cpp' as default
[0.684s] -- Looking for pthread.h
[0.722s] -- Looking for pthread.h - found
[0.722s] -- Performing Test CMAKE_HAVE_LIBC_PTHREAD
[0.759s] -- Performing Test CMAKE_HAVE_LIBC_PTHREAD - Success
[0.760s] -- Found Threads: TRUE  
[0.881s] -- Found rclcpp_components: 16.0.3 (/opt/ros/humble/share/rclcpp_components/cmake)
[0.915s] -- Found realsense2_camera_msgs: 4.51.1 (/home/hsm/ros2_ws/install/realsense2_camera_msgs/share/realsense2_camera_msgs/cmake)
[0.951s] -- Found nav_msgs: 4.2.3 (/opt/ros/humble/share/nav_msgs/cmake)
[1.005s] -- Found tf2_ros: 0.25.2 (/opt/ros/humble/share/tf2_ros/cmake)
[1.179s] -- Found diagnostic_updater: 3.0.0 (/opt/ros/humble/share/diagnostic_updater/cmake)
[1.229s] [33mCMake Warning at CMakeLists.txt:119 (find_package):
[1.229s]   By not providing "Findrealsense2.cmake" in CMAKE_MODULE_PATH this project
[1.229s]   has asked CMake to find a package configuration file provided by
[1.229s]   "realsense2", but CMake did not find one.
[1.229s] 
[1.229s]   Could not find a package configuration file provided by "realsense2"
[1.229s]   (requested version 2.51.1) with any of the following names:
[1.229s] 
[1.229s]     realsense2Config.cmake
[1.229s]     realsense2-config.cmake
[1.229s] 
[1.229s]   Add the installation prefix of "realsense2" to CMAKE_PREFIX_PATH or set
[1.229s]   "realsense2_DIR" to a directory containing one of the above files.  If
[1.229s]   "realsense2" provides a separate development package or SDK, be sure it has
[1.230s]   been installed.
[1.230s] 
[1.230s] [0m
[1.230s] [31mCMake Error at CMakeLists.txt:121 (message):
[1.230s]   
[1.230s] 
[1.230s]   
[1.230s] 
[1.230s]    Intel RealSense SDK 2.0 is missing, please install it from https://github.com/IntelRealSense/librealsense/releases
[1.230s] 
[1.230s]   
[1.230s] 
[1.230s] 
[1.230s] [0m
[1.230s] -- Configuring incomplete, errors occurred!
[1.230s] See also "/home/hsm/ros2_ws/build/realsense2_camera/CMakeFiles/CMakeOutput.log".
[1.235s] Invoked command in '/home/hsm/ros2_ws/build/realsense2_camera' returned '1': AMENT_PREFIX_PATH=/home/hsm/ros2_ws/install/realsense2_camera_msgs:${AMENT_PREFIX_PATH} CMAKE_PREFIX_PATH=/home/hsm/ros2_ws/install/realsense2_camera_msgs:/home/hsm/rplidar/install/rplidar_ros:/opt/ros/humble LD_LIBRARY_PATH=/home/hsm/ros2_ws/install/realsense2_camera_msgs/lib:${LD_LIBRARY_PATH} PYTHONPATH=/home/hsm/ros2_ws/install/realsense2_camera_msgs/local/lib/python3.10/dist-packages:${PYTHONPATH} /usr/bin/cmake /home/hsm/ros2_ws/src/realsense-ros/realsense2_camera -DCMAKE_INSTALL_PREFIX=/home/hsm/ros2_ws/install/realsense2_camera
