[0.006s] Invoking command in '/home/hsm/ros2_ws/build/dynamixel_sdk_examples': AMENT_PREFIX_PATH=/home/hsm/ros2_ws/install/dynamixel_sdk_custom_interfaces:/home/hsm/ros2_ws/install/dynamixel_sdk:${AMENT_PREFIX_PATH} CMAKE_PREFIX_PATH=/home/hsm/ros2_ws/install/dynamixel_sdk_custom_interfaces:/home/hsm/ros2_ws/install/dynamixel_sdk:/opt/ros/humble LD_LIBRARY_PATH=/home/hsm/ros2_ws/install/dynamixel_sdk_custom_interfaces/lib:/home/hsm/ros2_ws/install/dynamixel_sdk/lib:${LD_LIBRARY_PATH} PYTHONPATH=/home/hsm/ros2_ws/install/dynamixel_sdk_custom_interfaces/local/lib/python3.10/dist-packages:${PYTHONPATH} /usr/bin/cmake /home/hsm/ros2_ws/src/DynamixelSDK/dynamixel_sdk_examples -DCMAKE_INSTALL_PREFIX=/home/hsm/ros2_ws/install/dynamixel_sdk_examples
[0.034s] -- The C compiler identification is GNU 11.3.0
[0.063s] -- The CXX compiler identification is GNU 11.3.0
[0.067s] -- Detecting C compiler ABI info
[0.102s] -- Detecting C compiler ABI info - done
[0.106s] -- Check for working C compiler: /usr/bin/cc - skipped
[0.106s] -- Detecting C compile features
[0.106s] -- Detecting C compile features - done
[0.108s] -- Detecting CXX compiler ABI info
[0.148s] -- Detecting CXX compiler ABI info - done
[0.152s] -- Check for working CXX compiler: /usr/bin/c++ - skipped
[0.153s] -- Detecting CXX compile features
[0.153s] -- Detecting CXX compile features - done
[0.154s] -- Found ament_cmake: 1.3.3 (/opt/ros/humble/share/ament_cmake/cmake)
[0.247s] -- Found Python3: /usr/bin/python3.10 (found version "3.10.6") found components: Interpreter 
[0.297s] -- Found dynamixel_sdk: 3.7.60 (/home/hsm/ros2_ws/install/dynamixel_sdk/share/dynamixel_sdk/cmake)
[0.298s] -- Found dynamixel_sdk_custom_interfaces: 3.7.60 (/home/hsm/ros2_ws/install/dynamixel_sdk_custom_interfaces/share/dynamixel_sdk_custom_interfaces/cmake)
[0.318s] -- Found rosidl_generator_c: 3.1.4 (/opt/ros/humble/share/rosidl_generator_c/cmake)
[0.321s] -- Found rosidl_adapter: 3.1.4 (/opt/ros/humble/share/rosidl_adapter/cmake)
[0.327s] -- Found rosidl_generator_cpp: 3.1.4 (/opt/ros/humble/share/rosidl_generator_cpp/cmake)
[0.334s] -- Using all available rosidl_typesupport_c: rosidl_typesupport_fastrtps_c;rosidl_typesupport_introspection_c
[0.346s] -- Using all available rosidl_typesupport_cpp: rosidl_typesupport_fastrtps_cpp;rosidl_typesupport_introspection_cpp
[0.390s] -- Found rclcpp: 16.0.3 (/opt/ros/humble/share/rclcpp/cmake)
[0.430s] -- Found rmw_implementation_cmake: 6.1.1 (/opt/ros/humble/share/rmw_implementation_cmake/cmake)
[0.432s] -- Found rmw_fastrtps_cpp: 6.2.2 (/opt/ros/humble/share/rmw_fastrtps_cpp/cmake)
[0.492s] -- Found OpenSSL: /usr/lib/x86_64-linux-gnu/libcrypto.so (found version "3.0.2")  
[0.510s] -- Found FastRTPS: /opt/ros/humble/include  
[0.538s] -- Using RMW implementation 'rmw_fastrtps_cpp' as default
[0.545s] -- Looking for pthread.h
[0.586s] -- Looking for pthread.h - found
[0.586s] -- Performing Test CMAKE_HAVE_LIBC_PTHREAD
[0.630s] -- Performing Test CMAKE_HAVE_LIBC_PTHREAD - Success
[0.631s] -- Found Threads: TRUE  
[0.733s] -- Found ament_lint_auto: 0.12.5 (/opt/ros/humble/share/ament_lint_auto/cmake)
[0.783s] -- Added test 'copyright' to check source files copyright and LICENSE
[0.783s] -- Added test 'cppcheck' to perform static code analysis on C / C++ code
[0.783s] -- Configured cppcheck include dirs: /home/hsm/ros2_ws/src/DynamixelSDK/dynamixel_sdk_examples/include
[0.784s] -- Configured cppcheck exclude dirs and/or files: 
[0.784s] -- Added test 'cpplint' to check C / C++ code against the Google style
[0.784s] -- Configured cpplint exclude dirs and/or files: 
[0.784s] -- Added test 'lint_cmake' to check CMake code style
[0.785s] -- Added test 'uncrustify' to check C / C++ code style
[0.785s] -- Configured uncrustify additional arguments: 
[0.785s] -- Added test 'xmllint' to check XML markup files
[0.786s] -- Configuring done
[0.791s] -- Generating done
[0.792s] -- Build files have been written to: /home/hsm/ros2_ws/build/dynamixel_sdk_examples
[0.799s] Invoked command in '/home/hsm/ros2_ws/build/dynamixel_sdk_examples' returned '0': AMENT_PREFIX_PATH=/home/hsm/ros2_ws/install/dynamixel_sdk_custom_interfaces:/home/hsm/ros2_ws/install/dynamixel_sdk:${AMENT_PREFIX_PATH} CMAKE_PREFIX_PATH=/home/hsm/ros2_ws/install/dynamixel_sdk_custom_interfaces:/home/hsm/ros2_ws/install/dynamixel_sdk:/opt/ros/humble LD_LIBRARY_PATH=/home/hsm/ros2_ws/install/dynamixel_sdk_custom_interfaces/lib:/home/hsm/ros2_ws/install/dynamixel_sdk/lib:${LD_LIBRARY_PATH} PYTHONPATH=/home/hsm/ros2_ws/install/dynamixel_sdk_custom_interfaces/local/lib/python3.10/dist-packages:${PYTHONPATH} /usr/bin/cmake /home/hsm/ros2_ws/src/DynamixelSDK/dynamixel_sdk_examples -DCMAKE_INSTALL_PREFIX=/home/hsm/ros2_ws/install/dynamixel_sdk_examples
[0.800s] Invoking command in '/home/hsm/ros2_ws/build/dynamixel_sdk_examples': AMENT_PREFIX_PATH=/home/hsm/ros2_ws/install/dynamixel_sdk_custom_interfaces:/home/hsm/ros2_ws/install/dynamixel_sdk:${AMENT_PREFIX_PATH} CMAKE_PREFIX_PATH=/home/hsm/ros2_ws/install/dynamixel_sdk_custom_interfaces:/home/hsm/ros2_ws/install/dynamixel_sdk:/opt/ros/humble LD_LIBRARY_PATH=/home/hsm/ros2_ws/install/dynamixel_sdk_custom_interfaces/lib:/home/hsm/ros2_ws/install/dynamixel_sdk/lib:${LD_LIBRARY_PATH} PYTHONPATH=/home/hsm/ros2_ws/install/dynamixel_sdk_custom_interfaces/local/lib/python3.10/dist-packages:${PYTHONPATH} /usr/bin/cmake --build /home/hsm/ros2_ws/build/dynamixel_sdk_examples -- -j16 -l16
[0.827s] [ 50%] [32mBuilding CXX object CMakeFiles/read_write_node.dir/src/read_write_node.cpp.o[0m
[5.920s] [100%] [32m[1mLinking CXX executable read_write_node[0m
[6.157s] [100%] Built target read_write_node
[6.163s] Invoked command in '/home/hsm/ros2_ws/build/dynamixel_sdk_examples' returned '0': AMENT_PREFIX_PATH=/home/hsm/ros2_ws/install/dynamixel_sdk_custom_interfaces:/home/hsm/ros2_ws/install/dynamixel_sdk:${AMENT_PREFIX_PATH} CMAKE_PREFIX_PATH=/home/hsm/ros2_ws/install/dynamixel_sdk_custom_interfaces:/home/hsm/ros2_ws/install/dynamixel_sdk:/opt/ros/humble LD_LIBRARY_PATH=/home/hsm/ros2_ws/install/dynamixel_sdk_custom_interfaces/lib:/home/hsm/ros2_ws/install/dynamixel_sdk/lib:${LD_LIBRARY_PATH} PYTHONPATH=/home/hsm/ros2_ws/install/dynamixel_sdk_custom_interfaces/local/lib/python3.10/dist-packages:${PYTHONPATH} /usr/bin/cmake --build /home/hsm/ros2_ws/build/dynamixel_sdk_examples -- -j16 -l16
[6.176s] Invoking command in '/home/hsm/ros2_ws/build/dynamixel_sdk_examples': AMENT_PREFIX_PATH=/home/hsm/ros2_ws/install/dynamixel_sdk_custom_interfaces:/home/hsm/ros2_ws/install/dynamixel_sdk:${AMENT_PREFIX_PATH} CMAKE_PREFIX_PATH=/home/hsm/ros2_ws/install/dynamixel_sdk_custom_interfaces:/home/hsm/ros2_ws/install/dynamixel_sdk:/opt/ros/humble LD_LIBRARY_PATH=/home/hsm/ros2_ws/install/dynamixel_sdk_custom_interfaces/lib:/home/hsm/ros2_ws/install/dynamixel_sdk/lib:${LD_LIBRARY_PATH} PYTHONPATH=/home/hsm/ros2_ws/install/dynamixel_sdk_custom_interfaces/local/lib/python3.10/dist-packages:${PYTHONPATH} /usr/bin/cmake --install /home/hsm/ros2_ws/build/dynamixel_sdk_examples
[6.179s] -- Install configuration: ""
[6.180s] -- Installing: /home/hsm/ros2_ws/install/dynamixel_sdk_examples/lib/dynamixel_sdk_examples/read_write_node
[6.182s] -- Set runtime path of "/home/hsm/ros2_ws/install/dynamixel_sdk_examples/lib/dynamixel_sdk_examples/read_write_node" to ""
[6.182s] -- Installing: /home/hsm/ros2_ws/install/dynamixel_sdk_examples/share/ament_index/resource_index/package_run_dependencies/dynamixel_sdk_examples
[6.182s] -- Installing: /home/hsm/ros2_ws/install/dynamixel_sdk_examples/share/ament_index/resource_index/parent_prefix_path/dynamixel_sdk_examples
[6.182s] -- Installing: /home/hsm/ros2_ws/install/dynamixel_sdk_examples/share/dynamixel_sdk_examples/environment/ament_prefix_path.sh
[6.182s] -- Installing: /home/hsm/ros2_ws/install/dynamixel_sdk_examples/share/dynamixel_sdk_examples/environment/ament_prefix_path.dsv
[6.182s] -- Installing: /home/hsm/ros2_ws/install/dynamixel_sdk_examples/share/dynamixel_sdk_examples/environment/path.sh
[6.182s] -- Installing: /home/hsm/ros2_ws/install/dynamixel_sdk_examples/share/dynamixel_sdk_examples/environment/path.dsv
[6.182s] -- Installing: /home/hsm/ros2_ws/install/dynamixel_sdk_examples/share/dynamixel_sdk_examples/local_setup.bash
[6.182s] -- Installing: /home/hsm/ros2_ws/install/dynamixel_sdk_examples/share/dynamixel_sdk_examples/local_setup.sh
[6.182s] -- Installing: /home/hsm/ros2_ws/install/dynamixel_sdk_examples/share/dynamixel_sdk_examples/local_setup.zsh
[6.182s] -- Installing: /home/hsm/ros2_ws/install/dynamixel_sdk_examples/share/dynamixel_sdk_examples/local_setup.dsv
[6.183s] -- Installing: /home/hsm/ros2_ws/install/dynamixel_sdk_examples/share/dynamixel_sdk_examples/package.dsv
[6.183s] -- Installing: /home/hsm/ros2_ws/install/dynamixel_sdk_examples/share/ament_index/resource_index/packages/dynamixel_sdk_examples
[6.183s] -- Installing: /home/hsm/ros2_ws/install/dynamixel_sdk_examples/share/dynamixel_sdk_examples/cmake/dynamixel_sdk_examplesConfig.cmake
[6.183s] -- Installing: /home/hsm/ros2_ws/install/dynamixel_sdk_examples/share/dynamixel_sdk_examples/cmake/dynamixel_sdk_examplesConfig-version.cmake
[6.183s] -- Installing: /home/hsm/ros2_ws/install/dynamixel_sdk_examples/share/dynamixel_sdk_examples/package.xml
[6.185s] Invoked command in '/home/hsm/ros2_ws/build/dynamixel_sdk_examples' returned '0': AMENT_PREFIX_PATH=/home/hsm/ros2_ws/install/dynamixel_sdk_custom_interfaces:/home/hsm/ros2_ws/install/dynamixel_sdk:${AMENT_PREFIX_PATH} CMAKE_PREFIX_PATH=/home/hsm/ros2_ws/install/dynamixel_sdk_custom_interfaces:/home/hsm/ros2_ws/install/dynamixel_sdk:/opt/ros/humble LD_LIBRARY_PATH=/home/hsm/ros2_ws/install/dynamixel_sdk_custom_interfaces/lib:/home/hsm/ros2_ws/install/dynamixel_sdk/lib:${LD_LIBRARY_PATH} PYTHONPATH=/home/hsm/ros2_ws/install/dynamixel_sdk_custom_interfaces/local/lib/python3.10/dist-packages:${PYTHONPATH} /usr/bin/cmake --install /home/hsm/ros2_ws/build/dynamixel_sdk_examples
