[0.009s] Invoking command in '/home/hsm/ros2_ws/build/dynamixel_sdk': CMAKE_PREFIX_PATH=/opt/ros/humble /usr/bin/cmake /home/hsm/ros2_ws/src/DynamixelSDK/dynamixel_sdk -DCMAKE_INSTALL_PREFIX=/home/hsm/ros2_ws/install/dynamixel_sdk
[0.070s] -- The C compiler identification is GNU 11.3.0
[0.123s] -- The CXX compiler identification is GNU 11.3.0
[0.131s] -- Detecting C compiler ABI info
[0.171s] -- Detecting C compiler ABI info - done
[0.176s] -- Check for working C compiler: /usr/bin/cc - skipped
[0.176s] -- Detecting C compile features
[0.176s] -- Detecting C compile features - done
[0.178s] -- Detecting CXX compiler ABI info
[0.225s] -- Detecting CXX compiler ABI info - done
[0.231s] -- Check for working CXX compiler: /usr/bin/c++ - skipped
[0.231s] -- Detecting CXX compile features
[0.232s] -- Detecting CXX compile features - done
[0.233s] -- Found ament_cmake: 1.3.3 (/opt/ros/humble/share/ament_cmake/cmake)
[0.344s] -- Found Python3: /usr/bin/python3.10 (found version "3.10.6") found components: Interpreter 
[0.450s] -- Configuring done
[0.455s] -- Generating done
[0.456s] -- Build files have been written to: /home/hsm/ros2_ws/build/dynamixel_sdk
[0.462s] Invoked command in '/home/hsm/ros2_ws/build/dynamixel_sdk' returned '0': CMAKE_PREFIX_PATH=/opt/ros/humble /usr/bin/cmake /home/hsm/ros2_ws/src/DynamixelSDK/dynamixel_sdk -DCMAKE_INSTALL_PREFIX=/home/hsm/ros2_ws/install/dynamixel_sdk
[0.463s] Invoking command in '/home/hsm/ros2_ws/build/dynamixel_sdk': CMAKE_PREFIX_PATH=/opt/ros/humble /usr/bin/cmake --build /home/hsm/ros2_ws/build/dynamixel_sdk -- -j16 -l16
[0.487s] [ 30%] [32mBuilding CXX object CMakeFiles/dynamixel_sdk.dir/src/dynamixel_sdk/packet_handler.cpp.o[0m
[0.488s] [ 30%] [32mBuilding CXX object CMakeFiles/dynamixel_sdk.dir/src/dynamixel_sdk/protocol1_packet_handler.cpp.o[0m
[0.488s] [ 30%] [32mBuilding CXX object CMakeFiles/dynamixel_sdk.dir/src/dynamixel_sdk/protocol2_packet_handler.cpp.o[0m
[0.488s] [ 40%] [32mBuilding CXX object CMakeFiles/dynamixel_sdk.dir/src/dynamixel_sdk/group_sync_read.cpp.o[0m
[0.489s] [ 50%] [32mBuilding CXX object CMakeFiles/dynamixel_sdk.dir/src/dynamixel_sdk/group_sync_write.cpp.o[0m
[0.489s] [ 60%] [32mBuilding CXX object CMakeFiles/dynamixel_sdk.dir/src/dynamixel_sdk/port_handler.cpp.o[0m
[0.489s] [ 70%] [32mBuilding CXX object CMakeFiles/dynamixel_sdk.dir/src/dynamixel_sdk/group_bulk_read.cpp.o[0m
[0.491s] [ 80%] [32mBuilding CXX object CMakeFiles/dynamixel_sdk.dir/src/dynamixel_sdk/port_handler_linux.cpp.o[0m
[0.491s] [ 90%] [32mBuilding CXX object CMakeFiles/dynamixel_sdk.dir/src/dynamixel_sdk/group_bulk_write.cpp.o[0m
[0.887s] [100%] [32m[1mLinking CXX shared library libdynamixel_sdk.so[0m
[0.937s] [100%] Built target dynamixel_sdk
[0.945s] Invoked command in '/home/hsm/ros2_ws/build/dynamixel_sdk' returned '0': CMAKE_PREFIX_PATH=/opt/ros/humble /usr/bin/cmake --build /home/hsm/ros2_ws/build/dynamixel_sdk -- -j16 -l16
[0.965s] Invoking command in '/home/hsm/ros2_ws/build/dynamixel_sdk': CMAKE_PREFIX_PATH=/opt/ros/humble /usr/bin/cmake --install /home/hsm/ros2_ws/build/dynamixel_sdk
[0.969s] -- Install configuration: ""
[0.969s] -- Installing: /home/hsm/ros2_ws/install/dynamixel_sdk/include/
[0.970s] -- Installing: /home/hsm/ros2_ws/install/dynamixel_sdk/include//dynamixel_sdk
[0.970s] -- Installing: /home/hsm/ros2_ws/install/dynamixel_sdk/include//dynamixel_sdk/port_handler.h
[0.970s] -- Installing: /home/hsm/ros2_ws/install/dynamixel_sdk/include//dynamixel_sdk/group_sync_read.h
[0.970s] -- Installing: /home/hsm/ros2_ws/install/dynamixel_sdk/include//dynamixel_sdk/dynamixel_sdk.h
[0.970s] -- Installing: /home/hsm/ros2_ws/install/dynamixel_sdk/include//dynamixel_sdk/port_handler_windows.h
[0.970s] -- Installing: /home/hsm/ros2_ws/install/dynamixel_sdk/include//dynamixel_sdk/port_handler_linux.h
[0.970s] -- Installing: /home/hsm/ros2_ws/install/dynamixel_sdk/include//dynamixel_sdk/packet_handler.h
[0.970s] -- Installing: /home/hsm/ros2_ws/install/dynamixel_sdk/include//dynamixel_sdk/group_bulk_read.h
[0.970s] -- Installing: /home/hsm/ros2_ws/install/dynamixel_sdk/include//dynamixel_sdk/group_sync_write.h
[0.970s] -- Installing: /home/hsm/ros2_ws/install/dynamixel_sdk/include//dynamixel_sdk/group_bulk_write.h
[0.970s] -- Installing: /home/hsm/ros2_ws/install/dynamixel_sdk/include//dynamixel_sdk/port_handler_arduino.h
[0.970s] -- Installing: /home/hsm/ros2_ws/install/dynamixel_sdk/include//dynamixel_sdk/port_handler_mac.h
[0.970s] -- Installing: /home/hsm/ros2_ws/install/dynamixel_sdk/include//dynamixel_sdk/protocol2_packet_handler.h
[0.970s] -- Installing: /home/hsm/ros2_ws/install/dynamixel_sdk/include//dynamixel_sdk/protocol1_packet_handler.h
[0.971s] -- Installing: /home/hsm/ros2_ws/install/dynamixel_sdk/lib/libdynamixel_sdk.so
[0.971s] -- Installing: /home/hsm/ros2_ws/install/dynamixel_sdk/share/dynamixel_sdk/environment/library_path.sh
[0.971s] -- Installing: /home/hsm/ros2_ws/install/dynamixel_sdk/share/dynamixel_sdk/environment/library_path.dsv
[0.971s] -- Installing: /home/hsm/ros2_ws/install/dynamixel_sdk/share/ament_index/resource_index/package_run_dependencies/dynamixel_sdk
[0.971s] -- Installing: /home/hsm/ros2_ws/install/dynamixel_sdk/share/ament_index/resource_index/parent_prefix_path/dynamixel_sdk
[0.971s] -- Installing: /home/hsm/ros2_ws/install/dynamixel_sdk/share/dynamixel_sdk/environment/ament_prefix_path.sh
[0.971s] -- Installing: /home/hsm/ros2_ws/install/dynamixel_sdk/share/dynamixel_sdk/environment/ament_prefix_path.dsv
[0.971s] -- Installing: /home/hsm/ros2_ws/install/dynamixel_sdk/share/dynamixel_sdk/environment/path.sh
[0.971s] -- Installing: /home/hsm/ros2_ws/install/dynamixel_sdk/share/dynamixel_sdk/environment/path.dsv
[0.971s] -- Installing: /home/hsm/ros2_ws/install/dynamixel_sdk/share/dynamixel_sdk/local_setup.bash
[0.971s] -- Installing: /home/hsm/ros2_ws/install/dynamixel_sdk/share/dynamixel_sdk/local_setup.sh
[0.971s] -- Installing: /home/hsm/ros2_ws/install/dynamixel_sdk/share/dynamixel_sdk/local_setup.zsh
[0.972s] -- Installing: /home/hsm/ros2_ws/install/dynamixel_sdk/share/dynamixel_sdk/local_setup.dsv
[0.972s] -- Installing: /home/hsm/ros2_ws/install/dynamixel_sdk/share/dynamixel_sdk/package.dsv
[0.972s] -- Installing: /home/hsm/ros2_ws/install/dynamixel_sdk/share/ament_index/resource_index/packages/dynamixel_sdk
[0.972s] -- Installing: /home/hsm/ros2_ws/install/dynamixel_sdk/share/dynamixel_sdk/cmake/ament_cmake_export_include_directories-extras.cmake
[0.972s] -- Installing: /home/hsm/ros2_ws/install/dynamixel_sdk/share/dynamixel_sdk/cmake/ament_cmake_export_libraries-extras.cmake
[0.972s] -- Installing: /home/hsm/ros2_ws/install/dynamixel_sdk/share/dynamixel_sdk/cmake/dynamixel_sdkConfig.cmake
[0.972s] -- Installing: /home/hsm/ros2_ws/install/dynamixel_sdk/share/dynamixel_sdk/cmake/dynamixel_sdkConfig-version.cmake
[0.972s] -- Installing: /home/hsm/ros2_ws/install/dynamixel_sdk/share/dynamixel_sdk/package.xml
[0.973s] Invoked command in '/home/hsm/ros2_ws/build/dynamixel_sdk' returned '0': CMAKE_PREFIX_PATH=/opt/ros/humble /usr/bin/cmake --install /home/hsm/ros2_ws/build/dynamixel_sdk
