[0.260s] DEBUG:colcon:Command line arguments: ['/usr/bin/colcon', 'build']
[0.260s] DEBUG:colcon:Parsed command line arguments: Namespace(log_base=None, log_level=None, verb_name='build', build_base='build', install_base='install', merge_install=False, symlink_install=False, test_result_base=None, continue_on_error=False, executor='parallel', parallel_workers=16, event_handlers=None, ignore_user_meta=False, metas=['./colcon.meta'], base_paths=['.'], packages_ignore=None, packages_ignore_regex=None, paths=None, packages_up_to=None, packages_up_to_regex=None, packages_above=None, packages_above_and_dependencies=None, packages_above_depth=None, packages_select_by_dep=None, packages_skip_by_dep=None, packages_skip_up_to=None, packages_select_build_failed=False, packages_skip_build_finished=False, packages_select_test_failures=False, packages_skip_test_passed=False, packages_select=None, packages_skip=None, packages_select_regex=None, packages_skip_regex=None, packages_start=None, packages_end=None, allow_overriding=[], cmake_args=None, cmake_target=None, cmake_target_skip_unavailable=False, cmake_clean_cache=False, cmake_clean_first=False, cmake_force_configure=False, ament_cmake_args=None, catkin_cmake_args=None, catkin_skip_building_tests=False, verb_parser=<colcon_defaults.argument_parser.defaults.DefaultArgumentsDecorator object at 0x7fcbd3e12860>, verb_extension=<colcon_core.verb.build.BuildVerb object at 0x7fcbd4828b80>, main=<bound method BuildVerb.main of <colcon_core.verb.build.BuildVerb object at 0x7fcbd4828b80>>)
[0.281s] Level 1:colcon.colcon_core.package_discovery:discover_packages(colcon_meta) check parameters
[0.281s] Level 1:colcon.colcon_core.package_discovery:discover_packages(recursive) check parameters
[0.281s] Level 1:colcon.colcon_core.package_discovery:discover_packages(ignore) check parameters
[0.281s] Level 1:colcon.colcon_core.package_discovery:discover_packages(path) check parameters
[0.281s] Level 1:colcon.colcon_core.package_discovery:discover_packages(colcon_meta) discover
[0.281s] Level 1:colcon.colcon_core.package_discovery:discover_packages(recursive) discover
[0.281s] INFO:colcon.colcon_core.package_discovery:Crawling recursively for packages in '/home/hsm/ros2_ws'
[0.281s] Level 1:colcon.colcon_core.package_identification:_identify(.) by extensions ['ignore', 'ignore_ament_install']
[0.281s] Level 1:colcon.colcon_core.package_identification:_identify(.) by extension 'ignore'
[0.281s] Level 1:colcon.colcon_core.package_identification:_identify(.) by extension 'ignore_ament_install'
[0.281s] Level 1:colcon.colcon_core.package_identification:_identify(.) by extensions ['colcon_pkg']
[0.281s] Level 1:colcon.colcon_core.package_identification:_identify(.) by extension 'colcon_pkg'
[0.281s] Level 1:colcon.colcon_core.package_identification:_identify(.) by extensions ['colcon_meta']
[0.281s] Level 1:colcon.colcon_core.package_identification:_identify(.) by extension 'colcon_meta'
[0.281s] Level 1:colcon.colcon_core.package_identification:_identify(.) by extensions ['ros']
[0.281s] Level 1:colcon.colcon_core.package_identification:_identify(.) by extension 'ros'
[0.288s] Level 1:colcon.colcon_core.package_identification:_identify(.) by extensions ['cmake', 'python']
[0.288s] Level 1:colcon.colcon_core.package_identification:_identify(.) by extension 'cmake'
[0.288s] Level 1:colcon.colcon_core.package_identification:_identify(.) by extension 'python'
[0.288s] Level 1:colcon.colcon_core.package_identification:_identify(.) by extensions ['python_setup_py']
[0.288s] Level 1:colcon.colcon_core.package_identification:_identify(.) by extension 'python_setup_py'
[0.288s] Level 1:colcon.colcon_core.package_identification:_identify(build) by extensions ['ignore', 'ignore_ament_install']
[0.288s] Level 1:colcon.colcon_core.package_identification:_identify(build) by extension 'ignore'
[0.288s] Level 1:colcon.colcon_core.package_identification:_identify(build) ignored
[0.288s] Level 1:colcon.colcon_core.package_identification:_identify(install) by extensions ['ignore', 'ignore_ament_install']
[0.288s] Level 1:colcon.colcon_core.package_identification:_identify(install) by extension 'ignore'
[0.288s] Level 1:colcon.colcon_core.package_identification:_identify(install) ignored
[0.288s] Level 1:colcon.colcon_core.package_identification:_identify(log) by extensions ['ignore', 'ignore_ament_install']
[0.288s] Level 1:colcon.colcon_core.package_identification:_identify(log) by extension 'ignore'
[0.288s] Level 1:colcon.colcon_core.package_identification:_identify(log) ignored
[0.288s] Level 1:colcon.colcon_core.package_identification:_identify(src) by extensions ['ignore', 'ignore_ament_install']
[0.289s] Level 1:colcon.colcon_core.package_identification:_identify(src) by extension 'ignore'
[0.289s] Level 1:colcon.colcon_core.package_identification:_identify(src) by extension 'ignore_ament_install'
[0.289s] Level 1:colcon.colcon_core.package_identification:_identify(src) by extensions ['colcon_pkg']
[0.289s] Level 1:colcon.colcon_core.package_identification:_identify(src) by extension 'colcon_pkg'
[0.289s] Level 1:colcon.colcon_core.package_identification:_identify(src) by extensions ['colcon_meta']
[0.289s] Level 1:colcon.colcon_core.package_identification:_identify(src) by extension 'colcon_meta'
[0.289s] Level 1:colcon.colcon_core.package_identification:_identify(src) by extensions ['ros']
[0.289s] Level 1:colcon.colcon_core.package_identification:_identify(src) by extension 'ros'
[0.289s] Level 1:colcon.colcon_core.package_identification:_identify(src) by extensions ['cmake', 'python']
[0.289s] Level 1:colcon.colcon_core.package_identification:_identify(src) by extension 'cmake'
[0.289s] Level 1:colcon.colcon_core.package_identification:_identify(src) by extension 'python'
[0.289s] Level 1:colcon.colcon_core.package_identification:_identify(src) by extensions ['python_setup_py']
[0.289s] Level 1:colcon.colcon_core.package_identification:_identify(src) by extension 'python_setup_py'
[0.289s] Level 1:colcon.colcon_core.package_identification:_identify(src/DynamixelSDK) by extensions ['ignore', 'ignore_ament_install']
[0.289s] Level 1:colcon.colcon_core.package_identification:_identify(src/DynamixelSDK) by extension 'ignore'
[0.289s] Level 1:colcon.colcon_core.package_identification:_identify(src/DynamixelSDK) by extension 'ignore_ament_install'
[0.289s] Level 1:colcon.colcon_core.package_identification:_identify(src/DynamixelSDK) by extensions ['colcon_pkg']
[0.289s] Level 1:colcon.colcon_core.package_identification:_identify(src/DynamixelSDK) by extension 'colcon_pkg'
[0.289s] Level 1:colcon.colcon_core.package_identification:_identify(src/DynamixelSDK) by extensions ['colcon_meta']
[0.289s] Level 1:colcon.colcon_core.package_identification:_identify(src/DynamixelSDK) by extension 'colcon_meta'
[0.289s] Level 1:colcon.colcon_core.package_identification:_identify(src/DynamixelSDK) by extensions ['ros']
[0.289s] Level 1:colcon.colcon_core.package_identification:_identify(src/DynamixelSDK) by extension 'ros'
[0.289s] Level 1:colcon.colcon_core.package_identification:_identify(src/DynamixelSDK) by extensions ['cmake', 'python']
[0.289s] Level 1:colcon.colcon_core.package_identification:_identify(src/DynamixelSDK) by extension 'cmake'
[0.289s] Level 1:colcon.colcon_core.package_identification:_identify(src/DynamixelSDK) by extension 'python'
[0.289s] Level 1:colcon.colcon_core.package_identification:_identify(src/DynamixelSDK) by extensions ['python_setup_py']
[0.289s] Level 1:colcon.colcon_core.package_identification:_identify(src/DynamixelSDK) by extension 'python_setup_py'
[0.289s] Level 1:colcon.colcon_core.package_identification:_identify(src/DynamixelSDK/dynamixel_sdk) by extensions ['ignore', 'ignore_ament_install']
[0.289s] Level 1:colcon.colcon_core.package_identification:_identify(src/DynamixelSDK/dynamixel_sdk) by extension 'ignore'
[0.289s] Level 1:colcon.colcon_core.package_identification:_identify(src/DynamixelSDK/dynamixel_sdk) by extension 'ignore_ament_install'
[0.289s] Level 1:colcon.colcon_core.package_identification:_identify(src/DynamixelSDK/dynamixel_sdk) by extensions ['colcon_pkg']
[0.289s] Level 1:colcon.colcon_core.package_identification:_identify(src/DynamixelSDK/dynamixel_sdk) by extension 'colcon_pkg'
[0.289s] Level 1:colcon.colcon_core.package_identification:_identify(src/DynamixelSDK/dynamixel_sdk) by extensions ['colcon_meta']
[0.289s] Level 1:colcon.colcon_core.package_identification:_identify(src/DynamixelSDK/dynamixel_sdk) by extension 'colcon_meta'
[0.289s] Level 1:colcon.colcon_core.package_identification:_identify(src/DynamixelSDK/dynamixel_sdk) by extensions ['ros']
[0.289s] Level 1:colcon.colcon_core.package_identification:_identify(src/DynamixelSDK/dynamixel_sdk) by extension 'ros'
[0.291s] DEBUG:colcon.colcon_core.package_identification:Package 'src/DynamixelSDK/dynamixel_sdk' with type 'ros.ament_cmake' and name 'dynamixel_sdk'
[0.291s] Level 1:colcon.colcon_core.package_identification:_identify(src/DynamixelSDK/dynamixel_sdk_custom_interfaces) by extensions ['ignore', 'ignore_ament_install']
[0.291s] Level 1:colcon.colcon_core.package_identification:_identify(src/DynamixelSDK/dynamixel_sdk_custom_interfaces) by extension 'ignore'
[0.291s] Level 1:colcon.colcon_core.package_identification:_identify(src/DynamixelSDK/dynamixel_sdk_custom_interfaces) by extension 'ignore_ament_install'
[0.291s] Level 1:colcon.colcon_core.package_identification:_identify(src/DynamixelSDK/dynamixel_sdk_custom_interfaces) by extensions ['colcon_pkg']
[0.291s] Level 1:colcon.colcon_core.package_identification:_identify(src/DynamixelSDK/dynamixel_sdk_custom_interfaces) by extension 'colcon_pkg'
[0.291s] Level 1:colcon.colcon_core.package_identification:_identify(src/DynamixelSDK/dynamixel_sdk_custom_interfaces) by extensions ['colcon_meta']
[0.291s] Level 1:colcon.colcon_core.package_identification:_identify(src/DynamixelSDK/dynamixel_sdk_custom_interfaces) by extension 'colcon_meta'
[0.291s] Level 1:colcon.colcon_core.package_identification:_identify(src/DynamixelSDK/dynamixel_sdk_custom_interfaces) by extensions ['ros']
[0.291s] Level 1:colcon.colcon_core.package_identification:_identify(src/DynamixelSDK/dynamixel_sdk_custom_interfaces) by extension 'ros'
[0.291s] DEBUG:colcon.colcon_core.package_identification:Package 'src/DynamixelSDK/dynamixel_sdk_custom_interfaces' with type 'ros.ament_cmake' and name 'dynamixel_sdk_custom_interfaces'
[0.292s] Level 1:colcon.colcon_core.package_identification:_identify(src/DynamixelSDK/dynamixel_sdk_examples) by extensions ['ignore', 'ignore_ament_install']
[0.292s] Level 1:colcon.colcon_core.package_identification:_identify(src/DynamixelSDK/dynamixel_sdk_examples) by extension 'ignore'
[0.292s] Level 1:colcon.colcon_core.package_identification:_identify(src/DynamixelSDK/dynamixel_sdk_examples) by extension 'ignore_ament_install'
[0.292s] Level 1:colcon.colcon_core.package_identification:_identify(src/DynamixelSDK/dynamixel_sdk_examples) by extensions ['colcon_pkg']
[0.292s] Level 1:colcon.colcon_core.package_identification:_identify(src/DynamixelSDK/dynamixel_sdk_examples) by extension 'colcon_pkg'
[0.292s] Level 1:colcon.colcon_core.package_identification:_identify(src/DynamixelSDK/dynamixel_sdk_examples) by extensions ['colcon_meta']
[0.292s] Level 1:colcon.colcon_core.package_identification:_identify(src/DynamixelSDK/dynamixel_sdk_examples) by extension 'colcon_meta'
[0.292s] Level 1:colcon.colcon_core.package_identification:_identify(src/DynamixelSDK/dynamixel_sdk_examples) by extensions ['ros']
[0.292s] Level 1:colcon.colcon_core.package_identification:_identify(src/DynamixelSDK/dynamixel_sdk_examples) by extension 'ros'
[0.292s] DEBUG:colcon.colcon_core.package_identification:Package 'src/DynamixelSDK/dynamixel_sdk_examples' with type 'ros.ament_cmake' and name 'dynamixel_sdk_examples'
[0.292s] Level 1:colcon.colcon_core.package_identification:_identify(src/realsense-ros) by extensions ['ignore', 'ignore_ament_install']
[0.292s] Level 1:colcon.colcon_core.package_identification:_identify(src/realsense-ros) by extension 'ignore'
[0.292s] Level 1:colcon.colcon_core.package_identification:_identify(src/realsense-ros) by extension 'ignore_ament_install'
[0.292s] Level 1:colcon.colcon_core.package_identification:_identify(src/realsense-ros) by extensions ['colcon_pkg']
[0.292s] Level 1:colcon.colcon_core.package_identification:_identify(src/realsense-ros) by extension 'colcon_pkg'
[0.292s] Level 1:colcon.colcon_core.package_identification:_identify(src/realsense-ros) by extensions ['colcon_meta']
[0.292s] Level 1:colcon.colcon_core.package_identification:_identify(src/realsense-ros) by extension 'colcon_meta'
[0.292s] Level 1:colcon.colcon_core.package_identification:_identify(src/realsense-ros) by extensions ['ros']
[0.292s] Level 1:colcon.colcon_core.package_identification:_identify(src/realsense-ros) by extension 'ros'
[0.292s] Level 1:colcon.colcon_core.package_identification:_identify(src/realsense-ros) by extensions ['cmake', 'python']
[0.292s] Level 1:colcon.colcon_core.package_identification:_identify(src/realsense-ros) by extension 'cmake'
[0.292s] Level 1:colcon.colcon_core.package_identification:_identify(src/realsense-ros) by extension 'python'
[0.292s] Level 1:colcon.colcon_core.package_identification:_identify(src/realsense-ros) by extensions ['python_setup_py']
[0.292s] Level 1:colcon.colcon_core.package_identification:_identify(src/realsense-ros) by extension 'python_setup_py'
[0.293s] Level 1:colcon.colcon_core.package_identification:_identify(src/realsense-ros/realsense2_camera) by extensions ['ignore', 'ignore_ament_install']
[0.293s] Level 1:colcon.colcon_core.package_identification:_identify(src/realsense-ros/realsense2_camera) by extension 'ignore'
[0.293s] Level 1:colcon.colcon_core.package_identification:_identify(src/realsense-ros/realsense2_camera) by extension 'ignore_ament_install'
[0.293s] Level 1:colcon.colcon_core.package_identification:_identify(src/realsense-ros/realsense2_camera) by extensions ['colcon_pkg']
[0.293s] Level 1:colcon.colcon_core.package_identification:_identify(src/realsense-ros/realsense2_camera) by extension 'colcon_pkg'
[0.293s] Level 1:colcon.colcon_core.package_identification:_identify(src/realsense-ros/realsense2_camera) by extensions ['colcon_meta']
[0.293s] Level 1:colcon.colcon_core.package_identification:_identify(src/realsense-ros/realsense2_camera) by extension 'colcon_meta'
[0.293s] Level 1:colcon.colcon_core.package_identification:_identify(src/realsense-ros/realsense2_camera) by extensions ['ros']
[0.293s] Level 1:colcon.colcon_core.package_identification:_identify(src/realsense-ros/realsense2_camera) by extension 'ros'
[0.294s] DEBUG:colcon.colcon_core.package_identification:Package 'src/realsense-ros/realsense2_camera' with type 'ros.ament_cmake' and name 'realsense2_camera'
[0.294s] Level 1:colcon.colcon_core.package_identification:_identify(src/realsense-ros/realsense2_camera_msgs) by extensions ['ignore', 'ignore_ament_install']
[0.294s] Level 1:colcon.colcon_core.package_identification:_identify(src/realsense-ros/realsense2_camera_msgs) by extension 'ignore'
[0.294s] Level 1:colcon.colcon_core.package_identification:_identify(src/realsense-ros/realsense2_camera_msgs) by extension 'ignore_ament_install'
[0.294s] Level 1:colcon.colcon_core.package_identification:_identify(src/realsense-ros/realsense2_camera_msgs) by extensions ['colcon_pkg']
[0.294s] Level 1:colcon.colcon_core.package_identification:_identify(src/realsense-ros/realsense2_camera_msgs) by extension 'colcon_pkg'
[0.294s] Level 1:colcon.colcon_core.package_identification:_identify(src/realsense-ros/realsense2_camera_msgs) by extensions ['colcon_meta']
[0.294s] Level 1:colcon.colcon_core.package_identification:_identify(src/realsense-ros/realsense2_camera_msgs) by extension 'colcon_meta'
[0.294s] Level 1:colcon.colcon_core.package_identification:_identify(src/realsense-ros/realsense2_camera_msgs) by extensions ['ros']
[0.294s] Level 1:colcon.colcon_core.package_identification:_identify(src/realsense-ros/realsense2_camera_msgs) by extension 'ros'
[0.294s] DEBUG:colcon.colcon_core.package_identification:Package 'src/realsense-ros/realsense2_camera_msgs' with type 'ros.ament_cmake' and name 'realsense2_camera_msgs'
[0.294s] Level 1:colcon.colcon_core.package_identification:_identify(src/realsense-ros/realsense2_description) by extensions ['ignore', 'ignore_ament_install']
[0.295s] Level 1:colcon.colcon_core.package_identification:_identify(src/realsense-ros/realsense2_description) by extension 'ignore'
[0.295s] Level 1:colcon.colcon_core.package_identification:_identify(src/realsense-ros/realsense2_description) by extension 'ignore_ament_install'
[0.295s] Level 1:colcon.colcon_core.package_identification:_identify(src/realsense-ros/realsense2_description) by extensions ['colcon_pkg']
[0.295s] Level 1:colcon.colcon_core.package_identification:_identify(src/realsense-ros/realsense2_description) by extension 'colcon_pkg'
[0.295s] Level 1:colcon.colcon_core.package_identification:_identify(src/realsense-ros/realsense2_description) by extensions ['colcon_meta']
[0.295s] Level 1:colcon.colcon_core.package_identification:_identify(src/realsense-ros/realsense2_description) by extension 'colcon_meta'
[0.295s] Level 1:colcon.colcon_core.package_identification:_identify(src/realsense-ros/realsense2_description) by extensions ['ros']
[0.295s] Level 1:colcon.colcon_core.package_identification:_identify(src/realsense-ros/realsense2_description) by extension 'ros'
[0.295s] DEBUG:colcon.colcon_core.package_identification:Package 'src/realsense-ros/realsense2_description' with type 'ros.ament_cmake' and name 'realsense2_description'
[0.295s] Level 1:colcon.colcon_core.package_identification:_identify(src/realsense-ros/scripts) by extensions ['ignore', 'ignore_ament_install']
[0.295s] Level 1:colcon.colcon_core.package_identification:_identify(src/realsense-ros/scripts) by extension 'ignore'
[0.295s] Level 1:colcon.colcon_core.package_identification:_identify(src/realsense-ros/scripts) by extension 'ignore_ament_install'
[0.295s] Level 1:colcon.colcon_core.package_identification:_identify(src/realsense-ros/scripts) by extensions ['colcon_pkg']
[0.295s] Level 1:colcon.colcon_core.package_identification:_identify(src/realsense-ros/scripts) by extension 'colcon_pkg'
[0.295s] Level 1:colcon.colcon_core.package_identification:_identify(src/realsense-ros/scripts) by extensions ['colcon_meta']
[0.295s] Level 1:colcon.colcon_core.package_identification:_identify(src/realsense-ros/scripts) by extension 'colcon_meta'
[0.295s] Level 1:colcon.colcon_core.package_identification:_identify(src/realsense-ros/scripts) by extensions ['ros']
[0.295s] Level 1:colcon.colcon_core.package_identification:_identify(src/realsense-ros/scripts) by extension 'ros'
[0.295s] Level 1:colcon.colcon_core.package_identification:_identify(src/realsense-ros/scripts) by extensions ['cmake', 'python']
[0.295s] Level 1:colcon.colcon_core.package_identification:_identify(src/realsense-ros/scripts) by extension 'cmake'
[0.295s] Level 1:colcon.colcon_core.package_identification:_identify(src/realsense-ros/scripts) by extension 'python'
[0.295s] Level 1:colcon.colcon_core.package_identification:_identify(src/realsense-ros/scripts) by extensions ['python_setup_py']
[0.296s] Level 1:colcon.colcon_core.package_identification:_identify(src/realsense-ros/scripts) by extension 'python_setup_py'
[0.296s] Level 1:colcon.colcon_core.package_discovery:discover_packages(recursive) using defaults
[0.296s] Level 1:colcon.colcon_core.package_discovery:discover_packages(ignore) discover
[0.296s] Level 1:colcon.colcon_core.package_discovery:discover_packages(ignore) using defaults
[0.296s] Level 1:colcon.colcon_core.package_discovery:discover_packages(path) discover
[0.296s] Level 1:colcon.colcon_core.package_discovery:discover_packages(path) using defaults
[0.312s] Level 1:colcon.colcon_core.package_discovery:discover_packages(prefix_path) check parameters
[0.312s] Level 1:colcon.colcon_core.package_discovery:discover_packages(prefix_path) discover
[0.314s] DEBUG:colcon.colcon_installed_package_information.package_discovery:Found 406 installed packages in /opt/ros/humble
[0.315s] Level 1:colcon.colcon_core.package_discovery:discover_packages(prefix_path) using defaults
[0.353s] Level 5:colcon.colcon_core.verb:set package 'dynamixel_sdk' build argument 'cmake_args' from command line to 'None'
[0.354s] Level 5:colcon.colcon_core.verb:set package 'dynamixel_sdk' build argument 'cmake_target' from command line to 'None'
[0.354s] Level 5:colcon.colcon_core.verb:set package 'dynamixel_sdk' build argument 'cmake_target_skip_unavailable' from command line to 'False'
[0.354s] Level 5:colcon.colcon_core.verb:set package 'dynamixel_sdk' build argument 'cmake_clean_cache' from command line to 'False'
[0.354s] Level 5:colcon.colcon_core.verb:set package 'dynamixel_sdk' build argument 'cmake_clean_first' from command line to 'False'
[0.354s] Level 5:colcon.colcon_core.verb:set package 'dynamixel_sdk' build argument 'cmake_force_configure' from command line to 'False'
[0.354s] Level 5:colcon.colcon_core.verb:set package 'dynamixel_sdk' build argument 'ament_cmake_args' from command line to 'None'
[0.354s] Level 5:colcon.colcon_core.verb:set package 'dynamixel_sdk' build argument 'catkin_cmake_args' from command line to 'None'
[0.354s] Level 5:colcon.colcon_core.verb:set package 'dynamixel_sdk' build argument 'catkin_skip_building_tests' from command line to 'False'
[0.354s] DEBUG:colcon.colcon_core.verb:Building package 'dynamixel_sdk' with the following arguments: {'ament_cmake_args': None, 'build_base': '/home/hsm/ros2_ws/build/dynamixel_sdk', 'catkin_cmake_args': None, 'catkin_skip_building_tests': False, 'cmake_args': None, 'cmake_clean_cache': False, 'cmake_clean_first': False, 'cmake_force_configure': False, 'cmake_target': None, 'cmake_target_skip_unavailable': False, 'install_base': '/home/hsm/ros2_ws/install/dynamixel_sdk', 'merge_install': False, 'path': '/home/hsm/ros2_ws/src/DynamixelSDK/dynamixel_sdk', 'symlink_install': False, 'test_result_base': None}
[0.354s] Level 5:colcon.colcon_core.verb:set package 'dynamixel_sdk_custom_interfaces' build argument 'cmake_args' from command line to 'None'
[0.354s] Level 5:colcon.colcon_core.verb:set package 'dynamixel_sdk_custom_interfaces' build argument 'cmake_target' from command line to 'None'
[0.354s] Level 5:colcon.colcon_core.verb:set package 'dynamixel_sdk_custom_interfaces' build argument 'cmake_target_skip_unavailable' from command line to 'False'
[0.354s] Level 5:colcon.colcon_core.verb:set package 'dynamixel_sdk_custom_interfaces' build argument 'cmake_clean_cache' from command line to 'False'
[0.354s] Level 5:colcon.colcon_core.verb:set package 'dynamixel_sdk_custom_interfaces' build argument 'cmake_clean_first' from command line to 'False'
[0.354s] Level 5:colcon.colcon_core.verb:set package 'dynamixel_sdk_custom_interfaces' build argument 'cmake_force_configure' from command line to 'False'
[0.354s] Level 5:colcon.colcon_core.verb:set package 'dynamixel_sdk_custom_interfaces' build argument 'ament_cmake_args' from command line to 'None'
[0.354s] Level 5:colcon.colcon_core.verb:set package 'dynamixel_sdk_custom_interfaces' build argument 'catkin_cmake_args' from command line to 'None'
[0.354s] Level 5:colcon.colcon_core.verb:set package 'dynamixel_sdk_custom_interfaces' build argument 'catkin_skip_building_tests' from command line to 'False'
[0.354s] DEBUG:colcon.colcon_core.verb:Building package 'dynamixel_sdk_custom_interfaces' with the following arguments: {'ament_cmake_args': None, 'build_base': '/home/hsm/ros2_ws/build/dynamixel_sdk_custom_interfaces', 'catkin_cmake_args': None, 'catkin_skip_building_tests': False, 'cmake_args': None, 'cmake_clean_cache': False, 'cmake_clean_first': False, 'cmake_force_configure': False, 'cmake_target': None, 'cmake_target_skip_unavailable': False, 'install_base': '/home/hsm/ros2_ws/install/dynamixel_sdk_custom_interfaces', 'merge_install': False, 'path': '/home/hsm/ros2_ws/src/DynamixelSDK/dynamixel_sdk_custom_interfaces', 'symlink_install': False, 'test_result_base': None}
[0.355s] Level 5:colcon.colcon_core.verb:set package 'realsense2_camera_msgs' build argument 'cmake_args' from command line to 'None'
[0.355s] Level 5:colcon.colcon_core.verb:set package 'realsense2_camera_msgs' build argument 'cmake_target' from command line to 'None'
[0.355s] Level 5:colcon.colcon_core.verb:set package 'realsense2_camera_msgs' build argument 'cmake_target_skip_unavailable' from command line to 'False'
[0.355s] Level 5:colcon.colcon_core.verb:set package 'realsense2_camera_msgs' build argument 'cmake_clean_cache' from command line to 'False'
[0.355s] Level 5:colcon.colcon_core.verb:set package 'realsense2_camera_msgs' build argument 'cmake_clean_first' from command line to 'False'
[0.355s] Level 5:colcon.colcon_core.verb:set package 'realsense2_camera_msgs' build argument 'cmake_force_configure' from command line to 'False'
[0.355s] Level 5:colcon.colcon_core.verb:set package 'realsense2_camera_msgs' build argument 'ament_cmake_args' from command line to 'None'
[0.355s] Level 5:colcon.colcon_core.verb:set package 'realsense2_camera_msgs' build argument 'catkin_cmake_args' from command line to 'None'
[0.355s] Level 5:colcon.colcon_core.verb:set package 'realsense2_camera_msgs' build argument 'catkin_skip_building_tests' from command line to 'False'
[0.355s] DEBUG:colcon.colcon_core.verb:Building package 'realsense2_camera_msgs' with the following arguments: {'ament_cmake_args': None, 'build_base': '/home/hsm/ros2_ws/build/realsense2_camera_msgs', 'catkin_cmake_args': None, 'catkin_skip_building_tests': False, 'cmake_args': None, 'cmake_clean_cache': False, 'cmake_clean_first': False, 'cmake_force_configure': False, 'cmake_target': None, 'cmake_target_skip_unavailable': False, 'install_base': '/home/hsm/ros2_ws/install/realsense2_camera_msgs', 'merge_install': False, 'path': '/home/hsm/ros2_ws/src/realsense-ros/realsense2_camera_msgs', 'symlink_install': False, 'test_result_base': None}
[0.355s] Level 5:colcon.colcon_core.verb:set package 'dynamixel_sdk_examples' build argument 'cmake_args' from command line to 'None'
[0.355s] Level 5:colcon.colcon_core.verb:set package 'dynamixel_sdk_examples' build argument 'cmake_target' from command line to 'None'
[0.355s] Level 5:colcon.colcon_core.verb:set package 'dynamixel_sdk_examples' build argument 'cmake_target_skip_unavailable' from command line to 'False'
[0.355s] Level 5:colcon.colcon_core.verb:set package 'dynamixel_sdk_examples' build argument 'cmake_clean_cache' from command line to 'False'
[0.356s] Level 5:colcon.colcon_core.verb:set package 'dynamixel_sdk_examples' build argument 'cmake_clean_first' from command line to 'False'
[0.356s] Level 5:colcon.colcon_core.verb:set package 'dynamixel_sdk_examples' build argument 'cmake_force_configure' from command line to 'False'
[0.356s] Level 5:colcon.colcon_core.verb:set package 'dynamixel_sdk_examples' build argument 'ament_cmake_args' from command line to 'None'
[0.356s] Level 5:colcon.colcon_core.verb:set package 'dynamixel_sdk_examples' build argument 'catkin_cmake_args' from command line to 'None'
[0.356s] Level 5:colcon.colcon_core.verb:set package 'dynamixel_sdk_examples' build argument 'catkin_skip_building_tests' from command line to 'False'
[0.356s] DEBUG:colcon.colcon_core.verb:Building package 'dynamixel_sdk_examples' with the following arguments: {'ament_cmake_args': None, 'build_base': '/home/hsm/ros2_ws/build/dynamixel_sdk_examples', 'catkin_cmake_args': None, 'catkin_skip_building_tests': False, 'cmake_args': None, 'cmake_clean_cache': False, 'cmake_clean_first': False, 'cmake_force_configure': False, 'cmake_target': None, 'cmake_target_skip_unavailable': False, 'install_base': '/home/hsm/ros2_ws/install/dynamixel_sdk_examples', 'merge_install': False, 'path': '/home/hsm/ros2_ws/src/DynamixelSDK/dynamixel_sdk_examples', 'symlink_install': False, 'test_result_base': None}
[0.356s] Level 5:colcon.colcon_core.verb:set package 'realsense2_camera' build argument 'cmake_args' from command line to 'None'
[0.356s] Level 5:colcon.colcon_core.verb:set package 'realsense2_camera' build argument 'cmake_target' from command line to 'None'
[0.356s] Level 5:colcon.colcon_core.verb:set package 'realsense2_camera' build argument 'cmake_target_skip_unavailable' from command line to 'False'
[0.356s] Level 5:colcon.colcon_core.verb:set package 'realsense2_camera' build argument 'cmake_clean_cache' from command line to 'False'
[0.356s] Level 5:colcon.colcon_core.verb:set package 'realsense2_camera' build argument 'cmake_clean_first' from command line to 'False'
[0.356s] Level 5:colcon.colcon_core.verb:set package 'realsense2_camera' build argument 'cmake_force_configure' from command line to 'False'
[0.356s] Level 5:colcon.colcon_core.verb:set package 'realsense2_camera' build argument 'ament_cmake_args' from command line to 'None'
[0.356s] Level 5:colcon.colcon_core.verb:set package 'realsense2_camera' build argument 'catkin_cmake_args' from command line to 'None'
[0.356s] Level 5:colcon.colcon_core.verb:set package 'realsense2_camera' build argument 'catkin_skip_building_tests' from command line to 'False'
[0.356s] DEBUG:colcon.colcon_core.verb:Building package 'realsense2_camera' with the following arguments: {'ament_cmake_args': None, 'build_base': '/home/hsm/ros2_ws/build/realsense2_camera', 'catkin_cmake_args': None, 'catkin_skip_building_tests': False, 'cmake_args': None, 'cmake_clean_cache': False, 'cmake_clean_first': False, 'cmake_force_configure': False, 'cmake_target': None, 'cmake_target_skip_unavailable': False, 'install_base': '/home/hsm/ros2_ws/install/realsense2_camera', 'merge_install': False, 'path': '/home/hsm/ros2_ws/src/realsense-ros/realsense2_camera', 'symlink_install': False, 'test_result_base': None}
[0.357s] Level 5:colcon.colcon_core.verb:set package 'realsense2_description' build argument 'cmake_args' from command line to 'None'
[0.357s] Level 5:colcon.colcon_core.verb:set package 'realsense2_description' build argument 'cmake_target' from command line to 'None'
[0.357s] Level 5:colcon.colcon_core.verb:set package 'realsense2_description' build argument 'cmake_target_skip_unavailable' from command line to 'False'
[0.357s] Level 5:colcon.colcon_core.verb:set package 'realsense2_description' build argument 'cmake_clean_cache' from command line to 'False'
[0.357s] Level 5:colcon.colcon_core.verb:set package 'realsense2_description' build argument 'cmake_clean_first' from command line to 'False'
[0.357s] Level 5:colcon.colcon_core.verb:set package 'realsense2_description' build argument 'cmake_force_configure' from command line to 'False'
[0.357s] Level 5:colcon.colcon_core.verb:set package 'realsense2_description' build argument 'ament_cmake_args' from command line to 'None'
[0.357s] Level 5:colcon.colcon_core.verb:set package 'realsense2_description' build argument 'catkin_cmake_args' from command line to 'None'
[0.357s] Level 5:colcon.colcon_core.verb:set package 'realsense2_description' build argument 'catkin_skip_building_tests' from command line to 'False'
[0.357s] DEBUG:colcon.colcon_core.verb:Building package 'realsense2_description' with the following arguments: {'ament_cmake_args': None, 'build_base': '/home/hsm/ros2_ws/build/realsense2_description', 'catkin_cmake_args': None, 'catkin_skip_building_tests': False, 'cmake_args': None, 'cmake_clean_cache': False, 'cmake_clean_first': False, 'cmake_force_configure': False, 'cmake_target': None, 'cmake_target_skip_unavailable': False, 'install_base': '/home/hsm/ros2_ws/install/realsense2_description', 'merge_install': False, 'path': '/home/hsm/ros2_ws/src/realsense-ros/realsense2_description', 'symlink_install': False, 'test_result_base': None}
[0.357s] INFO:colcon.colcon_core.executor:Executing jobs using 'parallel' executor
[0.359s] DEBUG:colcon.colcon_parallel_executor.executor.parallel:run_until_complete
[0.359s] INFO:colcon.colcon_ros.task.ament_cmake.build:Building ROS package in '/home/hsm/ros2_ws/src/realsense-ros/realsense2_camera_msgs' with build type 'ament_cmake'
[0.359s] INFO:colcon.colcon_cmake.task.cmake.build:Building CMake package in '/home/hsm/ros2_ws/src/realsense-ros/realsense2_camera_msgs'
[0.363s] INFO:colcon.colcon_core.plugin_system:Skipping extension 'colcon_core.shell.bat': Not used on non-Windows systems
[0.363s] INFO:colcon.colcon_core.shell:Skip shell extension 'powershell' for command environment: Not usable outside of PowerShell
[0.363s] DEBUG:colcon.colcon_core.shell:Skip shell extension 'dsv' for command environment
[0.365s] INFO:colcon.colcon_ros.task.ament_cmake.build:Building ROS package in '/home/hsm/ros2_ws/src/DynamixelSDK/dynamixel_sdk' with build type 'ament_cmake'
[0.365s] INFO:colcon.colcon_cmake.task.cmake.build:Building CMake package in '/home/hsm/ros2_ws/src/DynamixelSDK/dynamixel_sdk'
[0.366s] INFO:colcon.colcon_core.shell:Skip shell extension 'powershell' for command environment: Not usable outside of PowerShell
[0.366s] DEBUG:colcon.colcon_core.shell:Skip shell extension 'dsv' for command environment
[0.368s] INFO:colcon.colcon_ros.task.ament_cmake.build:Building ROS package in '/home/hsm/ros2_ws/src/DynamixelSDK/dynamixel_sdk_custom_interfaces' with build type 'ament_cmake'
[0.368s] INFO:colcon.colcon_cmake.task.cmake.build:Building CMake package in '/home/hsm/ros2_ws/src/DynamixelSDK/dynamixel_sdk_custom_interfaces'
[0.369s] INFO:colcon.colcon_core.shell:Skip shell extension 'powershell' for command environment: Not usable outside of PowerShell
[0.369s] DEBUG:colcon.colcon_core.shell:Skip shell extension 'dsv' for command environment
[0.374s] DEBUG:colcon.colcon_core.event_handler.log_command:Invoking command in '/home/hsm/ros2_ws/build/realsense2_camera_msgs': CMAKE_PREFIX_PATH=/opt/ros/humble /usr/bin/cmake --build /home/hsm/ros2_ws/build/realsense2_camera_msgs -- -j16 -l16
[0.376s] DEBUG:colcon.colcon_core.event_handler.log_command:Invoking command in '/home/hsm/ros2_ws/build/dynamixel_sdk': CMAKE_PREFIX_PATH=/opt/ros/humble /usr/bin/cmake /home/hsm/ros2_ws/src/DynamixelSDK/dynamixel_sdk -DCMAKE_INSTALL_PREFIX=/home/hsm/ros2_ws/install/dynamixel_sdk
[0.378s] DEBUG:colcon.colcon_core.event_handler.log_command:Invoking command in '/home/hsm/ros2_ws/build/dynamixel_sdk_custom_interfaces': CMAKE_PREFIX_PATH=/opt/ros/humble /usr/bin/cmake /home/hsm/ros2_ws/src/DynamixelSDK/dynamixel_sdk_custom_interfaces -DCMAKE_INSTALL_PREFIX=/home/hsm/ros2_ws/install/dynamixel_sdk_custom_interfaces
[0.609s] DEBUG:colcon.colcon_core.event_handler.log_command:Invoked command in '/home/hsm/ros2_ws/build/realsense2_camera_msgs' returned '0': CMAKE_PREFIX_PATH=/opt/ros/humble /usr/bin/cmake --build /home/hsm/ros2_ws/build/realsense2_camera_msgs -- -j16 -l16
[0.661s] DEBUG:colcon.colcon_core.event_handler.log_command:Invoking command in '/home/hsm/ros2_ws/build/realsense2_camera_msgs': CMAKE_PREFIX_PATH=/opt/ros/humble /usr/bin/cmake --install /home/hsm/ros2_ws/build/realsense2_camera_msgs
[0.703s] Level 1:colcon.colcon_core.environment:create_environment_scripts_only(realsense2_camera_msgs)
[0.704s] DEBUG:colcon.colcon_core.event_handler.log_command:Invoked command in '/home/hsm/ros2_ws/build/realsense2_camera_msgs' returned '0': CMAKE_PREFIX_PATH=/opt/ros/humble /usr/bin/cmake --install /home/hsm/ros2_ws/build/realsense2_camera_msgs
[0.708s] Level 1:colcon.colcon_core.environment:checking '/home/hsm/ros2_ws/install/realsense2_camera_msgs' for CMake module files
[0.709s] Level 1:colcon.colcon_core.environment:checking '/home/hsm/ros2_ws/install/realsense2_camera_msgs' for CMake config files
[0.710s] Level 1:colcon.colcon_core.shell:create_environment_hook('realsense2_camera_msgs', 'cmake_prefix_path')
[0.710s] INFO:colcon.colcon_core.shell:Creating environment hook '/home/hsm/ros2_ws/install/realsense2_camera_msgs/share/realsense2_camera_msgs/hook/cmake_prefix_path.ps1'
[0.711s] INFO:colcon.colcon_core.shell:Creating environment descriptor '/home/hsm/ros2_ws/install/realsense2_camera_msgs/share/realsense2_camera_msgs/hook/cmake_prefix_path.dsv'
[0.711s] INFO:colcon.colcon_core.shell:Creating environment hook '/home/hsm/ros2_ws/install/realsense2_camera_msgs/share/realsense2_camera_msgs/hook/cmake_prefix_path.sh'
[0.712s] Level 1:colcon.colcon_core.environment:checking '/home/hsm/ros2_ws/install/realsense2_camera_msgs/lib'
[0.712s] Level 1:colcon.colcon_core.shell:create_environment_hook('realsense2_camera_msgs', 'ld_library_path_lib')
[0.713s] INFO:colcon.colcon_core.shell:Creating environment hook '/home/hsm/ros2_ws/install/realsense2_camera_msgs/share/realsense2_camera_msgs/hook/ld_library_path_lib.ps1'
[0.713s] INFO:colcon.colcon_core.shell:Creating environment descriptor '/home/hsm/ros2_ws/install/realsense2_camera_msgs/share/realsense2_camera_msgs/hook/ld_library_path_lib.dsv'
[0.713s] INFO:colcon.colcon_core.shell:Creating environment hook '/home/hsm/ros2_ws/install/realsense2_camera_msgs/share/realsense2_camera_msgs/hook/ld_library_path_lib.sh'
[0.714s] Level 1:colcon.colcon_core.environment:checking '/home/hsm/ros2_ws/install/realsense2_camera_msgs/bin'
[0.714s] Level 1:colcon.colcon_core.environment:checking '/home/hsm/ros2_ws/install/realsense2_camera_msgs/lib/pkgconfig/realsense2_camera_msgs.pc'
[0.714s] Level 1:colcon.colcon_core.environment:checking '/home/hsm/ros2_ws/install/realsense2_camera_msgs/lib/python3.10/site-packages'
[0.714s] Level 1:colcon.colcon_core.environment:checking '/home/hsm/ros2_ws/install/realsense2_camera_msgs/bin'
[0.715s] INFO:colcon.colcon_core.shell:Creating package script '/home/hsm/ros2_ws/install/realsense2_camera_msgs/share/realsense2_camera_msgs/package.ps1'
[0.715s] INFO:colcon.colcon_core.shell:Creating package descriptor '/home/hsm/ros2_ws/install/realsense2_camera_msgs/share/realsense2_camera_msgs/package.dsv'
[0.716s] INFO:colcon.colcon_core.shell:Creating package script '/home/hsm/ros2_ws/install/realsense2_camera_msgs/share/realsense2_camera_msgs/package.sh'
[0.716s] INFO:colcon.colcon_core.shell:Creating package script '/home/hsm/ros2_ws/install/realsense2_camera_msgs/share/realsense2_camera_msgs/package.bash'
[0.717s] INFO:colcon.colcon_core.shell:Creating package script '/home/hsm/ros2_ws/install/realsense2_camera_msgs/share/realsense2_camera_msgs/package.zsh'
[0.717s] Level 1:colcon.colcon_core.environment:create_file_with_runtime_dependencies(/home/hsm/ros2_ws/install/realsense2_camera_msgs/share/colcon-core/packages/realsense2_camera_msgs)
[0.766s] Level 1:colcon.colcon_core.environment:create_environment_scripts_only(realsense2_camera_msgs)
[0.767s] Level 1:colcon.colcon_core.environment:checking '/home/hsm/ros2_ws/install/realsense2_camera_msgs' for CMake module files
[0.768s] Level 1:colcon.colcon_core.environment:checking '/home/hsm/ros2_ws/install/realsense2_camera_msgs' for CMake config files
[0.769s] Level 1:colcon.colcon_core.shell:create_environment_hook('realsense2_camera_msgs', 'cmake_prefix_path')
[0.770s] INFO:colcon.colcon_core.shell:Creating environment hook '/home/hsm/ros2_ws/install/realsense2_camera_msgs/share/realsense2_camera_msgs/hook/cmake_prefix_path.ps1'
[0.770s] INFO:colcon.colcon_core.shell:Creating environment descriptor '/home/hsm/ros2_ws/install/realsense2_camera_msgs/share/realsense2_camera_msgs/hook/cmake_prefix_path.dsv'
[0.770s] INFO:colcon.colcon_core.shell:Creating environment hook '/home/hsm/ros2_ws/install/realsense2_camera_msgs/share/realsense2_camera_msgs/hook/cmake_prefix_path.sh'
[0.771s] Level 1:colcon.colcon_core.environment:checking '/home/hsm/ros2_ws/install/realsense2_camera_msgs/lib'
[0.771s] Level 1:colcon.colcon_core.shell:create_environment_hook('realsense2_camera_msgs', 'ld_library_path_lib')
[0.772s] INFO:colcon.colcon_core.shell:Creating environment hook '/home/hsm/ros2_ws/install/realsense2_camera_msgs/share/realsense2_camera_msgs/hook/ld_library_path_lib.ps1'
[0.772s] INFO:colcon.colcon_core.shell:Creating environment descriptor '/home/hsm/ros2_ws/install/realsense2_camera_msgs/share/realsense2_camera_msgs/hook/ld_library_path_lib.dsv'
[0.772s] INFO:colcon.colcon_core.shell:Creating environment hook '/home/hsm/ros2_ws/install/realsense2_camera_msgs/share/realsense2_camera_msgs/hook/ld_library_path_lib.sh'
[0.773s] Level 1:colcon.colcon_core.environment:checking '/home/hsm/ros2_ws/install/realsense2_camera_msgs/bin'
[0.773s] Level 1:colcon.colcon_core.environment:checking '/home/hsm/ros2_ws/install/realsense2_camera_msgs/lib/pkgconfig/realsense2_camera_msgs.pc'
[0.773s] Level 1:colcon.colcon_core.environment:checking '/home/hsm/ros2_ws/install/realsense2_camera_msgs/lib/python3.10/site-packages'
[0.773s] Level 1:colcon.colcon_core.environment:checking '/home/hsm/ros2_ws/install/realsense2_camera_msgs/bin'
[0.774s] INFO:colcon.colcon_core.shell:Creating package script '/home/hsm/ros2_ws/install/realsense2_camera_msgs/share/realsense2_camera_msgs/package.ps1'
[0.774s] INFO:colcon.colcon_core.shell:Creating package descriptor '/home/hsm/ros2_ws/install/realsense2_camera_msgs/share/realsense2_camera_msgs/package.dsv'
[0.774s] INFO:colcon.colcon_core.shell:Creating package script '/home/hsm/ros2_ws/install/realsense2_camera_msgs/share/realsense2_camera_msgs/package.sh'
[0.774s] INFO:colcon.colcon_core.shell:Creating package script '/home/hsm/ros2_ws/install/realsense2_camera_msgs/share/realsense2_camera_msgs/package.bash'
[0.775s] INFO:colcon.colcon_core.shell:Creating package script '/home/hsm/ros2_ws/install/realsense2_camera_msgs/share/realsense2_camera_msgs/package.zsh'
[0.775s] Level 1:colcon.colcon_core.environment:create_file_with_runtime_dependencies(/home/hsm/ros2_ws/install/realsense2_camera_msgs/share/colcon-core/packages/realsense2_camera_msgs)
[0.775s] INFO:colcon.colcon_ros.task.ament_cmake.build:Building ROS package in '/home/hsm/ros2_ws/src/realsense-ros/realsense2_camera' with build type 'ament_cmake'
[0.775s] INFO:colcon.colcon_cmake.task.cmake.build:Building CMake package in '/home/hsm/ros2_ws/src/realsense-ros/realsense2_camera'
[0.776s] INFO:colcon.colcon_core.shell:Skip shell extension 'powershell' for command environment: Not usable outside of PowerShell
[0.776s] DEBUG:colcon.colcon_core.shell:Skip shell extension 'dsv' for command environment
[0.778s] INFO:colcon.colcon_ros.task.ament_cmake.build:Building ROS package in '/home/hsm/ros2_ws/src/realsense-ros/realsense2_description' with build type 'ament_cmake'
[0.778s] INFO:colcon.colcon_cmake.task.cmake.build:Building CMake package in '/home/hsm/ros2_ws/src/realsense-ros/realsense2_description'
[0.779s] INFO:colcon.colcon_core.shell:Skip shell extension 'powershell' for command environment: Not usable outside of PowerShell
[0.779s] DEBUG:colcon.colcon_core.shell:Skip shell extension 'dsv' for command environment
[0.785s] DEBUG:colcon.colcon_core.event_handler.log_command:Invoking command in '/home/hsm/ros2_ws/build/realsense2_camera': AMENT_PREFIX_PATH=/home/hsm/ros2_ws/install/realsense2_camera_msgs:${AMENT_PREFIX_PATH} CMAKE_PREFIX_PATH=/home/hsm/ros2_ws/install/realsense2_camera_msgs:/opt/ros/humble LD_LIBRARY_PATH=/home/hsm/ros2_ws/install/realsense2_camera_msgs/lib:${LD_LIBRARY_PATH} PYTHONPATH=/home/hsm/ros2_ws/install/realsense2_camera_msgs/local/lib/python3.10/dist-packages:${PYTHONPATH} /usr/bin/cmake --build /home/hsm/ros2_ws/build/realsense2_camera -- -j16 -l16
[0.786s] DEBUG:colcon.colcon_core.event_handler.log_command:Invoking command in '/home/hsm/ros2_ws/build/realsense2_description': AMENT_PREFIX_PATH=/home/hsm/ros2_ws/install/realsense2_camera_msgs:${AMENT_PREFIX_PATH} CMAKE_PREFIX_PATH=/home/hsm/ros2_ws/install/realsense2_camera_msgs:/opt/ros/humble LD_LIBRARY_PATH=/home/hsm/ros2_ws/install/realsense2_camera_msgs/lib:${LD_LIBRARY_PATH} PYTHONPATH=/home/hsm/ros2_ws/install/realsense2_camera_msgs/local/lib/python3.10/dist-packages:${PYTHONPATH} /usr/bin/cmake --build /home/hsm/ros2_ws/build/realsense2_description -- -j16 -l16
[0.809s] DEBUG:colcon.colcon_core.event_handler.log_command:Invoked command in '/home/hsm/ros2_ws/build/realsense2_description' returned '0': AMENT_PREFIX_PATH=/home/hsm/ros2_ws/install/realsense2_camera_msgs:${AMENT_PREFIX_PATH} CMAKE_PREFIX_PATH=/home/hsm/ros2_ws/install/realsense2_camera_msgs:/opt/ros/humble LD_LIBRARY_PATH=/home/hsm/ros2_ws/install/realsense2_camera_msgs/lib:${LD_LIBRARY_PATH} PYTHONPATH=/home/hsm/ros2_ws/install/realsense2_camera_msgs/local/lib/python3.10/dist-packages:${PYTHONPATH} /usr/bin/cmake --build /home/hsm/ros2_ws/build/realsense2_description -- -j16 -l16
[0.820s] DEBUG:colcon.colcon_core.event_handler.log_command:Invoking command in '/home/hsm/ros2_ws/build/realsense2_description': AMENT_PREFIX_PATH=/home/hsm/ros2_ws/install/realsense2_camera_msgs:${AMENT_PREFIX_PATH} CMAKE_PREFIX_PATH=/home/hsm/ros2_ws/install/realsense2_camera_msgs:/opt/ros/humble LD_LIBRARY_PATH=/home/hsm/ros2_ws/install/realsense2_camera_msgs/lib:${LD_LIBRARY_PATH} PYTHONPATH=/home/hsm/ros2_ws/install/realsense2_camera_msgs/local/lib/python3.10/dist-packages:${PYTHONPATH} /usr/bin/cmake --install /home/hsm/ros2_ws/build/realsense2_description
[0.828s] DEBUG:colcon.colcon_core.event_handler.log_command:Invoked command in '/home/hsm/ros2_ws/build/dynamixel_sdk' returned '0': CMAKE_PREFIX_PATH=/opt/ros/humble /usr/bin/cmake /home/hsm/ros2_ws/src/DynamixelSDK/dynamixel_sdk -DCMAKE_INSTALL_PREFIX=/home/hsm/ros2_ws/install/dynamixel_sdk
[0.830s] Level 1:colcon.colcon_core.environment:create_environment_scripts_only(realsense2_description)
[0.830s] DEBUG:colcon.colcon_core.event_handler.log_command:Invoking command in '/home/hsm/ros2_ws/build/dynamixel_sdk': CMAKE_PREFIX_PATH=/opt/ros/humble /usr/bin/cmake --build /home/hsm/ros2_ws/build/dynamixel_sdk -- -j16 -l16
[0.832s] Level 1:colcon.colcon_core.environment:checking '/home/hsm/ros2_ws/install/realsense2_description' for CMake module files
[0.832s] DEBUG:colcon.colcon_core.event_handler.log_command:Invoked command in '/home/hsm/ros2_ws/build/realsense2_description' returned '0': AMENT_PREFIX_PATH=/home/hsm/ros2_ws/install/realsense2_camera_msgs:${AMENT_PREFIX_PATH} CMAKE_PREFIX_PATH=/home/hsm/ros2_ws/install/realsense2_camera_msgs:/opt/ros/humble LD_LIBRARY_PATH=/home/hsm/ros2_ws/install/realsense2_camera_msgs/lib:${LD_LIBRARY_PATH} PYTHONPATH=/home/hsm/ros2_ws/install/realsense2_camera_msgs/local/lib/python3.10/dist-packages:${PYTHONPATH} /usr/bin/cmake --install /home/hsm/ros2_ws/build/realsense2_description
[0.833s] Level 1:colcon.colcon_core.environment:checking '/home/hsm/ros2_ws/install/realsense2_description' for CMake config files
[0.833s] Level 1:colcon.colcon_core.shell:create_environment_hook('realsense2_description', 'cmake_prefix_path')
[0.834s] INFO:colcon.colcon_core.shell:Creating environment hook '/home/hsm/ros2_ws/install/realsense2_description/share/realsense2_description/hook/cmake_prefix_path.ps1'
[0.835s] INFO:colcon.colcon_core.shell:Creating environment descriptor '/home/hsm/ros2_ws/install/realsense2_description/share/realsense2_description/hook/cmake_prefix_path.dsv'
[0.835s] INFO:colcon.colcon_core.shell:Creating environment hook '/home/hsm/ros2_ws/install/realsense2_description/share/realsense2_description/hook/cmake_prefix_path.sh'
[0.835s] Level 1:colcon.colcon_core.environment:checking '/home/hsm/ros2_ws/install/realsense2_description/bin'
[0.835s] Level 1:colcon.colcon_core.environment:checking '/home/hsm/ros2_ws/install/realsense2_description/lib/pkgconfig/realsense2_description.pc'
[0.835s] Level 1:colcon.colcon_core.environment:checking '/home/hsm/ros2_ws/install/realsense2_description/lib/python3.10/site-packages'
[0.835s] Level 1:colcon.colcon_core.environment:checking '/home/hsm/ros2_ws/install/realsense2_description/bin'
[0.836s] INFO:colcon.colcon_core.shell:Creating package script '/home/hsm/ros2_ws/install/realsense2_description/share/realsense2_description/package.ps1'
[0.836s] INFO:colcon.colcon_core.shell:Creating package descriptor '/home/hsm/ros2_ws/install/realsense2_description/share/realsense2_description/package.dsv'
[0.837s] INFO:colcon.colcon_core.shell:Creating package script '/home/hsm/ros2_ws/install/realsense2_description/share/realsense2_description/package.sh'
[0.837s] INFO:colcon.colcon_core.shell:Creating package script '/home/hsm/ros2_ws/install/realsense2_description/share/realsense2_description/package.bash'
[0.837s] INFO:colcon.colcon_core.shell:Creating package script '/home/hsm/ros2_ws/install/realsense2_description/share/realsense2_description/package.zsh'
[0.837s] Level 1:colcon.colcon_core.environment:create_file_with_runtime_dependencies(/home/hsm/ros2_ws/install/realsense2_description/share/colcon-core/packages/realsense2_description)
[0.849s] Level 1:colcon.colcon_core.environment:create_environment_scripts_only(realsense2_description)
[0.851s] Level 1:colcon.colcon_core.environment:checking '/home/hsm/ros2_ws/install/realsense2_description' for CMake module files
[0.852s] Level 1:colcon.colcon_core.environment:checking '/home/hsm/ros2_ws/install/realsense2_description' for CMake config files
[0.852s] Level 1:colcon.colcon_core.shell:create_environment_hook('realsense2_description', 'cmake_prefix_path')
[0.854s] INFO:colcon.colcon_core.shell:Creating environment hook '/home/hsm/ros2_ws/install/realsense2_description/share/realsense2_description/hook/cmake_prefix_path.ps1'
[0.855s] INFO:colcon.colcon_core.shell:Creating environment descriptor '/home/hsm/ros2_ws/install/realsense2_description/share/realsense2_description/hook/cmake_prefix_path.dsv'
[0.855s] INFO:colcon.colcon_core.shell:Creating environment hook '/home/hsm/ros2_ws/install/realsense2_description/share/realsense2_description/hook/cmake_prefix_path.sh'
[0.855s] Level 1:colcon.colcon_core.environment:checking '/home/hsm/ros2_ws/install/realsense2_description/bin'
[0.856s] Level 1:colcon.colcon_core.environment:checking '/home/hsm/ros2_ws/install/realsense2_description/lib/pkgconfig/realsense2_description.pc'
[0.856s] Level 1:colcon.colcon_core.environment:checking '/home/hsm/ros2_ws/install/realsense2_description/lib/python3.10/site-packages'
[0.856s] Level 1:colcon.colcon_core.environment:checking '/home/hsm/ros2_ws/install/realsense2_description/bin'
[0.857s] INFO:colcon.colcon_core.shell:Creating package script '/home/hsm/ros2_ws/install/realsense2_description/share/realsense2_description/package.ps1'
[0.858s] INFO:colcon.colcon_core.shell:Creating package descriptor '/home/hsm/ros2_ws/install/realsense2_description/share/realsense2_description/package.dsv'
[0.859s] INFO:colcon.colcon_core.shell:Creating package script '/home/hsm/ros2_ws/install/realsense2_description/share/realsense2_description/package.sh'
[0.859s] INFO:colcon.colcon_core.shell:Creating package script '/home/hsm/ros2_ws/install/realsense2_description/share/realsense2_description/package.bash'
[0.860s] INFO:colcon.colcon_core.shell:Creating package script '/home/hsm/ros2_ws/install/realsense2_description/share/realsense2_description/package.zsh'
[0.861s] Level 1:colcon.colcon_core.environment:create_file_with_runtime_dependencies(/home/hsm/ros2_ws/install/realsense2_description/share/colcon-core/packages/realsense2_description)
[0.868s] DEBUG:colcon.colcon_core.event_handler.log_command:Invoked command in '/home/hsm/ros2_ws/build/realsense2_camera' returned '0': AMENT_PREFIX_PATH=/home/hsm/ros2_ws/install/realsense2_camera_msgs:${AMENT_PREFIX_PATH} CMAKE_PREFIX_PATH=/home/hsm/ros2_ws/install/realsense2_camera_msgs:/opt/ros/humble LD_LIBRARY_PATH=/home/hsm/ros2_ws/install/realsense2_camera_msgs/lib:${LD_LIBRARY_PATH} PYTHONPATH=/home/hsm/ros2_ws/install/realsense2_camera_msgs/local/lib/python3.10/dist-packages:${PYTHONPATH} /usr/bin/cmake --build /home/hsm/ros2_ws/build/realsense2_camera -- -j16 -l16
[0.905s] DEBUG:colcon.colcon_core.event_handler.log_command:Invoking command in '/home/hsm/ros2_ws/build/realsense2_camera': AMENT_PREFIX_PATH=/home/hsm/ros2_ws/install/realsense2_camera_msgs:${AMENT_PREFIX_PATH} CMAKE_PREFIX_PATH=/home/hsm/ros2_ws/install/realsense2_camera_msgs:/opt/ros/humble LD_LIBRARY_PATH=/home/hsm/ros2_ws/install/realsense2_camera_msgs/lib:${LD_LIBRARY_PATH} PYTHONPATH=/home/hsm/ros2_ws/install/realsense2_camera_msgs/local/lib/python3.10/dist-packages:${PYTHONPATH} /usr/bin/cmake --install /home/hsm/ros2_ws/build/realsense2_camera
[0.916s] Level 1:colcon.colcon_core.environment:create_environment_scripts_only(realsense2_camera)
[0.919s] Level 1:colcon.colcon_core.environment:checking '/home/hsm/ros2_ws/install/realsense2_camera' for CMake module files
[0.919s] DEBUG:colcon.colcon_core.event_handler.log_command:Invoked command in '/home/hsm/ros2_ws/build/realsense2_camera' returned '0': AMENT_PREFIX_PATH=/home/hsm/ros2_ws/install/realsense2_camera_msgs:${AMENT_PREFIX_PATH} CMAKE_PREFIX_PATH=/home/hsm/ros2_ws/install/realsense2_camera_msgs:/opt/ros/humble LD_LIBRARY_PATH=/home/hsm/ros2_ws/install/realsense2_camera_msgs/lib:${LD_LIBRARY_PATH} PYTHONPATH=/home/hsm/ros2_ws/install/realsense2_camera_msgs/local/lib/python3.10/dist-packages:${PYTHONPATH} /usr/bin/cmake --install /home/hsm/ros2_ws/build/realsense2_camera
[0.920s] Level 1:colcon.colcon_core.environment:checking '/home/hsm/ros2_ws/install/realsense2_camera' for CMake config files
[0.920s] Level 1:colcon.colcon_core.shell:create_environment_hook('realsense2_camera', 'cmake_prefix_path')
[0.922s] INFO:colcon.colcon_core.shell:Creating environment hook '/home/hsm/ros2_ws/install/realsense2_camera/share/realsense2_camera/hook/cmake_prefix_path.ps1'
[0.923s] INFO:colcon.colcon_core.shell:Creating environment descriptor '/home/hsm/ros2_ws/install/realsense2_camera/share/realsense2_camera/hook/cmake_prefix_path.dsv'
[0.923s] INFO:colcon.colcon_core.shell:Creating environment hook '/home/hsm/ros2_ws/install/realsense2_camera/share/realsense2_camera/hook/cmake_prefix_path.sh'
[0.924s] Level 1:colcon.colcon_core.environment:checking '/home/hsm/ros2_ws/install/realsense2_camera/lib'
[0.924s] Level 1:colcon.colcon_core.shell:create_environment_hook('realsense2_camera', 'ld_library_path_lib')
[0.926s] INFO:colcon.colcon_core.shell:Creating environment hook '/home/hsm/ros2_ws/install/realsense2_camera/share/realsense2_camera/hook/ld_library_path_lib.ps1'
[0.926s] INFO:colcon.colcon_core.shell:Creating environment descriptor '/home/hsm/ros2_ws/install/realsense2_camera/share/realsense2_camera/hook/ld_library_path_lib.dsv'
[0.927s] INFO:colcon.colcon_core.shell:Creating environment hook '/home/hsm/ros2_ws/install/realsense2_camera/share/realsense2_camera/hook/ld_library_path_lib.sh'
[0.927s] Level 1:colcon.colcon_core.environment:checking '/home/hsm/ros2_ws/install/realsense2_camera/bin'
[0.927s] Level 1:colcon.colcon_core.environment:checking '/home/hsm/ros2_ws/install/realsense2_camera/lib/pkgconfig/realsense2_camera.pc'
[0.927s] Level 1:colcon.colcon_core.environment:checking '/home/hsm/ros2_ws/install/realsense2_camera/lib/python3.10/site-packages'
[0.927s] Level 1:colcon.colcon_core.environment:checking '/home/hsm/ros2_ws/install/realsense2_camera/bin'
[0.928s] INFO:colcon.colcon_core.shell:Creating package script '/home/hsm/ros2_ws/install/realsense2_camera/share/realsense2_camera/package.ps1'
[0.929s] INFO:colcon.colcon_core.shell:Creating package descriptor '/home/hsm/ros2_ws/install/realsense2_camera/share/realsense2_camera/package.dsv'
[0.929s] INFO:colcon.colcon_core.shell:Creating package script '/home/hsm/ros2_ws/install/realsense2_camera/share/realsense2_camera/package.sh'
[0.929s] INFO:colcon.colcon_core.shell:Creating package script '/home/hsm/ros2_ws/install/realsense2_camera/share/realsense2_camera/package.bash'
[0.929s] INFO:colcon.colcon_core.shell:Creating package script '/home/hsm/ros2_ws/install/realsense2_camera/share/realsense2_camera/package.zsh'
[0.930s] Level 1:colcon.colcon_core.environment:create_file_with_runtime_dependencies(/home/hsm/ros2_ws/install/realsense2_camera/share/colcon-core/packages/realsense2_camera)
[0.963s] Level 1:colcon.colcon_core.environment:create_environment_scripts_only(realsense2_camera)
[0.965s] Level 1:colcon.colcon_core.environment:checking '/home/hsm/ros2_ws/install/realsense2_camera' for CMake module files
[0.966s] Level 1:colcon.colcon_core.environment:checking '/home/hsm/ros2_ws/install/realsense2_camera' for CMake config files
[0.966s] Level 1:colcon.colcon_core.shell:create_environment_hook('realsense2_camera', 'cmake_prefix_path')
[0.967s] INFO:colcon.colcon_core.shell:Creating environment hook '/home/hsm/ros2_ws/install/realsense2_camera/share/realsense2_camera/hook/cmake_prefix_path.ps1'
[0.968s] INFO:colcon.colcon_core.shell:Creating environment descriptor '/home/hsm/ros2_ws/install/realsense2_camera/share/realsense2_camera/hook/cmake_prefix_path.dsv'
[0.968s] INFO:colcon.colcon_core.shell:Creating environment hook '/home/hsm/ros2_ws/install/realsense2_camera/share/realsense2_camera/hook/cmake_prefix_path.sh'
[0.969s] Level 1:colcon.colcon_core.environment:checking '/home/hsm/ros2_ws/install/realsense2_camera/lib'
[0.969s] Level 1:colcon.colcon_core.shell:create_environment_hook('realsense2_camera', 'ld_library_path_lib')
[0.970s] INFO:colcon.colcon_core.shell:Creating environment hook '/home/hsm/ros2_ws/install/realsense2_camera/share/realsense2_camera/hook/ld_library_path_lib.ps1'
[0.971s] INFO:colcon.colcon_core.shell:Creating environment descriptor '/home/hsm/ros2_ws/install/realsense2_camera/share/realsense2_camera/hook/ld_library_path_lib.dsv'
[0.971s] INFO:colcon.colcon_core.shell:Creating environment hook '/home/hsm/ros2_ws/install/realsense2_camera/share/realsense2_camera/hook/ld_library_path_lib.sh'
[0.971s] Level 1:colcon.colcon_core.environment:checking '/home/hsm/ros2_ws/install/realsense2_camera/bin'
[0.971s] Level 1:colcon.colcon_core.environment:checking '/home/hsm/ros2_ws/install/realsense2_camera/lib/pkgconfig/realsense2_camera.pc'
[0.972s] Level 1:colcon.colcon_core.environment:checking '/home/hsm/ros2_ws/install/realsense2_camera/lib/python3.10/site-packages'
[0.972s] Level 1:colcon.colcon_core.environment:checking '/home/hsm/ros2_ws/install/realsense2_camera/bin'
[0.974s] INFO:colcon.colcon_core.shell:Creating package script '/home/hsm/ros2_ws/install/realsense2_camera/share/realsense2_camera/package.ps1'
[0.975s] INFO:colcon.colcon_core.shell:Creating package descriptor '/home/hsm/ros2_ws/install/realsense2_camera/share/realsense2_camera/package.dsv'
[0.975s] INFO:colcon.colcon_core.shell:Creating package script '/home/hsm/ros2_ws/install/realsense2_camera/share/realsense2_camera/package.sh'
[0.976s] INFO:colcon.colcon_core.shell:Creating package script '/home/hsm/ros2_ws/install/realsense2_camera/share/realsense2_camera/package.bash'
[0.976s] INFO:colcon.colcon_core.shell:Creating package script '/home/hsm/ros2_ws/install/realsense2_camera/share/realsense2_camera/package.zsh'
[0.976s] Level 1:colcon.colcon_core.environment:create_file_with_runtime_dependencies(/home/hsm/ros2_ws/install/realsense2_camera/share/colcon-core/packages/realsense2_camera)
[1.312s] DEBUG:colcon.colcon_core.event_handler.log_command:Invoked command in '/home/hsm/ros2_ws/build/dynamixel_sdk' returned '0': CMAKE_PREFIX_PATH=/opt/ros/humble /usr/bin/cmake --build /home/hsm/ros2_ws/build/dynamixel_sdk -- -j16 -l16
[1.332s] DEBUG:colcon.colcon_core.event_handler.log_command:Invoking command in '/home/hsm/ros2_ws/build/dynamixel_sdk': CMAKE_PREFIX_PATH=/opt/ros/humble /usr/bin/cmake --install /home/hsm/ros2_ws/build/dynamixel_sdk
[1.339s] Level 1:colcon.colcon_core.environment:create_environment_scripts_only(dynamixel_sdk)
[1.340s] DEBUG:colcon.colcon_core.event_handler.log_command:Invoked command in '/home/hsm/ros2_ws/build/dynamixel_sdk' returned '0': CMAKE_PREFIX_PATH=/opt/ros/humble /usr/bin/cmake --install /home/hsm/ros2_ws/build/dynamixel_sdk
[1.342s] Level 1:colcon.colcon_core.environment:checking '/home/hsm/ros2_ws/install/dynamixel_sdk' for CMake module files
[1.342s] Level 1:colcon.colcon_core.environment:checking '/home/hsm/ros2_ws/install/dynamixel_sdk' for CMake config files
[1.343s] Level 1:colcon.colcon_core.shell:create_environment_hook('dynamixel_sdk', 'cmake_prefix_path')
[1.344s] INFO:colcon.colcon_core.shell:Creating environment hook '/home/hsm/ros2_ws/install/dynamixel_sdk/share/dynamixel_sdk/hook/cmake_prefix_path.ps1'
[1.344s] INFO:colcon.colcon_core.shell:Creating environment descriptor '/home/hsm/ros2_ws/install/dynamixel_sdk/share/dynamixel_sdk/hook/cmake_prefix_path.dsv'
[1.345s] INFO:colcon.colcon_core.shell:Creating environment hook '/home/hsm/ros2_ws/install/dynamixel_sdk/share/dynamixel_sdk/hook/cmake_prefix_path.sh'
[1.345s] Level 1:colcon.colcon_core.environment:checking '/home/hsm/ros2_ws/install/dynamixel_sdk/lib'
[1.345s] Level 1:colcon.colcon_core.shell:create_environment_hook('dynamixel_sdk', 'ld_library_path_lib')
[1.346s] INFO:colcon.colcon_core.shell:Creating environment hook '/home/hsm/ros2_ws/install/dynamixel_sdk/share/dynamixel_sdk/hook/ld_library_path_lib.ps1'
[1.346s] INFO:colcon.colcon_core.shell:Creating environment descriptor '/home/hsm/ros2_ws/install/dynamixel_sdk/share/dynamixel_sdk/hook/ld_library_path_lib.dsv'
[1.346s] INFO:colcon.colcon_core.shell:Creating environment hook '/home/hsm/ros2_ws/install/dynamixel_sdk/share/dynamixel_sdk/hook/ld_library_path_lib.sh'
[1.347s] Level 1:colcon.colcon_core.environment:checking '/home/hsm/ros2_ws/install/dynamixel_sdk/bin'
[1.347s] Level 1:colcon.colcon_core.environment:checking '/home/hsm/ros2_ws/install/dynamixel_sdk/lib/pkgconfig/dynamixel_sdk.pc'
[1.347s] Level 1:colcon.colcon_core.environment:checking '/home/hsm/ros2_ws/install/dynamixel_sdk/lib/python3.10/site-packages'
[1.347s] Level 1:colcon.colcon_core.environment:checking '/home/hsm/ros2_ws/install/dynamixel_sdk/bin'
[1.348s] INFO:colcon.colcon_core.shell:Creating package script '/home/hsm/ros2_ws/install/dynamixel_sdk/share/dynamixel_sdk/package.ps1'
[1.348s] INFO:colcon.colcon_core.shell:Creating package descriptor '/home/hsm/ros2_ws/install/dynamixel_sdk/share/dynamixel_sdk/package.dsv'
[1.348s] INFO:colcon.colcon_core.shell:Creating package script '/home/hsm/ros2_ws/install/dynamixel_sdk/share/dynamixel_sdk/package.sh'
[1.348s] INFO:colcon.colcon_core.shell:Creating package script '/home/hsm/ros2_ws/install/dynamixel_sdk/share/dynamixel_sdk/package.bash'
[1.348s] INFO:colcon.colcon_core.shell:Creating package script '/home/hsm/ros2_ws/install/dynamixel_sdk/share/dynamixel_sdk/package.zsh'
[1.348s] Level 1:colcon.colcon_core.environment:create_file_with_runtime_dependencies(/home/hsm/ros2_ws/install/dynamixel_sdk/share/colcon-core/packages/dynamixel_sdk)
[1.369s] Level 1:colcon.colcon_core.environment:create_environment_scripts_only(dynamixel_sdk)
[1.370s] Level 1:colcon.colcon_core.environment:checking '/home/hsm/ros2_ws/install/dynamixel_sdk' for CMake module files
[1.371s] Level 1:colcon.colcon_core.environment:checking '/home/hsm/ros2_ws/install/dynamixel_sdk' for CMake config files
[1.371s] Level 1:colcon.colcon_core.shell:create_environment_hook('dynamixel_sdk', 'cmake_prefix_path')
[1.371s] INFO:colcon.colcon_core.shell:Creating environment hook '/home/hsm/ros2_ws/install/dynamixel_sdk/share/dynamixel_sdk/hook/cmake_prefix_path.ps1'
[1.372s] INFO:colcon.colcon_core.shell:Creating environment descriptor '/home/hsm/ros2_ws/install/dynamixel_sdk/share/dynamixel_sdk/hook/cmake_prefix_path.dsv'
[1.372s] INFO:colcon.colcon_core.shell:Creating environment hook '/home/hsm/ros2_ws/install/dynamixel_sdk/share/dynamixel_sdk/hook/cmake_prefix_path.sh'
[1.372s] Level 1:colcon.colcon_core.environment:checking '/home/hsm/ros2_ws/install/dynamixel_sdk/lib'
[1.372s] Level 1:colcon.colcon_core.shell:create_environment_hook('dynamixel_sdk', 'ld_library_path_lib')
[1.373s] INFO:colcon.colcon_core.shell:Creating environment hook '/home/hsm/ros2_ws/install/dynamixel_sdk/share/dynamixel_sdk/hook/ld_library_path_lib.ps1'
[1.373s] INFO:colcon.colcon_core.shell:Creating environment descriptor '/home/hsm/ros2_ws/install/dynamixel_sdk/share/dynamixel_sdk/hook/ld_library_path_lib.dsv'
[1.373s] INFO:colcon.colcon_core.shell:Creating environment hook '/home/hsm/ros2_ws/install/dynamixel_sdk/share/dynamixel_sdk/hook/ld_library_path_lib.sh'
[1.374s] Level 1:colcon.colcon_core.environment:checking '/home/hsm/ros2_ws/install/dynamixel_sdk/bin'
[1.374s] Level 1:colcon.colcon_core.environment:checking '/home/hsm/ros2_ws/install/dynamixel_sdk/lib/pkgconfig/dynamixel_sdk.pc'
[1.374s] Level 1:colcon.colcon_core.environment:checking '/home/hsm/ros2_ws/install/dynamixel_sdk/lib/python3.10/site-packages'
[1.374s] Level 1:colcon.colcon_core.environment:checking '/home/hsm/ros2_ws/install/dynamixel_sdk/bin'
[1.375s] INFO:colcon.colcon_core.shell:Creating package script '/home/hsm/ros2_ws/install/dynamixel_sdk/share/dynamixel_sdk/package.ps1'
[1.375s] INFO:colcon.colcon_core.shell:Creating package descriptor '/home/hsm/ros2_ws/install/dynamixel_sdk/share/dynamixel_sdk/package.dsv'
[1.375s] INFO:colcon.colcon_core.shell:Creating package script '/home/hsm/ros2_ws/install/dynamixel_sdk/share/dynamixel_sdk/package.sh'
[1.375s] INFO:colcon.colcon_core.shell:Creating package script '/home/hsm/ros2_ws/install/dynamixel_sdk/share/dynamixel_sdk/package.bash'
[1.375s] INFO:colcon.colcon_core.shell:Creating package script '/home/hsm/ros2_ws/install/dynamixel_sdk/share/dynamixel_sdk/package.zsh'
[1.375s] Level 1:colcon.colcon_core.environment:create_file_with_runtime_dependencies(/home/hsm/ros2_ws/install/dynamixel_sdk/share/colcon-core/packages/dynamixel_sdk)
[1.475s] DEBUG:colcon.colcon_core.event_handler.log_command:Invoked command in '/home/hsm/ros2_ws/build/dynamixel_sdk_custom_interfaces' returned '0': CMAKE_PREFIX_PATH=/opt/ros/humble /usr/bin/cmake /home/hsm/ros2_ws/src/DynamixelSDK/dynamixel_sdk_custom_interfaces -DCMAKE_INSTALL_PREFIX=/home/hsm/ros2_ws/install/dynamixel_sdk_custom_interfaces
[1.477s] DEBUG:colcon.colcon_core.event_handler.log_command:Invoking command in '/home/hsm/ros2_ws/build/dynamixel_sdk_custom_interfaces': CMAKE_PREFIX_PATH=/opt/ros/humble /usr/bin/cmake --build /home/hsm/ros2_ws/build/dynamixel_sdk_custom_interfaces -- -j16 -l16
[2.839s] DEBUG:colcon.colcon_core.event_handler.log_command:Invoked command in '/home/hsm/ros2_ws/build/dynamixel_sdk_custom_interfaces' returned '0': CMAKE_PREFIX_PATH=/opt/ros/humble /usr/bin/cmake --build /home/hsm/ros2_ws/build/dynamixel_sdk_custom_interfaces -- -j16 -l16
[2.873s] DEBUG:colcon.colcon_core.event_handler.log_command:Invoking command in '/home/hsm/ros2_ws/build/dynamixel_sdk_custom_interfaces': CMAKE_PREFIX_PATH=/opt/ros/humble /usr/bin/cmake --install /home/hsm/ros2_ws/build/dynamixel_sdk_custom_interfaces
[2.905s] Level 1:colcon.colcon_core.environment:create_environment_scripts_only(dynamixel_sdk_custom_interfaces)
[2.906s] DEBUG:colcon.colcon_core.event_handler.log_command:Invoked command in '/home/hsm/ros2_ws/build/dynamixel_sdk_custom_interfaces' returned '0': CMAKE_PREFIX_PATH=/opt/ros/humble /usr/bin/cmake --install /home/hsm/ros2_ws/build/dynamixel_sdk_custom_interfaces
[2.907s] Level 1:colcon.colcon_core.environment:checking '/home/hsm/ros2_ws/install/dynamixel_sdk_custom_interfaces' for CMake module files
[2.907s] Level 1:colcon.colcon_core.environment:checking '/home/hsm/ros2_ws/install/dynamixel_sdk_custom_interfaces' for CMake config files
[2.907s] Level 1:colcon.colcon_core.shell:create_environment_hook('dynamixel_sdk_custom_interfaces', 'cmake_prefix_path')
[2.908s] INFO:colcon.colcon_core.shell:Creating environment hook '/home/hsm/ros2_ws/install/dynamixel_sdk_custom_interfaces/share/dynamixel_sdk_custom_interfaces/hook/cmake_prefix_path.ps1'
[2.908s] INFO:colcon.colcon_core.shell:Creating environment descriptor '/home/hsm/ros2_ws/install/dynamixel_sdk_custom_interfaces/share/dynamixel_sdk_custom_interfaces/hook/cmake_prefix_path.dsv'
[2.908s] INFO:colcon.colcon_core.shell:Creating environment hook '/home/hsm/ros2_ws/install/dynamixel_sdk_custom_interfaces/share/dynamixel_sdk_custom_interfaces/hook/cmake_prefix_path.sh'
[2.909s] Level 1:colcon.colcon_core.environment:checking '/home/hsm/ros2_ws/install/dynamixel_sdk_custom_interfaces/lib'
[2.909s] Level 1:colcon.colcon_core.shell:create_environment_hook('dynamixel_sdk_custom_interfaces', 'ld_library_path_lib')
[2.909s] INFO:colcon.colcon_core.shell:Creating environment hook '/home/hsm/ros2_ws/install/dynamixel_sdk_custom_interfaces/share/dynamixel_sdk_custom_interfaces/hook/ld_library_path_lib.ps1'
[2.910s] INFO:colcon.colcon_core.shell:Creating environment descriptor '/home/hsm/ros2_ws/install/dynamixel_sdk_custom_interfaces/share/dynamixel_sdk_custom_interfaces/hook/ld_library_path_lib.dsv'
[2.910s] INFO:colcon.colcon_core.shell:Creating environment hook '/home/hsm/ros2_ws/install/dynamixel_sdk_custom_interfaces/share/dynamixel_sdk_custom_interfaces/hook/ld_library_path_lib.sh'
[2.910s] Level 1:colcon.colcon_core.environment:checking '/home/hsm/ros2_ws/install/dynamixel_sdk_custom_interfaces/bin'
[2.910s] Level 1:colcon.colcon_core.environment:checking '/home/hsm/ros2_ws/install/dynamixel_sdk_custom_interfaces/lib/pkgconfig/dynamixel_sdk_custom_interfaces.pc'
[2.910s] Level 1:colcon.colcon_core.environment:checking '/home/hsm/ros2_ws/install/dynamixel_sdk_custom_interfaces/lib/python3.10/site-packages'
[2.910s] Level 1:colcon.colcon_core.environment:checking '/home/hsm/ros2_ws/install/dynamixel_sdk_custom_interfaces/bin'
[2.911s] INFO:colcon.colcon_core.shell:Creating package script '/home/hsm/ros2_ws/install/dynamixel_sdk_custom_interfaces/share/dynamixel_sdk_custom_interfaces/package.ps1'
[2.911s] INFO:colcon.colcon_core.shell:Creating package descriptor '/home/hsm/ros2_ws/install/dynamixel_sdk_custom_interfaces/share/dynamixel_sdk_custom_interfaces/package.dsv'
[2.911s] INFO:colcon.colcon_core.shell:Creating package script '/home/hsm/ros2_ws/install/dynamixel_sdk_custom_interfaces/share/dynamixel_sdk_custom_interfaces/package.sh'
[2.911s] INFO:colcon.colcon_core.shell:Creating package script '/home/hsm/ros2_ws/install/dynamixel_sdk_custom_interfaces/share/dynamixel_sdk_custom_interfaces/package.bash'
[2.911s] INFO:colcon.colcon_core.shell:Creating package script '/home/hsm/ros2_ws/install/dynamixel_sdk_custom_interfaces/share/dynamixel_sdk_custom_interfaces/package.zsh'
[2.912s] Level 1:colcon.colcon_core.environment:create_file_with_runtime_dependencies(/home/hsm/ros2_ws/install/dynamixel_sdk_custom_interfaces/share/colcon-core/packages/dynamixel_sdk_custom_interfaces)
[2.945s] Level 1:colcon.colcon_core.environment:create_environment_scripts_only(dynamixel_sdk_custom_interfaces)
[2.946s] Level 1:colcon.colcon_core.environment:checking '/home/hsm/ros2_ws/install/dynamixel_sdk_custom_interfaces' for CMake module files
[2.946s] Level 1:colcon.colcon_core.environment:checking '/home/hsm/ros2_ws/install/dynamixel_sdk_custom_interfaces' for CMake config files
[2.947s] Level 1:colcon.colcon_core.shell:create_environment_hook('dynamixel_sdk_custom_interfaces', 'cmake_prefix_path')
[2.947s] INFO:colcon.colcon_core.shell:Creating environment hook '/home/hsm/ros2_ws/install/dynamixel_sdk_custom_interfaces/share/dynamixel_sdk_custom_interfaces/hook/cmake_prefix_path.ps1'
[2.948s] INFO:colcon.colcon_core.shell:Creating environment descriptor '/home/hsm/ros2_ws/install/dynamixel_sdk_custom_interfaces/share/dynamixel_sdk_custom_interfaces/hook/cmake_prefix_path.dsv'
[2.948s] INFO:colcon.colcon_core.shell:Creating environment hook '/home/hsm/ros2_ws/install/dynamixel_sdk_custom_interfaces/share/dynamixel_sdk_custom_interfaces/hook/cmake_prefix_path.sh'
[2.948s] Level 1:colcon.colcon_core.environment:checking '/home/hsm/ros2_ws/install/dynamixel_sdk_custom_interfaces/lib'
[2.948s] Level 1:colcon.colcon_core.shell:create_environment_hook('dynamixel_sdk_custom_interfaces', 'ld_library_path_lib')
[2.949s] INFO:colcon.colcon_core.shell:Creating environment hook '/home/hsm/ros2_ws/install/dynamixel_sdk_custom_interfaces/share/dynamixel_sdk_custom_interfaces/hook/ld_library_path_lib.ps1'
[2.949s] INFO:colcon.colcon_core.shell:Creating environment descriptor '/home/hsm/ros2_ws/install/dynamixel_sdk_custom_interfaces/share/dynamixel_sdk_custom_interfaces/hook/ld_library_path_lib.dsv'
[2.949s] INFO:colcon.colcon_core.shell:Creating environment hook '/home/hsm/ros2_ws/install/dynamixel_sdk_custom_interfaces/share/dynamixel_sdk_custom_interfaces/hook/ld_library_path_lib.sh'
[2.949s] Level 1:colcon.colcon_core.environment:checking '/home/hsm/ros2_ws/install/dynamixel_sdk_custom_interfaces/bin'
[2.949s] Level 1:colcon.colcon_core.environment:checking '/home/hsm/ros2_ws/install/dynamixel_sdk_custom_interfaces/lib/pkgconfig/dynamixel_sdk_custom_interfaces.pc'
[2.950s] Level 1:colcon.colcon_core.environment:checking '/home/hsm/ros2_ws/install/dynamixel_sdk_custom_interfaces/lib/python3.10/site-packages'
[2.950s] Level 1:colcon.colcon_core.environment:checking '/home/hsm/ros2_ws/install/dynamixel_sdk_custom_interfaces/bin'
[2.951s] INFO:colcon.colcon_core.shell:Creating package script '/home/hsm/ros2_ws/install/dynamixel_sdk_custom_interfaces/share/dynamixel_sdk_custom_interfaces/package.ps1'
[2.951s] INFO:colcon.colcon_core.shell:Creating package descriptor '/home/hsm/ros2_ws/install/dynamixel_sdk_custom_interfaces/share/dynamixel_sdk_custom_interfaces/package.dsv'
[2.951s] INFO:colcon.colcon_core.shell:Creating package script '/home/hsm/ros2_ws/install/dynamixel_sdk_custom_interfaces/share/dynamixel_sdk_custom_interfaces/package.sh'
[2.951s] INFO:colcon.colcon_core.shell:Creating package script '/home/hsm/ros2_ws/install/dynamixel_sdk_custom_interfaces/share/dynamixel_sdk_custom_interfaces/package.bash'
[2.952s] INFO:colcon.colcon_core.shell:Creating package script '/home/hsm/ros2_ws/install/dynamixel_sdk_custom_interfaces/share/dynamixel_sdk_custom_interfaces/package.zsh'
[2.952s] Level 1:colcon.colcon_core.environment:create_file_with_runtime_dependencies(/home/hsm/ros2_ws/install/dynamixel_sdk_custom_interfaces/share/colcon-core/packages/dynamixel_sdk_custom_interfaces)
[2.952s] INFO:colcon.colcon_ros.task.ament_cmake.build:Building ROS package in '/home/hsm/ros2_ws/src/DynamixelSDK/dynamixel_sdk_examples' with build type 'ament_cmake'
[2.952s] INFO:colcon.colcon_cmake.task.cmake.build:Building CMake package in '/home/hsm/ros2_ws/src/DynamixelSDK/dynamixel_sdk_examples'
[2.953s] INFO:colcon.colcon_core.shell:Skip shell extension 'powershell' for command environment: Not usable outside of PowerShell
[2.953s] DEBUG:colcon.colcon_core.shell:Skip shell extension 'dsv' for command environment
[2.960s] DEBUG:colcon.colcon_core.event_handler.log_command:Invoking command in '/home/hsm/ros2_ws/build/dynamixel_sdk_examples': AMENT_PREFIX_PATH=/home/hsm/ros2_ws/install/dynamixel_sdk_custom_interfaces:/home/hsm/ros2_ws/install/dynamixel_sdk:${AMENT_PREFIX_PATH} CMAKE_PREFIX_PATH=/home/hsm/ros2_ws/install/dynamixel_sdk_custom_interfaces:/home/hsm/ros2_ws/install/dynamixel_sdk:/opt/ros/humble LD_LIBRARY_PATH=/home/hsm/ros2_ws/install/dynamixel_sdk_custom_interfaces/lib:/home/hsm/ros2_ws/install/dynamixel_sdk/lib:${LD_LIBRARY_PATH} PYTHONPATH=/home/hsm/ros2_ws/install/dynamixel_sdk_custom_interfaces/local/lib/python3.10/dist-packages:${PYTHONPATH} /usr/bin/cmake /home/hsm/ros2_ws/src/DynamixelSDK/dynamixel_sdk_examples -DCMAKE_INSTALL_PREFIX=/home/hsm/ros2_ws/install/dynamixel_sdk_examples
[3.753s] DEBUG:colcon.colcon_core.event_handler.log_command:Invoked command in '/home/hsm/ros2_ws/build/dynamixel_sdk_examples' returned '0': AMENT_PREFIX_PATH=/home/hsm/ros2_ws/install/dynamixel_sdk_custom_interfaces:/home/hsm/ros2_ws/install/dynamixel_sdk:${AMENT_PREFIX_PATH} CMAKE_PREFIX_PATH=/home/hsm/ros2_ws/install/dynamixel_sdk_custom_interfaces:/home/hsm/ros2_ws/install/dynamixel_sdk:/opt/ros/humble LD_LIBRARY_PATH=/home/hsm/ros2_ws/install/dynamixel_sdk_custom_interfaces/lib:/home/hsm/ros2_ws/install/dynamixel_sdk/lib:${LD_LIBRARY_PATH} PYTHONPATH=/home/hsm/ros2_ws/install/dynamixel_sdk_custom_interfaces/local/lib/python3.10/dist-packages:${PYTHONPATH} /usr/bin/cmake /home/hsm/ros2_ws/src/DynamixelSDK/dynamixel_sdk_examples -DCMAKE_INSTALL_PREFIX=/home/hsm/ros2_ws/install/dynamixel_sdk_examples
[3.754s] DEBUG:colcon.colcon_core.event_handler.log_command:Invoking command in '/home/hsm/ros2_ws/build/dynamixel_sdk_examples': AMENT_PREFIX_PATH=/home/hsm/ros2_ws/install/dynamixel_sdk_custom_interfaces:/home/hsm/ros2_ws/install/dynamixel_sdk:${AMENT_PREFIX_PATH} CMAKE_PREFIX_PATH=/home/hsm/ros2_ws/install/dynamixel_sdk_custom_interfaces:/home/hsm/ros2_ws/install/dynamixel_sdk:/opt/ros/humble LD_LIBRARY_PATH=/home/hsm/ros2_ws/install/dynamixel_sdk_custom_interfaces/lib:/home/hsm/ros2_ws/install/dynamixel_sdk/lib:${LD_LIBRARY_PATH} PYTHONPATH=/home/hsm/ros2_ws/install/dynamixel_sdk_custom_interfaces/local/lib/python3.10/dist-packages:${PYTHONPATH} /usr/bin/cmake --build /home/hsm/ros2_ws/build/dynamixel_sdk_examples -- -j16 -l16
[9.117s] DEBUG:colcon.colcon_core.event_handler.log_command:Invoked command in '/home/hsm/ros2_ws/build/dynamixel_sdk_examples' returned '0': AMENT_PREFIX_PATH=/home/hsm/ros2_ws/install/dynamixel_sdk_custom_interfaces:/home/hsm/ros2_ws/install/dynamixel_sdk:${AMENT_PREFIX_PATH} CMAKE_PREFIX_PATH=/home/hsm/ros2_ws/install/dynamixel_sdk_custom_interfaces:/home/hsm/ros2_ws/install/dynamixel_sdk:/opt/ros/humble LD_LIBRARY_PATH=/home/hsm/ros2_ws/install/dynamixel_sdk_custom_interfaces/lib:/home/hsm/ros2_ws/install/dynamixel_sdk/lib:${LD_LIBRARY_PATH} PYTHONPATH=/home/hsm/ros2_ws/install/dynamixel_sdk_custom_interfaces/local/lib/python3.10/dist-packages:${PYTHONPATH} /usr/bin/cmake --build /home/hsm/ros2_ws/build/dynamixel_sdk_examples -- -j16 -l16
[9.130s] DEBUG:colcon.colcon_core.event_handler.log_command:Invoking command in '/home/hsm/ros2_ws/build/dynamixel_sdk_examples': AMENT_PREFIX_PATH=/home/hsm/ros2_ws/install/dynamixel_sdk_custom_interfaces:/home/hsm/ros2_ws/install/dynamixel_sdk:${AMENT_PREFIX_PATH} CMAKE_PREFIX_PATH=/home/hsm/ros2_ws/install/dynamixel_sdk_custom_interfaces:/home/hsm/ros2_ws/install/dynamixel_sdk:/opt/ros/humble LD_LIBRARY_PATH=/home/hsm/ros2_ws/install/dynamixel_sdk_custom_interfaces/lib:/home/hsm/ros2_ws/install/dynamixel_sdk/lib:${LD_LIBRARY_PATH} PYTHONPATH=/home/hsm/ros2_ws/install/dynamixel_sdk_custom_interfaces/local/lib/python3.10/dist-packages:${PYTHONPATH} /usr/bin/cmake --install /home/hsm/ros2_ws/build/dynamixel_sdk_examples
[9.137s] Level 1:colcon.colcon_core.environment:create_environment_scripts_only(dynamixel_sdk_examples)
[9.138s] Level 1:colcon.colcon_core.environment:checking '/home/hsm/ros2_ws/install/dynamixel_sdk_examples' for CMake module files
[9.139s] DEBUG:colcon.colcon_core.event_handler.log_command:Invoked command in '/home/hsm/ros2_ws/build/dynamixel_sdk_examples' returned '0': AMENT_PREFIX_PATH=/home/hsm/ros2_ws/install/dynamixel_sdk_custom_interfaces:/home/hsm/ros2_ws/install/dynamixel_sdk:${AMENT_PREFIX_PATH} CMAKE_PREFIX_PATH=/home/hsm/ros2_ws/install/dynamixel_sdk_custom_interfaces:/home/hsm/ros2_ws/install/dynamixel_sdk:/opt/ros/humble LD_LIBRARY_PATH=/home/hsm/ros2_ws/install/dynamixel_sdk_custom_interfaces/lib:/home/hsm/ros2_ws/install/dynamixel_sdk/lib:${LD_LIBRARY_PATH} PYTHONPATH=/home/hsm/ros2_ws/install/dynamixel_sdk_custom_interfaces/local/lib/python3.10/dist-packages:${PYTHONPATH} /usr/bin/cmake --install /home/hsm/ros2_ws/build/dynamixel_sdk_examples
[9.139s] Level 1:colcon.colcon_core.environment:checking '/home/hsm/ros2_ws/install/dynamixel_sdk_examples' for CMake config files
[9.139s] Level 1:colcon.colcon_core.shell:create_environment_hook('dynamixel_sdk_examples', 'cmake_prefix_path')
[9.140s] INFO:colcon.colcon_core.shell:Creating environment hook '/home/hsm/ros2_ws/install/dynamixel_sdk_examples/share/dynamixel_sdk_examples/hook/cmake_prefix_path.ps1'
[9.140s] INFO:colcon.colcon_core.shell:Creating environment descriptor '/home/hsm/ros2_ws/install/dynamixel_sdk_examples/share/dynamixel_sdk_examples/hook/cmake_prefix_path.dsv'
[9.140s] INFO:colcon.colcon_core.shell:Creating environment hook '/home/hsm/ros2_ws/install/dynamixel_sdk_examples/share/dynamixel_sdk_examples/hook/cmake_prefix_path.sh'
[9.140s] Level 1:colcon.colcon_core.environment:checking '/home/hsm/ros2_ws/install/dynamixel_sdk_examples/lib'
[9.140s] Level 1:colcon.colcon_core.environment:checking '/home/hsm/ros2_ws/install/dynamixel_sdk_examples/bin'
[9.140s] Level 1:colcon.colcon_core.environment:checking '/home/hsm/ros2_ws/install/dynamixel_sdk_examples/lib/pkgconfig/dynamixel_sdk_examples.pc'
[9.140s] Level 1:colcon.colcon_core.environment:checking '/home/hsm/ros2_ws/install/dynamixel_sdk_examples/lib/python3.10/site-packages'
[9.141s] Level 1:colcon.colcon_core.environment:checking '/home/hsm/ros2_ws/install/dynamixel_sdk_examples/bin'
[9.141s] INFO:colcon.colcon_core.shell:Creating package script '/home/hsm/ros2_ws/install/dynamixel_sdk_examples/share/dynamixel_sdk_examples/package.ps1'
[9.142s] INFO:colcon.colcon_core.shell:Creating package descriptor '/home/hsm/ros2_ws/install/dynamixel_sdk_examples/share/dynamixel_sdk_examples/package.dsv'
[9.142s] INFO:colcon.colcon_core.shell:Creating package script '/home/hsm/ros2_ws/install/dynamixel_sdk_examples/share/dynamixel_sdk_examples/package.sh'
[9.142s] INFO:colcon.colcon_core.shell:Creating package script '/home/hsm/ros2_ws/install/dynamixel_sdk_examples/share/dynamixel_sdk_examples/package.bash'
[9.142s] INFO:colcon.colcon_core.shell:Creating package script '/home/hsm/ros2_ws/install/dynamixel_sdk_examples/share/dynamixel_sdk_examples/package.zsh'
[9.142s] Level 1:colcon.colcon_core.environment:create_file_with_runtime_dependencies(/home/hsm/ros2_ws/install/dynamixel_sdk_examples/share/colcon-core/packages/dynamixel_sdk_examples)
[9.154s] Level 1:colcon.colcon_core.environment:create_environment_scripts_only(dynamixel_sdk_examples)
[9.155s] Level 1:colcon.colcon_core.environment:checking '/home/hsm/ros2_ws/install/dynamixel_sdk_examples' for CMake module files
[9.156s] Level 1:colcon.colcon_core.environment:checking '/home/hsm/ros2_ws/install/dynamixel_sdk_examples' for CMake config files
[9.156s] Level 1:colcon.colcon_core.shell:create_environment_hook('dynamixel_sdk_examples', 'cmake_prefix_path')
[9.156s] INFO:colcon.colcon_core.shell:Creating environment hook '/home/hsm/ros2_ws/install/dynamixel_sdk_examples/share/dynamixel_sdk_examples/hook/cmake_prefix_path.ps1'
[9.157s] INFO:colcon.colcon_core.shell:Creating environment descriptor '/home/hsm/ros2_ws/install/dynamixel_sdk_examples/share/dynamixel_sdk_examples/hook/cmake_prefix_path.dsv'
[9.157s] INFO:colcon.colcon_core.shell:Creating environment hook '/home/hsm/ros2_ws/install/dynamixel_sdk_examples/share/dynamixel_sdk_examples/hook/cmake_prefix_path.sh'
[9.157s] Level 1:colcon.colcon_core.environment:checking '/home/hsm/ros2_ws/install/dynamixel_sdk_examples/lib'
[9.157s] Level 1:colcon.colcon_core.environment:checking '/home/hsm/ros2_ws/install/dynamixel_sdk_examples/bin'
[9.157s] Level 1:colcon.colcon_core.environment:checking '/home/hsm/ros2_ws/install/dynamixel_sdk_examples/lib/pkgconfig/dynamixel_sdk_examples.pc'
[9.157s] Level 1:colcon.colcon_core.environment:checking '/home/hsm/ros2_ws/install/dynamixel_sdk_examples/lib/python3.10/site-packages'
[9.157s] Level 1:colcon.colcon_core.environment:checking '/home/hsm/ros2_ws/install/dynamixel_sdk_examples/bin'
[9.158s] INFO:colcon.colcon_core.shell:Creating package script '/home/hsm/ros2_ws/install/dynamixel_sdk_examples/share/dynamixel_sdk_examples/package.ps1'
[9.158s] INFO:colcon.colcon_core.shell:Creating package descriptor '/home/hsm/ros2_ws/install/dynamixel_sdk_examples/share/dynamixel_sdk_examples/package.dsv'
[9.159s] INFO:colcon.colcon_core.shell:Creating package script '/home/hsm/ros2_ws/install/dynamixel_sdk_examples/share/dynamixel_sdk_examples/package.sh'
[9.159s] INFO:colcon.colcon_core.shell:Creating package script '/home/hsm/ros2_ws/install/dynamixel_sdk_examples/share/dynamixel_sdk_examples/package.bash'
[9.159s] INFO:colcon.colcon_core.shell:Creating package script '/home/hsm/ros2_ws/install/dynamixel_sdk_examples/share/dynamixel_sdk_examples/package.zsh'
[9.159s] Level 1:colcon.colcon_core.environment:create_file_with_runtime_dependencies(/home/hsm/ros2_ws/install/dynamixel_sdk_examples/share/colcon-core/packages/dynamixel_sdk_examples)
[9.159s] DEBUG:colcon.colcon_parallel_executor.executor.parallel:closing loop
[9.159s] DEBUG:colcon.colcon_parallel_executor.executor.parallel:loop closed
[9.159s] DEBUG:colcon.colcon_parallel_executor.executor.parallel:run_until_complete finished with '0'
[9.159s] DEBUG:colcon.colcon_core.event_reactor:joining thread
[9.164s] INFO:colcon.colcon_core.plugin_system:Skipping extension 'colcon_notification.desktop_notification.terminal_notifier': Not used on non-Darwin systems
[9.164s] INFO:colcon.colcon_core.plugin_system:Skipping extension 'colcon_notification.desktop_notification.win32': Not used on non-Windows systems
[9.164s] INFO:colcon.colcon_notification.desktop_notification:Sending desktop notification using 'notify2'
[9.170s] DEBUG:colcon.colcon_core.event_reactor:joined thread
[9.171s] INFO:colcon.colcon_core.shell:Creating prefix script '/home/hsm/ros2_ws/install/local_setup.ps1'
[9.172s] INFO:colcon.colcon_core.shell:Creating prefix util module '/home/hsm/ros2_ws/install/_local_setup_util_ps1.py'
[9.173s] INFO:colcon.colcon_core.shell:Creating prefix chain script '/home/hsm/ros2_ws/install/setup.ps1'
[9.173s] INFO:colcon.colcon_core.shell:Creating prefix script '/home/hsm/ros2_ws/install/local_setup.sh'
[9.174s] INFO:colcon.colcon_core.shell:Creating prefix util module '/home/hsm/ros2_ws/install/_local_setup_util_sh.py'
[9.174s] INFO:colcon.colcon_core.shell:Creating prefix chain script '/home/hsm/ros2_ws/install/setup.sh'
[9.175s] INFO:colcon.colcon_core.shell:Creating prefix script '/home/hsm/ros2_ws/install/local_setup.bash'
[9.175s] INFO:colcon.colcon_core.shell:Creating prefix chain script '/home/hsm/ros2_ws/install/setup.bash'
[9.176s] INFO:colcon.colcon_core.shell:Creating prefix script '/home/hsm/ros2_ws/install/local_setup.zsh'
[9.176s] INFO:colcon.colcon_core.shell:Creating prefix chain script '/home/hsm/ros2_ws/install/setup.zsh'
