[0.009s] Invoking command in '/home/hsm/ros2_ws/build/dynamixel_sdk_custom_interfaces': CMAKE_PREFIX_PATH=/opt/ros/humble /usr/bin/cmake /home/hsm/ros2_ws/src/DynamixelSDK/dynamixel_sdk_custom_interfaces -DCMAKE_INSTALL_PREFIX=/home/hsm/ros2_ws/install/dynamixel_sdk_custom_interfaces
[0.070s] -- The C compiler identification is GNU 11.3.0
[0.120s] -- The CXX compiler identification is GNU 11.3.0
[0.128s] -- Detecting C compiler ABI info
[0.169s] -- Detecting C compiler ABI info - done
[0.173s] -- Check for working C compiler: /usr/bin/cc - skipped
[0.173s] -- Detecting C compile features
[0.174s] -- Detecting C compile features - done
[0.176s] -- Detecting CXX compiler ABI info
[0.223s] -- Detecting CXX compiler ABI info - done
[0.229s] -- Check for working CXX compiler: /usr/bin/c++ - skipped
[0.229s] -- Detecting CXX compile features
[0.229s] -- Detecting CXX compile features - done
[0.231s] -- Found ament_cmake: 1.3.3 (/opt/ros/humble/share/ament_cmake/cmake)
[0.340s] -- Found Python3: /usr/bin/python3.10 (found version "3.10.6") found components: Interpreter 
[0.403s] -- Found builtin_interfaces: 1.2.1 (/opt/ros/humble/share/builtin_interfaces/cmake)
[0.432s] -- Found rosidl_generator_c: 3.1.4 (/opt/ros/humble/share/rosidl_generator_c/cmake)
[0.436s] -- Found rosidl_adapter: 3.1.4 (/opt/ros/humble/share/rosidl_adapter/cmake)
[0.446s] -- Found rosidl_generator_cpp: 3.1.4 (/opt/ros/humble/share/rosidl_generator_cpp/cmake)
[0.460s] -- Using all available rosidl_typesupport_c: rosidl_typesupport_fastrtps_c;rosidl_typesupport_introspection_c
[0.473s] -- Using all available rosidl_typesupport_cpp: rosidl_typesupport_fastrtps_cpp;rosidl_typesupport_introspection_cpp
[0.494s] -- Found rosidl_default_generators: 1.2.0 (/opt/ros/humble/share/rosidl_default_generators/cmake)
[0.720s] -- Found ament_cmake_ros: 0.10.0 (/opt/ros/humble/share/ament_cmake_ros/cmake)
[0.937s] -- Using all available rosidl_typesupport_c: rosidl_typesupport_fastrtps_c;rosidl_typesupport_introspection_c
[1.013s] -- Using all available rosidl_typesupport_cpp: rosidl_typesupport_fastrtps_cpp;rosidl_typesupport_introspection_cpp
[1.027s] -- Found PythonInterp: /usr/bin/python3 (found suitable version "3.10.6", minimum required is "3.6") 
[1.028s] -- Found python_cmake_module: 0.10.0 (/opt/ros/humble/share/python_cmake_module/cmake)
[1.047s] -- Found PythonLibs: /usr/lib/x86_64-linux-gnu/libpython3.10.so (found suitable version "3.10.6", minimum required is "3.5") 
[1.048s] -- Using PYTHON_EXECUTABLE: /usr/bin/python3
[1.048s] -- Using PYTHON_INCLUDE_DIRS: /usr/include/python3.10
[1.048s] -- Using PYTHON_LIBRARIES: /usr/lib/x86_64-linux-gnu/libpython3.10.so
[1.062s] -- Found PythonExtra: .so  
[1.084s] -- Configuring done
[1.100s] -- Generating done
[1.101s] -- Build files have been written to: /home/hsm/ros2_ws/build/dynamixel_sdk_custom_interfaces
[1.106s] Invoked command in '/home/hsm/ros2_ws/build/dynamixel_sdk_custom_interfaces' returned '0': CMAKE_PREFIX_PATH=/opt/ros/humble /usr/bin/cmake /home/hsm/ros2_ws/src/DynamixelSDK/dynamixel_sdk_custom_interfaces -DCMAKE_INSTALL_PREFIX=/home/hsm/ros2_ws/install/dynamixel_sdk_custom_interfaces
[1.107s] Invoking command in '/home/hsm/ros2_ws/build/dynamixel_sdk_custom_interfaces': CMAKE_PREFIX_PATH=/opt/ros/humble /usr/bin/cmake --build /home/hsm/ros2_ws/build/dynamixel_sdk_custom_interfaces -- -j16 -l16
[1.130s] [  2%] [34m[1mGenerating C code for ROS interfaces[0m
[1.135s] [  5%] [34m[1mGenerating C++ code for ROS interfaces[0m
[1.140s] [  5%] Built target ament_cmake_python_copy_dynamixel_sdk_custom_interfaces
[1.289s] running egg_info
[1.289s] creating dynamixel_sdk_custom_interfaces.egg-info
[1.290s] writing dynamixel_sdk_custom_interfaces.egg-info/PKG-INFO
[1.290s] writing dependency_links to dynamixel_sdk_custom_interfaces.egg-info/dependency_links.txt
[1.290s] writing top-level names to dynamixel_sdk_custom_interfaces.egg-info/top_level.txt
[1.290s] writing manifest file 'dynamixel_sdk_custom_interfaces.egg-info/SOURCES.txt'
[1.291s] reading manifest file 'dynamixel_sdk_custom_interfaces.egg-info/SOURCES.txt'
[1.291s] writing manifest file 'dynamixel_sdk_custom_interfaces.egg-info/SOURCES.txt'
[1.309s] [  5%] Built target ament_cmake_python_build_dynamixel_sdk_custom_interfaces_egg
[1.342s] [  5%] Built target dynamixel_sdk_custom_interfaces__cpp
[1.347s] [  7%] [34m[1mGenerating C++ type support dispatch for ROS interfaces[0m
[1.347s] [ 10%] [34m[1mGenerating C++ type support for eProsima Fast-RTPS[0m
[1.347s] [ 12%] [34m[1mGenerating C++ introspection for ROS interfaces[0m
[1.351s] [ 15%] [32mBuilding C object CMakeFiles/dynamixel_sdk_custom_interfaces__rosidl_generator_c.dir/rosidl_generator_c/dynamixel_sdk_custom_interfaces/msg/detail/set_position__functions.c.o[0m
[1.352s] [ 17%] [32mBuilding C object CMakeFiles/dynamixel_sdk_custom_interfaces__rosidl_generator_c.dir/rosidl_generator_c/dynamixel_sdk_custom_interfaces/srv/detail/get_position__functions.c.o[0m
[1.398s] [ 20%] [32m[1mLinking C shared library libdynamixel_sdk_custom_interfaces__rosidl_generator_c.so[0m
[1.421s] [ 20%] Built target dynamixel_sdk_custom_interfaces__rosidl_generator_c
[1.428s] [ 23%] [34m[1mGenerating C introspection for ROS interfaces[0m
[1.430s] [ 28%] [34m[1mGenerating C type support for eProsima Fast-RTPS[0m
[1.430s] [ 28%] [34m[1mGenerating C type support dispatch for ROS interfaces[0m
[1.530s] [ 30%] [32mBuilding CXX object CMakeFiles/dynamixel_sdk_custom_interfaces__rosidl_typesupport_cpp.dir/rosidl_typesupport_cpp/dynamixel_sdk_custom_interfaces/msg/set_position__type_support.cpp.o[0m
[1.532s] [ 33%] [32mBuilding CXX object CMakeFiles/dynamixel_sdk_custom_interfaces__rosidl_typesupport_cpp.dir/rosidl_typesupport_cpp/dynamixel_sdk_custom_interfaces/srv/get_position__type_support.cpp.o[0m
[1.551s] [ 38%] [32mBuilding CXX object CMakeFiles/dynamixel_sdk_custom_interfaces__rosidl_typesupport_introspection_cpp.dir/rosidl_typesupport_introspection_cpp/dynamixel_sdk_custom_interfaces/srv/detail/get_position__type_support.cpp.o[0m
[1.551s] [ 38%] [32mBuilding CXX object CMakeFiles/dynamixel_sdk_custom_interfaces__rosidl_typesupport_introspection_cpp.dir/rosidl_typesupport_introspection_cpp/dynamixel_sdk_custom_interfaces/msg/detail/set_position__type_support.cpp.o[0m
[1.555s] [ 41%] [32mBuilding CXX object CMakeFiles/dynamixel_sdk_custom_interfaces__rosidl_typesupport_fastrtps_cpp.dir/rosidl_typesupport_fastrtps_cpp/dynamixel_sdk_custom_interfaces/msg/detail/dds_fastrtps/set_position__type_support.cpp.o[0m
[1.558s] [ 43%] [32mBuilding CXX object CMakeFiles/dynamixel_sdk_custom_interfaces__rosidl_typesupport_fastrtps_cpp.dir/rosidl_typesupport_fastrtps_cpp/dynamixel_sdk_custom_interfaces/srv/detail/dds_fastrtps/get_position__type_support.cpp.o[0m
[1.659s] [ 48%] [32mBuilding CXX object CMakeFiles/dynamixel_sdk_custom_interfaces__rosidl_typesupport_c.dir/rosidl_typesupport_c/dynamixel_sdk_custom_interfaces/msg/set_position__type_support.cpp.o[0m
[1.659s] [ 48%] [32mBuilding CXX object CMakeFiles/dynamixel_sdk_custom_interfaces__rosidl_typesupport_c.dir/rosidl_typesupport_c/dynamixel_sdk_custom_interfaces/srv/get_position__type_support.cpp.o[0m
[1.687s] [ 51%] [32m[1mLinking CXX shared library libdynamixel_sdk_custom_interfaces__rosidl_typesupport_c.so[0m
[1.715s] [ 53%] [32m[1mLinking CXX shared library libdynamixel_sdk_custom_interfaces__rosidl_typesupport_cpp.so[0m
[1.723s] [ 53%] Built target dynamixel_sdk_custom_interfaces__rosidl_typesupport_c
[1.744s] [ 53%] Built target dynamixel_sdk_custom_interfaces__rosidl_typesupport_cpp
[1.754s] [ 56%] [32mBuilding C object CMakeFiles/dynamixel_sdk_custom_interfaces__rosidl_typesupport_introspection_c.dir/rosidl_typesupport_introspection_c/dynamixel_sdk_custom_interfaces/msg/detail/set_position__type_support.c.o[0m
[1.756s] [ 58%] [32mBuilding C object CMakeFiles/dynamixel_sdk_custom_interfaces__rosidl_typesupport_introspection_c.dir/rosidl_typesupport_introspection_c/dynamixel_sdk_custom_interfaces/srv/detail/get_position__type_support.c.o[0m
[1.771s] [ 61%] [32mBuilding CXX object CMakeFiles/dynamixel_sdk_custom_interfaces__rosidl_typesupport_fastrtps_c.dir/rosidl_typesupport_fastrtps_c/dynamixel_sdk_custom_interfaces/msg/detail/set_position__type_support_c.cpp.o[0m
[1.772s] [ 64%] [32mBuilding CXX object CMakeFiles/dynamixel_sdk_custom_interfaces__rosidl_typesupport_fastrtps_c.dir/rosidl_typesupport_fastrtps_c/dynamixel_sdk_custom_interfaces/srv/detail/get_position__type_support_c.cpp.o[0m
[1.784s] [ 66%] [32m[1mLinking C shared library libdynamixel_sdk_custom_interfaces__rosidl_typesupport_introspection_c.so[0m
[1.785s] [ 69%] [32m[1mLinking CXX shared library libdynamixel_sdk_custom_interfaces__rosidl_typesupport_introspection_cpp.so[0m
[1.801s] [ 69%] Built target dynamixel_sdk_custom_interfaces__rosidl_typesupport_introspection_c
[1.810s] [ 69%] Built target dynamixel_sdk_custom_interfaces__rosidl_typesupport_introspection_cpp
[1.885s] [ 71%] [32m[1mLinking CXX shared library libdynamixel_sdk_custom_interfaces__rosidl_typesupport_fastrtps_cpp.so[0m
[1.930s] [ 71%] Built target dynamixel_sdk_custom_interfaces__rosidl_typesupport_fastrtps_cpp
[1.966s] [ 74%] [32m[1mLinking CXX shared library libdynamixel_sdk_custom_interfaces__rosidl_typesupport_fastrtps_c.so[0m
[2.007s] [ 74%] Built target dynamixel_sdk_custom_interfaces__rosidl_typesupport_fastrtps_c
[2.017s] [ 74%] Built target dynamixel_sdk_custom_interfaces
[2.026s] [ 76%] [34m[1mGenerating Python code for ROS interfaces[0m
[2.280s] [ 76%] Built target dynamixel_sdk_custom_interfaces__py
[2.290s] [ 82%] [32mBuilding C object CMakeFiles/dynamixel_sdk_custom_interfaces__rosidl_generator_py.dir/rosidl_generator_py/dynamixel_sdk_custom_interfaces/msg/_set_position_s.c.o[0m
[2.290s] [ 82%] [32mBuilding C object CMakeFiles/dynamixel_sdk_custom_interfaces__rosidl_generator_py.dir/rosidl_generator_py/dynamixel_sdk_custom_interfaces/srv/_get_position_s.c.o[0m
[2.354s] [ 84%] [32m[1mLinking C shared library rosidl_generator_py/dynamixel_sdk_custom_interfaces/libdynamixel_sdk_custom_interfaces__rosidl_generator_py.so[0m
[2.375s] [ 84%] Built target dynamixel_sdk_custom_interfaces__rosidl_generator_py
[2.387s] [ 89%] [32mBuilding C object CMakeFiles/dynamixel_sdk_custom_interfaces__rosidl_typesupport_introspection_c__pyext.dir/rosidl_generator_py/dynamixel_sdk_custom_interfaces/_dynamixel_sdk_custom_interfaces_s.ep.rosidl_typesupport_introspection_c.c.o[0m
[2.387s] [ 89%] [32mBuilding C object CMakeFiles/dynamixel_sdk_custom_interfaces__rosidl_typesupport_fastrtps_c__pyext.dir/rosidl_generator_py/dynamixel_sdk_custom_interfaces/_dynamixel_sdk_custom_interfaces_s.ep.rosidl_typesupport_fastrtps_c.c.o[0m
[2.387s] [ 92%] [32mBuilding C object CMakeFiles/dynamixel_sdk_custom_interfaces__rosidl_typesupport_c__pyext.dir/rosidl_generator_py/dynamixel_sdk_custom_interfaces/_dynamixel_sdk_custom_interfaces_s.ep.rosidl_typesupport_c.c.o[0m
[2.444s] [100%] [32m[1mLinking C shared library rosidl_generator_py/dynamixel_sdk_custom_interfaces/dynamixel_sdk_custom_interfaces_s__rosidl_typesupport_c.cpython-310-x86_64-linux-gnu.so[0m
[2.444s] [100%] [32m[1mLinking C shared library rosidl_generator_py/dynamixel_sdk_custom_interfaces/dynamixel_sdk_custom_interfaces_s__rosidl_typesupport_introspection_c.cpython-310-x86_64-linux-gnu.so[0m
[2.444s] [100%] [32m[1mLinking C shared library rosidl_generator_py/dynamixel_sdk_custom_interfaces/dynamixel_sdk_custom_interfaces_s__rosidl_typesupport_fastrtps_c.cpython-310-x86_64-linux-gnu.so[0m
[2.464s] [100%] Built target dynamixel_sdk_custom_interfaces__rosidl_typesupport_fastrtps_c__pyext
[2.464s] [100%] Built target dynamixel_sdk_custom_interfaces__rosidl_typesupport_c__pyext
[2.464s] [100%] Built target dynamixel_sdk_custom_interfaces__rosidl_typesupport_introspection_c__pyext
[2.470s] Invoked command in '/home/hsm/ros2_ws/build/dynamixel_sdk_custom_interfaces' returned '0': CMAKE_PREFIX_PATH=/opt/ros/humble /usr/bin/cmake --build /home/hsm/ros2_ws/build/dynamixel_sdk_custom_interfaces -- -j16 -l16
[2.503s] Invoking command in '/home/hsm/ros2_ws/build/dynamixel_sdk_custom_interfaces': CMAKE_PREFIX_PATH=/opt/ros/humble /usr/bin/cmake --install /home/hsm/ros2_ws/build/dynamixel_sdk_custom_interfaces
[2.507s] -- Install configuration: ""
[2.507s] -- Installing: /home/hsm/ros2_ws/install/dynamixel_sdk_custom_interfaces/share/ament_index/resource_index/rosidl_interfaces/dynamixel_sdk_custom_interfaces
[2.507s] -- Installing: /home/hsm/ros2_ws/install/dynamixel_sdk_custom_interfaces/include/dynamixel_sdk_custom_interfaces/dynamixel_sdk_custom_interfaces
[2.507s] -- Installing: /home/hsm/ros2_ws/install/dynamixel_sdk_custom_interfaces/include/dynamixel_sdk_custom_interfaces/dynamixel_sdk_custom_interfaces/srv
[2.507s] -- Installing: /home/hsm/ros2_ws/install/dynamixel_sdk_custom_interfaces/include/dynamixel_sdk_custom_interfaces/dynamixel_sdk_custom_interfaces/srv/detail
[2.508s] -- Installing: /home/hsm/ros2_ws/install/dynamixel_sdk_custom_interfaces/include/dynamixel_sdk_custom_interfaces/dynamixel_sdk_custom_interfaces/srv/detail/get_position__type_support.h
[2.508s] -- Installing: /home/hsm/ros2_ws/install/dynamixel_sdk_custom_interfaces/include/dynamixel_sdk_custom_interfaces/dynamixel_sdk_custom_interfaces/srv/detail/get_position__functions.c
[2.508s] -- Installing: /home/hsm/ros2_ws/install/dynamixel_sdk_custom_interfaces/include/dynamixel_sdk_custom_interfaces/dynamixel_sdk_custom_interfaces/srv/detail/get_position__struct.h
[2.508s] -- Installing: /home/hsm/ros2_ws/install/dynamixel_sdk_custom_interfaces/include/dynamixel_sdk_custom_interfaces/dynamixel_sdk_custom_interfaces/srv/detail/get_position__functions.h
[2.508s] -- Installing: /home/hsm/ros2_ws/install/dynamixel_sdk_custom_interfaces/include/dynamixel_sdk_custom_interfaces/dynamixel_sdk_custom_interfaces/srv/get_position.h
[2.508s] -- Installing: /home/hsm/ros2_ws/install/dynamixel_sdk_custom_interfaces/include/dynamixel_sdk_custom_interfaces/dynamixel_sdk_custom_interfaces/msg
[2.508s] -- Installing: /home/hsm/ros2_ws/install/dynamixel_sdk_custom_interfaces/include/dynamixel_sdk_custom_interfaces/dynamixel_sdk_custom_interfaces/msg/set_position.h
[2.508s] -- Installing: /home/hsm/ros2_ws/install/dynamixel_sdk_custom_interfaces/include/dynamixel_sdk_custom_interfaces/dynamixel_sdk_custom_interfaces/msg/detail
[2.508s] -- Installing: /home/hsm/ros2_ws/install/dynamixel_sdk_custom_interfaces/include/dynamixel_sdk_custom_interfaces/dynamixel_sdk_custom_interfaces/msg/detail/set_position__functions.c
[2.508s] -- Installing: /home/hsm/ros2_ws/install/dynamixel_sdk_custom_interfaces/include/dynamixel_sdk_custom_interfaces/dynamixel_sdk_custom_interfaces/msg/detail/set_position__functions.h
[2.508s] -- Installing: /home/hsm/ros2_ws/install/dynamixel_sdk_custom_interfaces/include/dynamixel_sdk_custom_interfaces/dynamixel_sdk_custom_interfaces/msg/detail/set_position__type_support.h
[2.508s] -- Installing: /home/hsm/ros2_ws/install/dynamixel_sdk_custom_interfaces/include/dynamixel_sdk_custom_interfaces/dynamixel_sdk_custom_interfaces/msg/detail/set_position__struct.h
[2.509s] -- Installing: /home/hsm/ros2_ws/install/dynamixel_sdk_custom_interfaces/include/dynamixel_sdk_custom_interfaces/dynamixel_sdk_custom_interfaces/msg/rosidl_generator_c__visibility_control.h
[2.509s] -- Installing: /home/hsm/ros2_ws/install/dynamixel_sdk_custom_interfaces/share/dynamixel_sdk_custom_interfaces/environment/library_path.sh
[2.509s] -- Installing: /home/hsm/ros2_ws/install/dynamixel_sdk_custom_interfaces/share/dynamixel_sdk_custom_interfaces/environment/library_path.dsv
[2.509s] -- Installing: /home/hsm/ros2_ws/install/dynamixel_sdk_custom_interfaces/lib/libdynamixel_sdk_custom_interfaces__rosidl_generator_c.so
[2.509s] -- Set runtime path of "/home/hsm/ros2_ws/install/dynamixel_sdk_custom_interfaces/lib/libdynamixel_sdk_custom_interfaces__rosidl_generator_c.so" to ""
[2.509s] -- Up-to-date: /home/hsm/ros2_ws/install/dynamixel_sdk_custom_interfaces/include/dynamixel_sdk_custom_interfaces/dynamixel_sdk_custom_interfaces
[2.509s] -- Up-to-date: /home/hsm/ros2_ws/install/dynamixel_sdk_custom_interfaces/include/dynamixel_sdk_custom_interfaces/dynamixel_sdk_custom_interfaces/srv
[2.509s] -- Up-to-date: /home/hsm/ros2_ws/install/dynamixel_sdk_custom_interfaces/include/dynamixel_sdk_custom_interfaces/dynamixel_sdk_custom_interfaces/srv/detail
[2.509s] -- Installing: /home/hsm/ros2_ws/install/dynamixel_sdk_custom_interfaces/include/dynamixel_sdk_custom_interfaces/dynamixel_sdk_custom_interfaces/srv/detail/get_position__rosidl_typesupport_fastrtps_c.h
[2.509s] -- Up-to-date: /home/hsm/ros2_ws/install/dynamixel_sdk_custom_interfaces/include/dynamixel_sdk_custom_interfaces/dynamixel_sdk_custom_interfaces/msg
[2.509s] -- Up-to-date: /home/hsm/ros2_ws/install/dynamixel_sdk_custom_interfaces/include/dynamixel_sdk_custom_interfaces/dynamixel_sdk_custom_interfaces/msg/detail
[2.509s] -- Installing: /home/hsm/ros2_ws/install/dynamixel_sdk_custom_interfaces/include/dynamixel_sdk_custom_interfaces/dynamixel_sdk_custom_interfaces/msg/detail/set_position__rosidl_typesupport_fastrtps_c.h
[2.509s] -- Installing: /home/hsm/ros2_ws/install/dynamixel_sdk_custom_interfaces/include/dynamixel_sdk_custom_interfaces/dynamixel_sdk_custom_interfaces/msg/rosidl_typesupport_fastrtps_c__visibility_control.h
[2.510s] -- Installing: /home/hsm/ros2_ws/install/dynamixel_sdk_custom_interfaces/lib/libdynamixel_sdk_custom_interfaces__rosidl_typesupport_fastrtps_c.so
[2.510s] -- Set runtime path of "/home/hsm/ros2_ws/install/dynamixel_sdk_custom_interfaces/lib/libdynamixel_sdk_custom_interfaces__rosidl_typesupport_fastrtps_c.so" to ""
[2.510s] -- Up-to-date: /home/hsm/ros2_ws/install/dynamixel_sdk_custom_interfaces/include/dynamixel_sdk_custom_interfaces/dynamixel_sdk_custom_interfaces
[2.510s] -- Up-to-date: /home/hsm/ros2_ws/install/dynamixel_sdk_custom_interfaces/include/dynamixel_sdk_custom_interfaces/dynamixel_sdk_custom_interfaces/srv
[2.510s] -- Up-to-date: /home/hsm/ros2_ws/install/dynamixel_sdk_custom_interfaces/include/dynamixel_sdk_custom_interfaces/dynamixel_sdk_custom_interfaces/srv/detail
[2.510s] -- Installing: /home/hsm/ros2_ws/install/dynamixel_sdk_custom_interfaces/include/dynamixel_sdk_custom_interfaces/dynamixel_sdk_custom_interfaces/srv/detail/get_position__builder.hpp
[2.510s] -- Installing: /home/hsm/ros2_ws/install/dynamixel_sdk_custom_interfaces/include/dynamixel_sdk_custom_interfaces/dynamixel_sdk_custom_interfaces/srv/detail/get_position__struct.hpp
[2.510s] -- Installing: /home/hsm/ros2_ws/install/dynamixel_sdk_custom_interfaces/include/dynamixel_sdk_custom_interfaces/dynamixel_sdk_custom_interfaces/srv/detail/get_position__traits.hpp
[2.510s] -- Installing: /home/hsm/ros2_ws/install/dynamixel_sdk_custom_interfaces/include/dynamixel_sdk_custom_interfaces/dynamixel_sdk_custom_interfaces/srv/get_position.hpp
[2.510s] -- Up-to-date: /home/hsm/ros2_ws/install/dynamixel_sdk_custom_interfaces/include/dynamixel_sdk_custom_interfaces/dynamixel_sdk_custom_interfaces/msg
[2.510s] -- Up-to-date: /home/hsm/ros2_ws/install/dynamixel_sdk_custom_interfaces/include/dynamixel_sdk_custom_interfaces/dynamixel_sdk_custom_interfaces/msg/detail
[2.510s] -- Installing: /home/hsm/ros2_ws/install/dynamixel_sdk_custom_interfaces/include/dynamixel_sdk_custom_interfaces/dynamixel_sdk_custom_interfaces/msg/detail/set_position__struct.hpp
[2.510s] -- Installing: /home/hsm/ros2_ws/install/dynamixel_sdk_custom_interfaces/include/dynamixel_sdk_custom_interfaces/dynamixel_sdk_custom_interfaces/msg/detail/set_position__builder.hpp
[2.510s] -- Installing: /home/hsm/ros2_ws/install/dynamixel_sdk_custom_interfaces/include/dynamixel_sdk_custom_interfaces/dynamixel_sdk_custom_interfaces/msg/detail/set_position__traits.hpp
[2.511s] -- Installing: /home/hsm/ros2_ws/install/dynamixel_sdk_custom_interfaces/include/dynamixel_sdk_custom_interfaces/dynamixel_sdk_custom_interfaces/msg/set_position.hpp
[2.511s] -- Up-to-date: /home/hsm/ros2_ws/install/dynamixel_sdk_custom_interfaces/include/dynamixel_sdk_custom_interfaces/dynamixel_sdk_custom_interfaces
[2.511s] -- Up-to-date: /home/hsm/ros2_ws/install/dynamixel_sdk_custom_interfaces/include/dynamixel_sdk_custom_interfaces/dynamixel_sdk_custom_interfaces/srv
[2.511s] -- Up-to-date: /home/hsm/ros2_ws/install/dynamixel_sdk_custom_interfaces/include/dynamixel_sdk_custom_interfaces/dynamixel_sdk_custom_interfaces/srv/detail
[2.511s] -- Installing: /home/hsm/ros2_ws/install/dynamixel_sdk_custom_interfaces/include/dynamixel_sdk_custom_interfaces/dynamixel_sdk_custom_interfaces/srv/detail/get_position__rosidl_typesupport_fastrtps_cpp.hpp
[2.511s] -- Installing: /home/hsm/ros2_ws/install/dynamixel_sdk_custom_interfaces/include/dynamixel_sdk_custom_interfaces/dynamixel_sdk_custom_interfaces/srv/detail/dds_fastrtps
[2.511s] -- Up-to-date: /home/hsm/ros2_ws/install/dynamixel_sdk_custom_interfaces/include/dynamixel_sdk_custom_interfaces/dynamixel_sdk_custom_interfaces/msg
[2.511s] -- Installing: /home/hsm/ros2_ws/install/dynamixel_sdk_custom_interfaces/include/dynamixel_sdk_custom_interfaces/dynamixel_sdk_custom_interfaces/msg/rosidl_typesupport_fastrtps_cpp__visibility_control.h
[2.511s] -- Up-to-date: /home/hsm/ros2_ws/install/dynamixel_sdk_custom_interfaces/include/dynamixel_sdk_custom_interfaces/dynamixel_sdk_custom_interfaces/msg/detail
[2.511s] -- Installing: /home/hsm/ros2_ws/install/dynamixel_sdk_custom_interfaces/include/dynamixel_sdk_custom_interfaces/dynamixel_sdk_custom_interfaces/msg/detail/set_position__rosidl_typesupport_fastrtps_cpp.hpp
[2.511s] -- Installing: /home/hsm/ros2_ws/install/dynamixel_sdk_custom_interfaces/include/dynamixel_sdk_custom_interfaces/dynamixel_sdk_custom_interfaces/msg/detail/dds_fastrtps
[2.511s] -- Installing: /home/hsm/ros2_ws/install/dynamixel_sdk_custom_interfaces/lib/libdynamixel_sdk_custom_interfaces__rosidl_typesupport_fastrtps_cpp.so
[2.511s] -- Set runtime path of "/home/hsm/ros2_ws/install/dynamixel_sdk_custom_interfaces/lib/libdynamixel_sdk_custom_interfaces__rosidl_typesupport_fastrtps_cpp.so" to ""
[2.511s] -- Up-to-date: /home/hsm/ros2_ws/install/dynamixel_sdk_custom_interfaces/include/dynamixel_sdk_custom_interfaces/dynamixel_sdk_custom_interfaces
[2.511s] -- Up-to-date: /home/hsm/ros2_ws/install/dynamixel_sdk_custom_interfaces/include/dynamixel_sdk_custom_interfaces/dynamixel_sdk_custom_interfaces/srv
[2.511s] -- Up-to-date: /home/hsm/ros2_ws/install/dynamixel_sdk_custom_interfaces/include/dynamixel_sdk_custom_interfaces/dynamixel_sdk_custom_interfaces/srv/detail
[2.511s] -- Installing: /home/hsm/ros2_ws/install/dynamixel_sdk_custom_interfaces/include/dynamixel_sdk_custom_interfaces/dynamixel_sdk_custom_interfaces/srv/detail/get_position__type_support.c
[2.512s] -- Installing: /home/hsm/ros2_ws/install/dynamixel_sdk_custom_interfaces/include/dynamixel_sdk_custom_interfaces/dynamixel_sdk_custom_interfaces/srv/detail/get_position__rosidl_typesupport_introspection_c.h
[2.512s] -- Up-to-date: /home/hsm/ros2_ws/install/dynamixel_sdk_custom_interfaces/include/dynamixel_sdk_custom_interfaces/dynamixel_sdk_custom_interfaces/msg
[2.512s] -- Up-to-date: /home/hsm/ros2_ws/install/dynamixel_sdk_custom_interfaces/include/dynamixel_sdk_custom_interfaces/dynamixel_sdk_custom_interfaces/msg/detail
[2.512s] -- Installing: /home/hsm/ros2_ws/install/dynamixel_sdk_custom_interfaces/include/dynamixel_sdk_custom_interfaces/dynamixel_sdk_custom_interfaces/msg/detail/set_position__type_support.c
[2.512s] -- Installing: /home/hsm/ros2_ws/install/dynamixel_sdk_custom_interfaces/include/dynamixel_sdk_custom_interfaces/dynamixel_sdk_custom_interfaces/msg/detail/set_position__rosidl_typesupport_introspection_c.h
[2.512s] -- Installing: /home/hsm/ros2_ws/install/dynamixel_sdk_custom_interfaces/include/dynamixel_sdk_custom_interfaces/dynamixel_sdk_custom_interfaces/msg/rosidl_typesupport_introspection_c__visibility_control.h
[2.512s] -- Installing: /home/hsm/ros2_ws/install/dynamixel_sdk_custom_interfaces/lib/libdynamixel_sdk_custom_interfaces__rosidl_typesupport_introspection_c.so
[2.512s] -- Set runtime path of "/home/hsm/ros2_ws/install/dynamixel_sdk_custom_interfaces/lib/libdynamixel_sdk_custom_interfaces__rosidl_typesupport_introspection_c.so" to ""
[2.512s] -- Installing: /home/hsm/ros2_ws/install/dynamixel_sdk_custom_interfaces/lib/libdynamixel_sdk_custom_interfaces__rosidl_typesupport_c.so
[2.512s] -- Set runtime path of "/home/hsm/ros2_ws/install/dynamixel_sdk_custom_interfaces/lib/libdynamixel_sdk_custom_interfaces__rosidl_typesupport_c.so" to ""
[2.512s] -- Up-to-date: /home/hsm/ros2_ws/install/dynamixel_sdk_custom_interfaces/include/dynamixel_sdk_custom_interfaces/dynamixel_sdk_custom_interfaces
[2.512s] -- Up-to-date: /home/hsm/ros2_ws/install/dynamixel_sdk_custom_interfaces/include/dynamixel_sdk_custom_interfaces/dynamixel_sdk_custom_interfaces/srv
[2.512s] -- Up-to-date: /home/hsm/ros2_ws/install/dynamixel_sdk_custom_interfaces/include/dynamixel_sdk_custom_interfaces/dynamixel_sdk_custom_interfaces/srv/detail
[2.512s] -- Installing: /home/hsm/ros2_ws/install/dynamixel_sdk_custom_interfaces/include/dynamixel_sdk_custom_interfaces/dynamixel_sdk_custom_interfaces/srv/detail/get_position__rosidl_typesupport_introspection_cpp.hpp
[2.512s] -- Installing: /home/hsm/ros2_ws/install/dynamixel_sdk_custom_interfaces/include/dynamixel_sdk_custom_interfaces/dynamixel_sdk_custom_interfaces/srv/detail/get_position__type_support.cpp
[2.512s] -- Up-to-date: /home/hsm/ros2_ws/install/dynamixel_sdk_custom_interfaces/include/dynamixel_sdk_custom_interfaces/dynamixel_sdk_custom_interfaces/msg
[2.512s] -- Up-to-date: /home/hsm/ros2_ws/install/dynamixel_sdk_custom_interfaces/include/dynamixel_sdk_custom_interfaces/dynamixel_sdk_custom_interfaces/msg/detail
[2.512s] -- Installing: /home/hsm/ros2_ws/install/dynamixel_sdk_custom_interfaces/include/dynamixel_sdk_custom_interfaces/dynamixel_sdk_custom_interfaces/msg/detail/set_position__rosidl_typesupport_introspection_cpp.hpp
[2.513s] -- Installing: /home/hsm/ros2_ws/install/dynamixel_sdk_custom_interfaces/include/dynamixel_sdk_custom_interfaces/dynamixel_sdk_custom_interfaces/msg/detail/set_position__type_support.cpp
[2.513s] -- Installing: /home/hsm/ros2_ws/install/dynamixel_sdk_custom_interfaces/lib/libdynamixel_sdk_custom_interfaces__rosidl_typesupport_introspection_cpp.so
[2.513s] -- Set runtime path of "/home/hsm/ros2_ws/install/dynamixel_sdk_custom_interfaces/lib/libdynamixel_sdk_custom_interfaces__rosidl_typesupport_introspection_cpp.so" to ""
[2.513s] -- Installing: /home/hsm/ros2_ws/install/dynamixel_sdk_custom_interfaces/lib/libdynamixel_sdk_custom_interfaces__rosidl_typesupport_cpp.so
[2.513s] -- Set runtime path of "/home/hsm/ros2_ws/install/dynamixel_sdk_custom_interfaces/lib/libdynamixel_sdk_custom_interfaces__rosidl_typesupport_cpp.so" to ""
[2.513s] -- Installing: /home/hsm/ros2_ws/install/dynamixel_sdk_custom_interfaces/share/dynamixel_sdk_custom_interfaces/environment/pythonpath.sh
[2.513s] -- Installing: /home/hsm/ros2_ws/install/dynamixel_sdk_custom_interfaces/share/dynamixel_sdk_custom_interfaces/environment/pythonpath.dsv
[2.513s] -- Installing: /home/hsm/ros2_ws/install/dynamixel_sdk_custom_interfaces/local/lib/python3.10/dist-packages/dynamixel_sdk_custom_interfaces-3.7.60-py3.10.egg-info
[2.513s] -- Installing: /home/hsm/ros2_ws/install/dynamixel_sdk_custom_interfaces/local/lib/python3.10/dist-packages/dynamixel_sdk_custom_interfaces-3.7.60-py3.10.egg-info/top_level.txt
[2.513s] -- Installing: /home/hsm/ros2_ws/install/dynamixel_sdk_custom_interfaces/local/lib/python3.10/dist-packages/dynamixel_sdk_custom_interfaces-3.7.60-py3.10.egg-info/PKG-INFO
[2.513s] -- Installing: /home/hsm/ros2_ws/install/dynamixel_sdk_custom_interfaces/local/lib/python3.10/dist-packages/dynamixel_sdk_custom_interfaces-3.7.60-py3.10.egg-info/SOURCES.txt
[2.513s] -- Installing: /home/hsm/ros2_ws/install/dynamixel_sdk_custom_interfaces/local/lib/python3.10/dist-packages/dynamixel_sdk_custom_interfaces-3.7.60-py3.10.egg-info/dependency_links.txt
[2.513s] -- Installing: /home/hsm/ros2_ws/install/dynamixel_sdk_custom_interfaces/local/lib/python3.10/dist-packages/dynamixel_sdk_custom_interfaces
[2.513s] -- Installing: /home/hsm/ros2_ws/install/dynamixel_sdk_custom_interfaces/local/lib/python3.10/dist-packages/dynamixel_sdk_custom_interfaces/libdynamixel_sdk_custom_interfaces__rosidl_generator_py.so
[2.513s] -- Installing: /home/hsm/ros2_ws/install/dynamixel_sdk_custom_interfaces/local/lib/python3.10/dist-packages/dynamixel_sdk_custom_interfaces/dynamixel_sdk_custom_interfaces_s__rosidl_typesupport_c.cpython-310-x86_64-linux-gnu.so
[2.513s] -- Installing: /home/hsm/ros2_ws/install/dynamixel_sdk_custom_interfaces/local/lib/python3.10/dist-packages/dynamixel_sdk_custom_interfaces/__init__.py
[2.513s] -- Installing: /home/hsm/ros2_ws/install/dynamixel_sdk_custom_interfaces/local/lib/python3.10/dist-packages/dynamixel_sdk_custom_interfaces/dynamixel_sdk_custom_interfaces_s__rosidl_typesupport_introspection_c.cpython-310-x86_64-linux-gnu.so
[2.513s] -- Installing: /home/hsm/ros2_ws/install/dynamixel_sdk_custom_interfaces/local/lib/python3.10/dist-packages/dynamixel_sdk_custom_interfaces/dynamixel_sdk_custom_interfaces_s__rosidl_typesupport_fastrtps_c.cpython-310-x86_64-linux-gnu.so
[2.513s] -- Installing: /home/hsm/ros2_ws/install/dynamixel_sdk_custom_interfaces/local/lib/python3.10/dist-packages/dynamixel_sdk_custom_interfaces/_dynamixel_sdk_custom_interfaces_s.ep.rosidl_typesupport_fastrtps_c.c
[2.513s] -- Installing: /home/hsm/ros2_ws/install/dynamixel_sdk_custom_interfaces/local/lib/python3.10/dist-packages/dynamixel_sdk_custom_interfaces/srv
[2.513s] -- Installing: /home/hsm/ros2_ws/install/dynamixel_sdk_custom_interfaces/local/lib/python3.10/dist-packages/dynamixel_sdk_custom_interfaces/srv/_get_position.py
[2.513s] -- Installing: /home/hsm/ros2_ws/install/dynamixel_sdk_custom_interfaces/local/lib/python3.10/dist-packages/dynamixel_sdk_custom_interfaces/srv/__init__.py
[2.513s] -- Installing: /home/hsm/ros2_ws/install/dynamixel_sdk_custom_interfaces/local/lib/python3.10/dist-packages/dynamixel_sdk_custom_interfaces/srv/_get_position_s.c
[2.513s] -- Installing: /home/hsm/ros2_ws/install/dynamixel_sdk_custom_interfaces/local/lib/python3.10/dist-packages/dynamixel_sdk_custom_interfaces/_dynamixel_sdk_custom_interfaces_s.ep.rosidl_typesupport_c.c
[2.513s] -- Installing: /home/hsm/ros2_ws/install/dynamixel_sdk_custom_interfaces/local/lib/python3.10/dist-packages/dynamixel_sdk_custom_interfaces/msg
[2.513s] -- Installing: /home/hsm/ros2_ws/install/dynamixel_sdk_custom_interfaces/local/lib/python3.10/dist-packages/dynamixel_sdk_custom_interfaces/msg/_set_position_s.c
[2.513s] -- Installing: /home/hsm/ros2_ws/install/dynamixel_sdk_custom_interfaces/local/lib/python3.10/dist-packages/dynamixel_sdk_custom_interfaces/msg/_set_position.py
[2.513s] -- Installing: /home/hsm/ros2_ws/install/dynamixel_sdk_custom_interfaces/local/lib/python3.10/dist-packages/dynamixel_sdk_custom_interfaces/msg/__init__.py
[2.513s] -- Installing: /home/hsm/ros2_ws/install/dynamixel_sdk_custom_interfaces/local/lib/python3.10/dist-packages/dynamixel_sdk_custom_interfaces/_dynamixel_sdk_custom_interfaces_s.ep.rosidl_typesupport_introspection_c.c
[2.529s] Listing '/home/hsm/ros2_ws/install/dynamixel_sdk_custom_interfaces/local/lib/python3.10/dist-packages/dynamixel_sdk_custom_interfaces'...
[2.529s] Compiling '/home/hsm/ros2_ws/install/dynamixel_sdk_custom_interfaces/local/lib/python3.10/dist-packages/dynamixel_sdk_custom_interfaces/__init__.py'...
[2.529s] Listing '/home/hsm/ros2_ws/install/dynamixel_sdk_custom_interfaces/local/lib/python3.10/dist-packages/dynamixel_sdk_custom_interfaces/msg'...
[2.529s] Compiling '/home/hsm/ros2_ws/install/dynamixel_sdk_custom_interfaces/local/lib/python3.10/dist-packages/dynamixel_sdk_custom_interfaces/msg/__init__.py'...
[2.529s] Compiling '/home/hsm/ros2_ws/install/dynamixel_sdk_custom_interfaces/local/lib/python3.10/dist-packages/dynamixel_sdk_custom_interfaces/msg/_set_position.py'...
[2.530s] Listing '/home/hsm/ros2_ws/install/dynamixel_sdk_custom_interfaces/local/lib/python3.10/dist-packages/dynamixel_sdk_custom_interfaces/srv'...
[2.530s] Compiling '/home/hsm/ros2_ws/install/dynamixel_sdk_custom_interfaces/local/lib/python3.10/dist-packages/dynamixel_sdk_custom_interfaces/srv/__init__.py'...
[2.530s] Compiling '/home/hsm/ros2_ws/install/dynamixel_sdk_custom_interfaces/local/lib/python3.10/dist-packages/dynamixel_sdk_custom_interfaces/srv/_get_position.py'...
[2.532s] -- Installing: /home/hsm/ros2_ws/install/dynamixel_sdk_custom_interfaces/local/lib/python3.10/dist-packages/dynamixel_sdk_custom_interfaces/dynamixel_sdk_custom_interfaces_s__rosidl_typesupport_fastrtps_c.cpython-310-x86_64-linux-gnu.so
[2.532s] -- Set runtime path of "/home/hsm/ros2_ws/install/dynamixel_sdk_custom_interfaces/local/lib/python3.10/dist-packages/dynamixel_sdk_custom_interfaces/dynamixel_sdk_custom_interfaces_s__rosidl_typesupport_fastrtps_c.cpython-310-x86_64-linux-gnu.so" to ""
[2.532s] -- Installing: /home/hsm/ros2_ws/install/dynamixel_sdk_custom_interfaces/local/lib/python3.10/dist-packages/dynamixel_sdk_custom_interfaces/dynamixel_sdk_custom_interfaces_s__rosidl_typesupport_introspection_c.cpython-310-x86_64-linux-gnu.so
[2.532s] -- Set runtime path of "/home/hsm/ros2_ws/install/dynamixel_sdk_custom_interfaces/local/lib/python3.10/dist-packages/dynamixel_sdk_custom_interfaces/dynamixel_sdk_custom_interfaces_s__rosidl_typesupport_introspection_c.cpython-310-x86_64-linux-gnu.so" to ""
[2.532s] -- Installing: /home/hsm/ros2_ws/install/dynamixel_sdk_custom_interfaces/local/lib/python3.10/dist-packages/dynamixel_sdk_custom_interfaces/dynamixel_sdk_custom_interfaces_s__rosidl_typesupport_c.cpython-310-x86_64-linux-gnu.so
[2.532s] -- Set runtime path of "/home/hsm/ros2_ws/install/dynamixel_sdk_custom_interfaces/local/lib/python3.10/dist-packages/dynamixel_sdk_custom_interfaces/dynamixel_sdk_custom_interfaces_s__rosidl_typesupport_c.cpython-310-x86_64-linux-gnu.so" to ""
[2.532s] -- Installing: /home/hsm/ros2_ws/install/dynamixel_sdk_custom_interfaces/lib/libdynamixel_sdk_custom_interfaces__rosidl_generator_py.so
[2.532s] -- Set runtime path of "/home/hsm/ros2_ws/install/dynamixel_sdk_custom_interfaces/lib/libdynamixel_sdk_custom_interfaces__rosidl_generator_py.so" to ""
[2.532s] -- Installing: /home/hsm/ros2_ws/install/dynamixel_sdk_custom_interfaces/share/dynamixel_sdk_custom_interfaces/msg/SetPosition.idl
[2.532s] -- Installing: /home/hsm/ros2_ws/install/dynamixel_sdk_custom_interfaces/share/dynamixel_sdk_custom_interfaces/srv/GetPosition.idl
[2.533s] -- Installing: /home/hsm/ros2_ws/install/dynamixel_sdk_custom_interfaces/share/dynamixel_sdk_custom_interfaces/msg/SetPosition.msg
[2.533s] -- Installing: /home/hsm/ros2_ws/install/dynamixel_sdk_custom_interfaces/share/dynamixel_sdk_custom_interfaces/srv/GetPosition.srv
[2.533s] -- Installing: /home/hsm/ros2_ws/install/dynamixel_sdk_custom_interfaces/share/dynamixel_sdk_custom_interfaces/srv/GetPosition_Request.msg
[2.533s] -- Installing: /home/hsm/ros2_ws/install/dynamixel_sdk_custom_interfaces/share/dynamixel_sdk_custom_interfaces/srv/GetPosition_Response.msg
[2.533s] -- Installing: /home/hsm/ros2_ws/install/dynamixel_sdk_custom_interfaces/share/ament_index/resource_index/package_run_dependencies/dynamixel_sdk_custom_interfaces
[2.533s] -- Installing: /home/hsm/ros2_ws/install/dynamixel_sdk_custom_interfaces/share/ament_index/resource_index/parent_prefix_path/dynamixel_sdk_custom_interfaces
[2.533s] -- Installing: /home/hsm/ros2_ws/install/dynamixel_sdk_custom_interfaces/share/dynamixel_sdk_custom_interfaces/environment/ament_prefix_path.sh
[2.533s] -- Installing: /home/hsm/ros2_ws/install/dynamixel_sdk_custom_interfaces/share/dynamixel_sdk_custom_interfaces/environment/ament_prefix_path.dsv
[2.533s] -- Installing: /home/hsm/ros2_ws/install/dynamixel_sdk_custom_interfaces/share/dynamixel_sdk_custom_interfaces/environment/path.sh
[2.533s] -- Installing: /home/hsm/ros2_ws/install/dynamixel_sdk_custom_interfaces/share/dynamixel_sdk_custom_interfaces/environment/path.dsv
[2.533s] -- Installing: /home/hsm/ros2_ws/install/dynamixel_sdk_custom_interfaces/share/dynamixel_sdk_custom_interfaces/local_setup.bash
[2.533s] -- Installing: /home/hsm/ros2_ws/install/dynamixel_sdk_custom_interfaces/share/dynamixel_sdk_custom_interfaces/local_setup.sh
[2.533s] -- Installing: /home/hsm/ros2_ws/install/dynamixel_sdk_custom_interfaces/share/dynamixel_sdk_custom_interfaces/local_setup.zsh
[2.533s] -- Installing: /home/hsm/ros2_ws/install/dynamixel_sdk_custom_interfaces/share/dynamixel_sdk_custom_interfaces/local_setup.dsv
[2.533s] -- Installing: /home/hsm/ros2_ws/install/dynamixel_sdk_custom_interfaces/share/dynamixel_sdk_custom_interfaces/package.dsv
[2.533s] -- Installing: /home/hsm/ros2_ws/install/dynamixel_sdk_custom_interfaces/share/ament_index/resource_index/packages/dynamixel_sdk_custom_interfaces
[2.533s] -- Installing: /home/hsm/ros2_ws/install/dynamixel_sdk_custom_interfaces/share/dynamixel_sdk_custom_interfaces/cmake/export_dynamixel_sdk_custom_interfaces__rosidl_generator_cExport.cmake
[2.533s] -- Installing: /home/hsm/ros2_ws/install/dynamixel_sdk_custom_interfaces/share/dynamixel_sdk_custom_interfaces/cmake/export_dynamixel_sdk_custom_interfaces__rosidl_generator_cExport-noconfig.cmake
[2.533s] -- Installing: /home/hsm/ros2_ws/install/dynamixel_sdk_custom_interfaces/share/dynamixel_sdk_custom_interfaces/cmake/export_dynamixel_sdk_custom_interfaces__rosidl_typesupport_fastrtps_cExport.cmake
[2.533s] -- Installing: /home/hsm/ros2_ws/install/dynamixel_sdk_custom_interfaces/share/dynamixel_sdk_custom_interfaces/cmake/export_dynamixel_sdk_custom_interfaces__rosidl_typesupport_fastrtps_cExport-noconfig.cmake
[2.533s] -- Installing: /home/hsm/ros2_ws/install/dynamixel_sdk_custom_interfaces/share/dynamixel_sdk_custom_interfaces/cmake/export_dynamixel_sdk_custom_interfaces__rosidl_generator_cppExport.cmake
[2.534s] -- Installing: /home/hsm/ros2_ws/install/dynamixel_sdk_custom_interfaces/share/dynamixel_sdk_custom_interfaces/cmake/export_dynamixel_sdk_custom_interfaces__rosidl_typesupport_fastrtps_cppExport.cmake
[2.534s] -- Installing: /home/hsm/ros2_ws/install/dynamixel_sdk_custom_interfaces/share/dynamixel_sdk_custom_interfaces/cmake/export_dynamixel_sdk_custom_interfaces__rosidl_typesupport_fastrtps_cppExport-noconfig.cmake
[2.534s] -- Installing: /home/hsm/ros2_ws/install/dynamixel_sdk_custom_interfaces/share/dynamixel_sdk_custom_interfaces/cmake/dynamixel_sdk_custom_interfaces__rosidl_typesupport_introspection_cExport.cmake
[2.534s] -- Installing: /home/hsm/ros2_ws/install/dynamixel_sdk_custom_interfaces/share/dynamixel_sdk_custom_interfaces/cmake/dynamixel_sdk_custom_interfaces__rosidl_typesupport_introspection_cExport-noconfig.cmake
[2.534s] -- Installing: /home/hsm/ros2_ws/install/dynamixel_sdk_custom_interfaces/share/dynamixel_sdk_custom_interfaces/cmake/dynamixel_sdk_custom_interfaces__rosidl_typesupport_cExport.cmake
[2.534s] -- Installing: /home/hsm/ros2_ws/install/dynamixel_sdk_custom_interfaces/share/dynamixel_sdk_custom_interfaces/cmake/dynamixel_sdk_custom_interfaces__rosidl_typesupport_cExport-noconfig.cmake
[2.534s] -- Installing: /home/hsm/ros2_ws/install/dynamixel_sdk_custom_interfaces/share/dynamixel_sdk_custom_interfaces/cmake/dynamixel_sdk_custom_interfaces__rosidl_typesupport_introspection_cppExport.cmake
[2.534s] -- Installing: /home/hsm/ros2_ws/install/dynamixel_sdk_custom_interfaces/share/dynamixel_sdk_custom_interfaces/cmake/dynamixel_sdk_custom_interfaces__rosidl_typesupport_introspection_cppExport-noconfig.cmake
[2.534s] -- Installing: /home/hsm/ros2_ws/install/dynamixel_sdk_custom_interfaces/share/dynamixel_sdk_custom_interfaces/cmake/dynamixel_sdk_custom_interfaces__rosidl_typesupport_cppExport.cmake
[2.534s] -- Installing: /home/hsm/ros2_ws/install/dynamixel_sdk_custom_interfaces/share/dynamixel_sdk_custom_interfaces/cmake/dynamixel_sdk_custom_interfaces__rosidl_typesupport_cppExport-noconfig.cmake
[2.534s] -- Installing: /home/hsm/ros2_ws/install/dynamixel_sdk_custom_interfaces/share/dynamixel_sdk_custom_interfaces/cmake/export_dynamixel_sdk_custom_interfaces__rosidl_generator_pyExport.cmake
[2.534s] -- Installing: /home/hsm/ros2_ws/install/dynamixel_sdk_custom_interfaces/share/dynamixel_sdk_custom_interfaces/cmake/export_dynamixel_sdk_custom_interfaces__rosidl_generator_pyExport-noconfig.cmake
[2.534s] -- Installing: /home/hsm/ros2_ws/install/dynamixel_sdk_custom_interfaces/share/dynamixel_sdk_custom_interfaces/cmake/rosidl_cmake-extras.cmake
[2.534s] -- Installing: /home/hsm/ros2_ws/install/dynamixel_sdk_custom_interfaces/share/dynamixel_sdk_custom_interfaces/cmake/ament_cmake_export_dependencies-extras.cmake
[2.534s] -- Installing: /home/hsm/ros2_ws/install/dynamixel_sdk_custom_interfaces/share/dynamixel_sdk_custom_interfaces/cmake/ament_cmake_export_include_directories-extras.cmake
[2.534s] -- Installing: /home/hsm/ros2_ws/install/dynamixel_sdk_custom_interfaces/share/dynamixel_sdk_custom_interfaces/cmake/ament_cmake_export_libraries-extras.cmake
[2.534s] -- Installing: /home/hsm/ros2_ws/install/dynamixel_sdk_custom_interfaces/share/dynamixel_sdk_custom_interfaces/cmake/ament_cmake_export_targets-extras.cmake
[2.534s] -- Installing: /home/hsm/ros2_ws/install/dynamixel_sdk_custom_interfaces/share/dynamixel_sdk_custom_interfaces/cmake/rosidl_cmake_export_typesupport_targets-extras.cmake
[2.534s] -- Installing: /home/hsm/ros2_ws/install/dynamixel_sdk_custom_interfaces/share/dynamixel_sdk_custom_interfaces/cmake/rosidl_cmake_export_typesupport_libraries-extras.cmake
[2.534s] -- Installing: /home/hsm/ros2_ws/install/dynamixel_sdk_custom_interfaces/share/dynamixel_sdk_custom_interfaces/cmake/dynamixel_sdk_custom_interfacesConfig.cmake
[2.534s] -- Installing: /home/hsm/ros2_ws/install/dynamixel_sdk_custom_interfaces/share/dynamixel_sdk_custom_interfaces/cmake/dynamixel_sdk_custom_interfacesConfig-version.cmake
[2.534s] -- Installing: /home/hsm/ros2_ws/install/dynamixel_sdk_custom_interfaces/share/dynamixel_sdk_custom_interfaces/package.xml
[2.536s] Invoked command in '/home/hsm/ros2_ws/build/dynamixel_sdk_custom_interfaces' returned '0': CMAKE_PREFIX_PATH=/opt/ros/humble /usr/bin/cmake --install /home/hsm/ros2_ws/build/dynamixel_sdk_custom_interfaces
