[0.009s] Invoking command in '/home/hsm/ros2_ws/build/realsense2_camera': AMENT_PREFIX_PATH=/home/hsm/ros2_ws/install/realsense2_camera_msgs:${AMENT_PREFIX_PATH} CMAKE_PREFIX_PATH=/home/hsm/ros2_ws/install/realsense2_camera_msgs:/home/hsm/rplidar/install/rplidar_ros:/opt/ros/humble LD_LIBRARY_PATH=/home/hsm/ros2_ws/install/realsense2_camera_msgs/lib:${LD_LIBRARY_PATH} PYTHONPATH=/home/hsm/ros2_ws/install/realsense2_camera_msgs/local/lib/python3.10/dist-packages:${PYTHONPATH} /usr/bin/cmake /home/hsm/ros2_ws/src/realsense-ros/realsense2_camera -DCMAKE_INSTALL_PREFIX=/home/hsm/ros2_ws/install/realsense2_camera
[0.015s] -- Create Release Build.
[0.015s] -- Found ament_cmake: 1.3.3 (/opt/ros/humble/share/ament_cmake/cmake)
[0.099s] -- Found builtin_interfaces: 1.2.1 (/opt/ros/humble/share/builtin_interfaces/cmake)
[0.113s] -- Found rosidl_generator_c: 3.1.4 (/opt/ros/humble/share/rosidl_generator_c/cmake)
[0.114s] -- Found rosidl_adapter: 3.1.4 (/opt/ros/humble/share/rosidl_adapter/cmake)
[0.117s] -- Found rosidl_generator_cpp: 3.1.4 (/opt/ros/humble/share/rosidl_generator_cpp/cmake)
[0.123s] -- Using all available rosidl_typesupport_c: rosidl_typesupport_fastrtps_c;rosidl_typesupport_introspection_c
[0.131s] -- Using all available rosidl_typesupport_cpp: rosidl_typesupport_fastrtps_cpp;rosidl_typesupport_introspection_cpp
[0.139s] -- Found cv_bridge: 3.2.1 (/opt/ros/humble/share/cv_bridge/cmake)
[0.259s] -- Found image_transport: 3.1.5 (/opt/ros/humble/share/image_transport/cmake)
[0.287s] -- Found rmw_implementation_cmake: 6.1.1 (/opt/ros/humble/share/rmw_implementation_cmake/cmake)
[0.288s] -- Found rmw_fastrtps_cpp: 6.2.2 (/opt/ros/humble/share/rmw_fastrtps_cpp/cmake)
[0.356s] -- Using RMW implementation 'rmw_fastrtps_cpp' as default
[0.458s] -- Found rclcpp_components: 16.0.3 (/opt/ros/humble/share/rclcpp_components/cmake)
[0.490s] -- Found realsense2_camera_msgs: 4.51.1 (/home/hsm/ros2_ws/install/realsense2_camera_msgs/share/realsense2_camera_msgs/cmake)
[0.523s] -- Found nav_msgs: 4.2.3 (/opt/ros/humble/share/nav_msgs/cmake)
[0.572s] -- Found tf2_ros: 0.25.2 (/opt/ros/humble/share/tf2_ros/cmake)
[0.724s] -- Found diagnostic_updater: 3.1.0 (/opt/ros/humble/share/diagnostic_updater/cmake)
[0.764s] -- Build for ROS2 Humble
[0.811s] -- Configuring done
[0.821s] -- Generating done
[0.821s] -- Build files have been written to: /home/hsm/ros2_ws/build/realsense2_camera
[0.828s] Invoked command in '/home/hsm/ros2_ws/build/realsense2_camera' returned '0': AMENT_PREFIX_PATH=/home/hsm/ros2_ws/install/realsense2_camera_msgs:${AMENT_PREFIX_PATH} CMAKE_PREFIX_PATH=/home/hsm/ros2_ws/install/realsense2_camera_msgs:/home/hsm/rplidar/install/rplidar_ros:/opt/ros/humble LD_LIBRARY_PATH=/home/hsm/ros2_ws/install/realsense2_camera_msgs/lib:${LD_LIBRARY_PATH} PYTHONPATH=/home/hsm/ros2_ws/install/realsense2_camera_msgs/local/lib/python3.10/dist-packages:${PYTHONPATH} /usr/bin/cmake /home/hsm/ros2_ws/src/realsense-ros/realsense2_camera -DCMAKE_INSTALL_PREFIX=/home/hsm/ros2_ws/install/realsense2_camera
[0.829s] Invoking command in '/home/hsm/ros2_ws/build/realsense2_camera': AMENT_PREFIX_PATH=/home/hsm/ros2_ws/install/realsense2_camera_msgs:${AMENT_PREFIX_PATH} CMAKE_PREFIX_PATH=/home/hsm/ros2_ws/install/realsense2_camera_msgs:/home/hsm/rplidar/install/rplidar_ros:/opt/ros/humble LD_LIBRARY_PATH=/home/hsm/ros2_ws/install/realsense2_camera_msgs/lib:${LD_LIBRARY_PATH} PYTHONPATH=/home/hsm/ros2_ws/install/realsense2_camera_msgs/local/lib/python3.10/dist-packages:${PYTHONPATH} /usr/bin/cmake --build /home/hsm/ros2_ws/build/realsense2_camera -- -j16 -l16
[0.857s] [  6%] [32mBuilding CXX object CMakeFiles/realsense2_camera_node.dir/rclcpp_components/node_main_realsense2_camera_node.cpp.o[0m
[0.857s] [ 13%] [32mBuilding CXX object CMakeFiles/realsense2_camera.dir/src/rs_node_setup.cpp.o[0m
[0.857s] [ 20%] [32mBuilding CXX object CMakeFiles/realsense2_camera.dir/src/realsense_node_factory.cpp.o[0m
[0.857s] [ 26%] [32mBuilding CXX object CMakeFiles/realsense2_camera.dir/src/parameters.cpp.o[0m
[0.859s] [ 33%] [32mBuilding CXX object CMakeFiles/realsense2_camera.dir/src/base_realsense_node.cpp.o[0m
[0.859s] [ 40%] [32mBuilding CXX object CMakeFiles/realsense2_camera.dir/src/ros_sensor.cpp.o[0m
[0.859s] [ 46%] [32mBuilding CXX object CMakeFiles/realsense2_camera.dir/src/ros_utils.cpp.o[0m
[0.859s] [ 53%] [32mBuilding CXX object CMakeFiles/realsense2_camera.dir/src/profile_manager.cpp.o[0m
[0.859s] [ 60%] [32mBuilding CXX object CMakeFiles/realsense2_camera.dir/src/dynamic_params.cpp.o[0m
[0.860s] [ 66%] [32mBuilding CXX object CMakeFiles/realsense2_camera.dir/src/named_filter.cpp.o[0m
[0.860s] [ 73%] [32mBuilding CXX object CMakeFiles/realsense2_camera.dir/src/sensor_params.cpp.o[0m
[0.861s] [ 80%] [32mBuilding CXX object CMakeFiles/realsense2_camera.dir/src/image_publisher.cpp.o[0m
[0.861s] [ 86%] [32mBuilding CXX object CMakeFiles/realsense2_camera.dir/src/ros_param_backend_foxy.cpp.o[0m
[4.104s] [ 93%] [32m[1mLinking CXX executable realsense2_camera_node[0m
[4.243s] [ 93%] Built target realsense2_camera_node
[13.165s] [100%] [32m[1mLinking CXX shared library librealsense2_camera.so[0m
[13.406s] [100%] Built target realsense2_camera
[13.412s] Invoked command in '/home/hsm/ros2_ws/build/realsense2_camera' returned '0': AMENT_PREFIX_PATH=/home/hsm/ros2_ws/install/realsense2_camera_msgs:${AMENT_PREFIX_PATH} CMAKE_PREFIX_PATH=/home/hsm/ros2_ws/install/realsense2_camera_msgs:/home/hsm/rplidar/install/rplidar_ros:/opt/ros/humble LD_LIBRARY_PATH=/home/hsm/ros2_ws/install/realsense2_camera_msgs/lib:${LD_LIBRARY_PATH} PYTHONPATH=/home/hsm/ros2_ws/install/realsense2_camera_msgs/local/lib/python3.10/dist-packages:${PYTHONPATH} /usr/bin/cmake --build /home/hsm/ros2_ws/build/realsense2_camera -- -j16 -l16
[13.439s] Invoking command in '/home/hsm/ros2_ws/build/realsense2_camera': AMENT_PREFIX_PATH=/home/hsm/ros2_ws/install/realsense2_camera_msgs:${AMENT_PREFIX_PATH} CMAKE_PREFIX_PATH=/home/hsm/ros2_ws/install/realsense2_camera_msgs:/home/hsm/rplidar/install/rplidar_ros:/opt/ros/humble LD_LIBRARY_PATH=/home/hsm/ros2_ws/install/realsense2_camera_msgs/lib:${LD_LIBRARY_PATH} PYTHONPATH=/home/hsm/ros2_ws/install/realsense2_camera_msgs/local/lib/python3.10/dist-packages:${PYTHONPATH} /usr/bin/cmake --install /home/hsm/ros2_ws/build/realsense2_camera
[13.443s] -- Install configuration: "Release"
[13.443s] -- Installing: /home/hsm/ros2_ws/install/realsense2_camera/lib/realsense2_camera/realsense2_camera_node
[13.443s] -- Set runtime path of "/home/hsm/ros2_ws/install/realsense2_camera/lib/realsense2_camera/realsense2_camera_node" to ""
[13.443s] -- Installing: /home/hsm/ros2_ws/install/realsense2_camera/lib/librealsense2_camera.so
[13.445s] -- Set runtime path of "/home/hsm/ros2_ws/install/realsense2_camera/lib/librealsense2_camera.so" to ""
[13.445s] -- Installing: /home/hsm/ros2_ws/install/realsense2_camera/include
[13.445s] -- Installing: /home/hsm/ros2_ws/install/realsense2_camera/include/named_filter.h
[13.445s] -- Installing: /home/hsm/ros2_ws/install/realsense2_camera/include/dynamic_params.h
[13.445s] -- Installing: /home/hsm/ros2_ws/install/realsense2_camera/include/constants.h
[13.445s] -- Installing: /home/hsm/ros2_ws/install/realsense2_camera/include/realsense_node_factory.h
[13.445s] -- Installing: /home/hsm/ros2_ws/install/realsense2_camera/include/image_publisher.h
[13.445s] -- Installing: /home/hsm/ros2_ws/install/realsense2_camera/include/sensor_params.h
[13.445s] -- Installing: /home/hsm/ros2_ws/install/realsense2_camera/include/profile_manager.h
[13.445s] -- Installing: /home/hsm/ros2_ws/install/realsense2_camera/include/ros_sensor.h
[13.445s] -- Installing: /home/hsm/ros2_ws/install/realsense2_camera/include/base_realsense_node.h
[13.445s] -- Installing: /home/hsm/ros2_ws/install/realsense2_camera/include/ros_param_backend.h
[13.445s] -- Installing: /home/hsm/ros2_ws/install/realsense2_camera/include/ros_utils.h
[13.445s] -- Installing: /home/hsm/ros2_ws/install/realsense2_camera/share/realsense2_camera/launch
[13.445s] -- Installing: /home/hsm/ros2_ws/install/realsense2_camera/share/realsense2_camera/launch/rs_multi_camera_launch.py
[13.446s] -- Installing: /home/hsm/ros2_ws/install/realsense2_camera/share/realsense2_camera/launch/rs_launch.py
[13.446s] -- Installing: /home/hsm/ros2_ws/install/realsense2_camera/share/realsense2_camera/launch/default.rviz
[13.446s] -- Installing: /home/hsm/ros2_ws/install/realsense2_camera/share/realsense2_camera/launch/rs_intra_process_demo_launch.py
[13.446s] -- Installing: /home/hsm/ros2_ws/install/realsense2_camera/share/realsense2_camera/environment/library_path.sh
[13.446s] -- Installing: /home/hsm/ros2_ws/install/realsense2_camera/share/realsense2_camera/environment/library_path.dsv
[13.446s] -- Installing: /home/hsm/ros2_ws/install/realsense2_camera/share/ament_index/resource_index/package_run_dependencies/realsense2_camera
[13.446s] -- Installing: /home/hsm/ros2_ws/install/realsense2_camera/share/ament_index/resource_index/parent_prefix_path/realsense2_camera
[13.446s] -- Installing: /home/hsm/ros2_ws/install/realsense2_camera/share/realsense2_camera/environment/ament_prefix_path.sh
[13.446s] -- Installing: /home/hsm/ros2_ws/install/realsense2_camera/share/realsense2_camera/environment/ament_prefix_path.dsv
[13.446s] -- Installing: /home/hsm/ros2_ws/install/realsense2_camera/share/realsense2_camera/environment/path.sh
[13.446s] -- Installing: /home/hsm/ros2_ws/install/realsense2_camera/share/realsense2_camera/environment/path.dsv
[13.446s] -- Installing: /home/hsm/ros2_ws/install/realsense2_camera/share/realsense2_camera/local_setup.bash
[13.446s] -- Installing: /home/hsm/ros2_ws/install/realsense2_camera/share/realsense2_camera/local_setup.sh
[13.446s] -- Installing: /home/hsm/ros2_ws/install/realsense2_camera/share/realsense2_camera/local_setup.zsh
[13.447s] -- Installing: /home/hsm/ros2_ws/install/realsense2_camera/share/realsense2_camera/local_setup.dsv
[13.447s] -- Installing: /home/hsm/ros2_ws/install/realsense2_camera/share/realsense2_camera/package.dsv
[13.447s] -- Installing: /home/hsm/ros2_ws/install/realsense2_camera/share/ament_index/resource_index/packages/realsense2_camera
[13.447s] -- Installing: /home/hsm/ros2_ws/install/realsense2_camera/share/ament_index/resource_index/rclcpp_components/realsense2_camera
[13.447s] -- Installing: /home/hsm/ros2_ws/install/realsense2_camera/share/realsense2_camera/cmake/ament_cmake_export_include_directories-extras.cmake
[13.447s] -- Installing: /home/hsm/ros2_ws/install/realsense2_camera/share/realsense2_camera/cmake/ament_cmake_export_libraries-extras.cmake
[13.447s] -- Installing: /home/hsm/ros2_ws/install/realsense2_camera/share/realsense2_camera/cmake/ament_cmake_export_dependencies-extras.cmake
[13.447s] -- Installing: /home/hsm/ros2_ws/install/realsense2_camera/share/realsense2_camera/cmake/realsense2_cameraConfig.cmake
[13.447s] -- Installing: /home/hsm/ros2_ws/install/realsense2_camera/share/realsense2_camera/cmake/realsense2_cameraConfig-version.cmake
[13.447s] -- Installing: /home/hsm/ros2_ws/install/realsense2_camera/share/realsense2_camera/package.xml
[13.450s] Invoked command in '/home/hsm/ros2_ws/build/realsense2_camera' returned '0': AMENT_PREFIX_PATH=/home/hsm/ros2_ws/install/realsense2_camera_msgs:${AMENT_PREFIX_PATH} CMAKE_PREFIX_PATH=/home/hsm/ros2_ws/install/realsense2_camera_msgs:/home/hsm/rplidar/install/rplidar_ros:/opt/ros/humble LD_LIBRARY_PATH=/home/hsm/ros2_ws/install/realsense2_camera_msgs/lib:${LD_LIBRARY_PATH} PYTHONPATH=/home/hsm/ros2_ws/install/realsense2_camera_msgs/local/lib/python3.10/dist-packages:${PYTHONPATH} /usr/bin/cmake --install /home/hsm/ros2_ws/build/realsense2_camera
